  assembler_list.cpp
  basic_list.cpp
  beep.cpp
  bload.cpp
  bsave.cpp
  call.cpp
  circle.cpp
  clear.cpp
  close.cpp
  cls.cpp
  color.cpp
  color_sprite.cpp
  comment.cpp
  copy.cpp
  data.cpp
  defdbl.cpp
  defint.cpp
  defsng.cpp
  defstr.cpp
  defusr.cpp
  コンパイル中...
  dim.cpp
  end.cpp
  erase.cpp
  error.cpp
  field.cpp
  files.cpp
  for.cpp
  get.cpp
  gosub.cpp
  goto.cpp
  if.cpp
  input.cpp
  irandomize.cpp
  key.cpp
  kill.cpp
  let.cpp
  line.cpp
  locate.cpp
  lset.cpp
  mid.cpp
  コンパイル中...
  name.cpp
  next.cpp
  on_goto.cpp
  on_interval.cpp
  on_key.cpp
  on_sprite.cpp
  on_stop.cpp
  on_strig.cpp
  open.cpp
  out.cpp
  paint.cpp
  play.cpp
  poke.cpp
  pokes.cpp
  pokew.cpp
  print.cpp
  pset.cpp
  put.cpp
  put_sprite.cpp
  read.cpp
  コンパイル中...
  restore.cpp
  return.cpp
  run.cpp
  screen.cpp
  setadjust.cpp
  setbeep.cpp
  setpage.cpp
  setprompt.cpp
  setscreen.cpp
  setscroll.cpp
  settitle.cpp
  sound.cpp
  swap.cpp
  vpoke.cpp
  vpokes.cpp
  width.cpp
  compiler.cpp
  expression.cpp
  expression_abs.cpp
  expression_asc.cpp
  コンパイル中...
  expression_atn.cpp
  expression_base.cpp
  expression_bin.cpp
  expression_cdbl.cpp
  expression_chr.cpp
  expression_chrhex.cpp
  expression_cint.cpp
  expression_cos.cpp
  expression_csng.cpp
  expression_csrlin.cpp
  expression_cvd.cpp
  expression_cvi.cpp
  expression_cvs.cpp
  expression_exp.cpp
  expression_fix.cpp
  expression_fre.cpp
  expression_function.cpp
  expression_hex.cpp
  expression_hexchr.cpp
  expression_inkey.cpp
  コンパイル中...
  expression_inp.cpp
  expression_input.cpp
  expression_instr.cpp
  expression_int.cpp
  expression_irnd.cpp
  expression_left.cpp
  expression_len.cpp
  expression_log.cpp
  expression_mid.cpp
  expression_mkd.cpp
  expression_mki.cpp
  expression_mks.cpp
  expression_msxver.cpp
  expression_oct.cpp
  expression_operator_add.cpp
  expression_operator_and.cpp
  expression_operator_div.cpp
  expression_operator_equ.cpp
  expression_operator_eqv.cpp
  expression_operator_ge.cpp
  コンパイル中...
  expression_operator_gt.cpp
  expression_operator_imp.cpp
  expression_operator_intdiv.cpp
  expression_operator_le.cpp
  expression_operator_lt.cpp
  expression_operator_minus.cpp
  expression_operator_mod.cpp
  expression_operator_mul.cpp
  expression_operator_neq.cpp
  expression_operator_not.cpp
  expression_operator_or.cpp
  expression_operator_power.cpp
  expression_operator_sub.cpp
  expression_operator_xor.cpp
  expression_pad.cpp
  expression_peek.cpp
  expression_peeks.cpp
  expression_peekw.cpp
  expression_point.cpp
  expression_right.cpp
  コンパイル中...
  expression_rnd.cpp
  expression_sgn.cpp
  expression_sin.cpp
  expression_space.cpp
  expression_sqr.cpp
  expression_stick.cpp
  expression_str.cpp
  expression_strig.cpp
  expression_string.cpp
  expression_tan.cpp
  expression_term.cpp
  expression_time.cpp
  expression_usr.cpp
  expression_val.cpp
  expression_variable.cpp
  expression_varptr.cpp
  expression_vdp.cpp
  expression_vpeek.cpp
  expression_vpeeks.cpp
  msx_basic_compiler.cpp
  コンパイル中...
  variable_manager.cpp
  コード生成しています。
  250 of 2458 functions (10.2%) were compiled, the rest were copied from previous compilation.
    2 functions were new in current compilation
    88 functions had inline decision re-evaluated but remain unchanged
  コード生成が終了しました。
  msx_basic_compiler.vcxproj -> D:\github\HRA_product\msx_basic_compiler\msx_basic_compiler\Release\msx_bacon.exe
