Z80 Macro Assembler ZMA v1.0.16
=====================================================
Programmed by t.hara

  DEFS is DEFINE STRING (default).
  OUTPUT TYPE: BINARY

<< code >>
LINE# |OFFSET|ADDR|MNEMONIC
======+======+====+==================================
     8|      |    |DB 0xFE
      |000000|0000|  FE
------+------+----+----------------------------------
     9|      |    |DW START_ADDRESS
      |000001|0001|  00 C0
------+------+----+----------------------------------
    10|      |    |DW END_ADDRESS
      |000003|0003|  1C C0
------+------+----+----------------------------------
    11|      |    |DW START_ADDRESS
      |000005|0005|  00 C0
------+------+----+----------------------------------
    14|      |    |FRCINT := 0x2F8A
      |      |    |  Global integer symbol [FRCINT] = 12170 (0x2f8a)
------+------+----+----------------------------------
    15|      |    |DAC := 0xF7F6
      |      |    |  Global integer symbol [DAC] = 63478 (0xf7f6)
------+------+----+----------------------------------
    16|      |    |VALTYP := 0xF663
      |      |    |  Global integer symbol [VALTYP] = 63075 (0xf663)
------+------+----+----------------------------------
    18|      |    |ORG 0xC000
------+------+----+----------------------------------
    19|      |    |START_ADDRESS :
      |      |    |  label [START_ADDRESS] address: 0x00c000
------+------+----+----------------------------------
    20|      |    |LD HL, DBLVAL
      |      |    |  Z80:11cyc R800:3cyc
      |000007|C000|  21 14 C0
------+------+----+----------------------------------
    21|      |    |LD DE, DAC
      |      |    |  Z80:11cyc R800:3cyc
      |00000A|C003|  11 F6 F7
------+------+----+----------------------------------
    22|      |    |LD BC, 8
      |      |    |  Z80:11cyc R800:3cyc
      |00000D|C006|  01 08 00
------+------+----+----------------------------------
    23|      |    |LDIR
      |      |    |  Z80:23cyc/18cyc R800:7cyc
      |000010|C009|  ED B0
------+------+----+----------------------------------
    25|      |    |LD A, 8
      |      |    |  Z80:8cyc R800:2cyc
      |000012|C00B|  3E 08
------+------+----+----------------------------------
    26|      |    |LD [ VALTYP ], A
      |      |    |  Z80:14cyc R800:6cyc
      |000014|C00D|  32 63 F6
------+------+----+----------------------------------
    28|      |    |CALL FRCINT
      |      |    |  Z80:18cyc R800:5cyc
      |000017|C010|  CD 8A 2F
------+------+----+----------------------------------
    29|      |    |RET
      |      |    |  Z80:11cyc R800:5cyc
      |00001A|C013|  C9
------+------+----+----------------------------------
    31|      |    |DBLVAL :
      |      |    |  label [DBLVAL] address: 0x00c014
------+------+----+----------------------------------
    32|      |    |DB 0x00 | 0x45
      |00001B|C014|  45
------+------+----+----------------------------------
    33|      |    |DB 0x99
      |00001C|C015|  99
------+------+----+----------------------------------
    34|      |    |DB 0x99
      |00001D|C016|  99
------+------+----+----------------------------------
    35|      |    |DB 0x99
      |00001E|C017|  99
------+------+----+----------------------------------
    36|      |    |DB 0x99
      |00001F|C018|  99
------+------+----+----------------------------------
    37|      |    |DB 0x99
      |000020|C019|  99
------+------+----+----------------------------------
    38|      |    |DB 0x99
      |000021|C01A|  99
------+------+----+----------------------------------
    39|      |    |DB 0x99
      |000022|C01B|  99
------+------+----+----------------------------------
    40|      |    |END_ADDRESS :
      |      |    |  label [END_ADDRESS] address: 0x00c01c
------+------+----+----------------------------------
<< label >>
DAC ............. 63478 ( 0xf7f6 )
DBLVAL .......... 49172 ( 0xc014 )
END_ADDRESS ..... 49180 ( 0xc01c )
FRCINT .......... 12170 ( 0x2f8a )
START_ADDRESS ... 49152 ( 0xc000 )
VALTYP .......... 63075 ( 0xf663 )
