c:\users\hra\documents\github\hra_product\msx_basic_compiler\msx_basic_compiler\debug\vc142.pdb
c:\users\hra\documents\github\hra_product\msx_basic_compiler\msx_basic_compiler\debug\vc142.idb
c:\users\hra\documents\github\hra_product\msx_basic_compiler\msx_basic_compiler\debug\expression_operator_and.obj
c:\users\hra\documents\github\hra_product\msx_basic_compiler\msx_basic_compiler\debug\expression_operator_add.obj
c:\users\hra\documents\github\hra_product\msx_basic_compiler\msx_basic_compiler\debug\expression_function.obj
c:\users\hra\documents\github\hra_product\msx_basic_compiler\msx_basic_compiler\debug\expression.obj
c:\users\hra\documents\github\hra_product\msx_basic_compiler\msx_basic_compiler\debug\error_list.obj
c:\users\hra\documents\github\hra_product\msx_basic_compiler\msx_basic_compiler\debug\compiler.obj
c:\users\hra\documents\github\hra_product\msx_basic_compiler\msx_basic_compiler\debug\screen.obj
c:\users\hra\documents\github\hra_product\msx_basic_compiler\msx_basic_compiler\debug\return.obj
c:\users\hra\documents\github\hra_product\msx_basic_compiler\msx_basic_compiler\debug\let.obj
c:\users\hra\documents\github\hra_product\msx_basic_compiler\msx_basic_compiler\debug\goto.obj
c:\users\hra\documents\github\hra_product\msx_basic_compiler\msx_basic_compiler\debug\gosub.obj
c:\users\hra\documents\github\hra_product\msx_basic_compiler\msx_basic_compiler\debug\defstr.obj
c:\users\hra\documents\github\hra_product\msx_basic_compiler\msx_basic_compiler\debug\defsng.obj
c:\users\hra\documents\github\hra_product\msx_basic_compiler\msx_basic_compiler\debug\defint.obj
c:\users\hra\documents\github\hra_product\msx_basic_compiler\msx_basic_compiler\debug\defdbl.obj
c:\users\hra\documents\github\hra_product\msx_basic_compiler\msx_basic_compiler\debug\comment.obj
c:\users\hra\documents\github\hra_product\msx_basic_compiler\msx_basic_compiler\debug\cls.obj
c:\users\hra\documents\github\hra_product\msx_basic_compiler\msx_basic_compiler\debug\basic_list.obj
c:\users\hra\documents\github\hra_product\msx_basic_compiler\msx_basic_compiler\debug\assembler_list.obj
c:\users\hra\documents\github\hra_product\msx_basic_compiler\msx_basic_compiler\debug\assembler_line.obj
c:\users\hra\documents\github\hra_product\msx_basic_compiler\msx_basic_compiler\debug\msx_basic_compiler.obj
c:\users\hra\documents\github\hra_product\msx_basic_compiler\msx_basic_compiler\debug\expression_term.obj
c:\users\hra\documents\github\hra_product\msx_basic_compiler\msx_basic_compiler\debug\expression_operator_xor.obj
c:\users\hra\documents\github\hra_product\msx_basic_compiler\msx_basic_compiler\debug\expression_operator_sub.obj
c:\users\hra\documents\github\hra_product\msx_basic_compiler\msx_basic_compiler\debug\expression_operator_power.obj
c:\users\hra\documents\github\hra_product\msx_basic_compiler\msx_basic_compiler\debug\expression_operator_or.obj
c:\users\hra\documents\github\hra_product\msx_basic_compiler\msx_basic_compiler\debug\expression_operator_not.obj
c:\users\hra\documents\github\hra_product\msx_basic_compiler\msx_basic_compiler\debug\expression_operator_neq.obj
c:\users\hra\documents\github\hra_product\msx_basic_compiler\msx_basic_compiler\debug\expression_operator_mul.obj
c:\users\hra\documents\github\hra_product\msx_basic_compiler\msx_basic_compiler\debug\expression_operator_mod.obj
c:\users\hra\documents\github\hra_product\msx_basic_compiler\msx_basic_compiler\debug\expression_operator_minus.obj
c:\users\hra\documents\github\hra_product\msx_basic_compiler\msx_basic_compiler\debug\expression_operator_lt.obj
c:\users\hra\documents\github\hra_product\msx_basic_compiler\msx_basic_compiler\debug\expression_operator_le.obj
c:\users\hra\documents\github\hra_product\msx_basic_compiler\msx_basic_compiler\debug\expression_operator_intdiv.obj
c:\users\hra\documents\github\hra_product\msx_basic_compiler\msx_basic_compiler\debug\expression_operator_imp.obj
c:\users\hra\documents\github\hra_product\msx_basic_compiler\msx_basic_compiler\debug\expression_operator_gt.obj
c:\users\hra\documents\github\hra_product\msx_basic_compiler\msx_basic_compiler\debug\expression_operator_ge.obj
c:\users\hra\documents\github\hra_product\msx_basic_compiler\msx_basic_compiler\debug\expression_operator_eqv.obj
c:\users\hra\documents\github\hra_product\msx_basic_compiler\msx_basic_compiler\debug\expression_operator_equ.obj
c:\users\hra\documents\github\hra_product\msx_basic_compiler\msx_basic_compiler\debug\expression_operator_div.obj
c:\users\hra\documents\github\hra_product\msx_basic_compiler\msx_basic_compiler\debug\variable_manager.obj
c:\users\hra\documents\github\hra_product\msx_basic_compiler\msx_basic_compiler\debug\color.obj
c:\users\hra\documents\github\hra_product\msx_basic_compiler\msx_basic_compiler\debug\msx_basic_compiler.exe
c:\users\hra\documents\github\hra_product\msx_basic_compiler\msx_basic_compiler\debug\msx_basic_compiler.ilk
c:\users\hra\documents\github\hra_product\msx_basic_compiler\msx_basic_compiler\debug\msx_basic_compiler.pdb
c:\users\hra\documents\github\hra_product\msx_basic_compiler\msx_basic_compiler\debug\msx_basi.ea90cff4.tlog\cl.command.1.tlog
c:\users\hra\documents\github\hra_product\msx_basic_compiler\msx_basic_compiler\debug\msx_basi.ea90cff4.tlog\cl.read.1.tlog
c:\users\hra\documents\github\hra_product\msx_basic_compiler\msx_basic_compiler\debug\msx_basi.ea90cff4.tlog\cl.write.1.tlog
c:\users\hra\documents\github\hra_product\msx_basic_compiler\msx_basic_compiler\debug\msx_basi.ea90cff4.tlog\link-cvtres.read.1.tlog
c:\users\hra\documents\github\hra_product\msx_basic_compiler\msx_basic_compiler\debug\msx_basi.ea90cff4.tlog\link-cvtres.write.1.tlog
c:\users\hra\documents\github\hra_product\msx_basic_compiler\msx_basic_compiler\debug\msx_basi.ea90cff4.tlog\link-rc.read.1.tlog
c:\users\hra\documents\github\hra_product\msx_basic_compiler\msx_basic_compiler\debug\msx_basi.ea90cff4.tlog\link-rc.write.1.tlog
c:\users\hra\documents\github\hra_product\msx_basic_compiler\msx_basic_compiler\debug\msx_basi.ea90cff4.tlog\link.1824-cvtres.read.1.tlog
c:\users\hra\documents\github\hra_product\msx_basic_compiler\msx_basic_compiler\debug\msx_basi.ea90cff4.tlog\link.1824-cvtres.write.1.tlog
c:\users\hra\documents\github\hra_product\msx_basic_compiler\msx_basic_compiler\debug\msx_basi.ea90cff4.tlog\link.1824-rc.read.1.tlog
c:\users\hra\documents\github\hra_product\msx_basic_compiler\msx_basic_compiler\debug\msx_basi.ea90cff4.tlog\link.1824-rc.write.1.tlog
c:\users\hra\documents\github\hra_product\msx_basic_compiler\msx_basic_compiler\debug\msx_basi.ea90cff4.tlog\link.1824.read.1.tlog
c:\users\hra\documents\github\hra_product\msx_basic_compiler\msx_basic_compiler\debug\msx_basi.ea90cff4.tlog\link.1824.write.1.tlog
c:\users\hra\documents\github\hra_product\msx_basic_compiler\msx_basic_compiler\debug\msx_basi.ea90cff4.tlog\link.command.1.tlog
c:\users\hra\documents\github\hra_product\msx_basic_compiler\msx_basic_compiler\debug\msx_basi.ea90cff4.tlog\link.read.1.tlog
c:\users\hra\documents\github\hra_product\msx_basic_compiler\msx_basic_compiler\debug\msx_basi.ea90cff4.tlog\link.write.1.tlog
