d:\github\hra_product\msx_basic_compiler\msx_basic_compiler\debug\vc143.pdb
d:\github\hra_product\msx_basic_compiler\msx_basic_compiler\debug\vc143.idb
d:\github\hra_product\msx_basic_compiler\msx_basic_compiler\debug\dim.obj
d:\github\hra_product\msx_basic_compiler\msx_basic_compiler\debug\defusr.obj
d:\github\hra_product\msx_basic_compiler\msx_basic_compiler\debug\defstr.obj
d:\github\hra_product\msx_basic_compiler\msx_basic_compiler\debug\defsng.obj
d:\github\hra_product\msx_basic_compiler\msx_basic_compiler\debug\defint.obj
d:\github\hra_product\msx_basic_compiler\msx_basic_compiler\debug\defdbl.obj
d:\github\hra_product\msx_basic_compiler\msx_basic_compiler\debug\data.obj
d:\github\hra_product\msx_basic_compiler\msx_basic_compiler\debug\copy.obj
d:\github\hra_product\msx_basic_compiler\msx_basic_compiler\debug\comment.obj
d:\github\hra_product\msx_basic_compiler\msx_basic_compiler\debug\color_sprite.obj
d:\github\hra_product\msx_basic_compiler\msx_basic_compiler\debug\color.obj
d:\github\hra_product\msx_basic_compiler\msx_basic_compiler\debug\cls.obj
d:\github\hra_product\msx_basic_compiler\msx_basic_compiler\debug\clear.obj
d:\github\hra_product\msx_basic_compiler\msx_basic_compiler\debug\call.obj
d:\github\hra_product\msx_basic_compiler\msx_basic_compiler\debug\bsave.obj
d:\github\hra_product\msx_basic_compiler\msx_basic_compiler\debug\bload.obj
d:\github\hra_product\msx_basic_compiler\msx_basic_compiler\debug\beep.obj
d:\github\hra_product\msx_basic_compiler\msx_basic_compiler\debug\basic_list.obj
d:\github\hra_product\msx_basic_compiler\msx_basic_compiler\debug\assembler_list.obj
d:\github\hra_product\msx_basic_compiler\msx_basic_compiler\debug\assembler_line.obj
d:\github\hra_product\msx_basic_compiler\msx_basic_compiler\debug\on_goto.obj
d:\github\hra_product\msx_basic_compiler\msx_basic_compiler\debug\next.obj
d:\github\hra_product\msx_basic_compiler\msx_basic_compiler\debug\name.obj
d:\github\hra_product\msx_basic_compiler\msx_basic_compiler\debug\mid.obj
d:\github\hra_product\msx_basic_compiler\msx_basic_compiler\debug\lset.obj
d:\github\hra_product\msx_basic_compiler\msx_basic_compiler\debug\locate.obj
d:\github\hra_product\msx_basic_compiler\msx_basic_compiler\debug\line.obj
d:\github\hra_product\msx_basic_compiler\msx_basic_compiler\debug\let.obj
d:\github\hra_product\msx_basic_compiler\msx_basic_compiler\debug\kill.obj
d:\github\hra_product\msx_basic_compiler\msx_basic_compiler\debug\key.obj
d:\github\hra_product\msx_basic_compiler\msx_basic_compiler\debug\irandomize.obj
d:\github\hra_product\msx_basic_compiler\msx_basic_compiler\debug\input.obj
d:\github\hra_product\msx_basic_compiler\msx_basic_compiler\debug\if.obj
d:\github\hra_product\msx_basic_compiler\msx_basic_compiler\debug\goto.obj
d:\github\hra_product\msx_basic_compiler\msx_basic_compiler\debug\gosub.obj
d:\github\hra_product\msx_basic_compiler\msx_basic_compiler\debug\for.obj
d:\github\hra_product\msx_basic_compiler\msx_basic_compiler\debug\files.obj
d:\github\hra_product\msx_basic_compiler\msx_basic_compiler\debug\error.obj
d:\github\hra_product\msx_basic_compiler\msx_basic_compiler\debug\erase.obj
d:\github\hra_product\msx_basic_compiler\msx_basic_compiler\debug\end.obj
d:\github\hra_product\msx_basic_compiler\msx_basic_compiler\debug\setscroll.obj
d:\github\hra_product\msx_basic_compiler\msx_basic_compiler\debug\setpage.obj
d:\github\hra_product\msx_basic_compiler\msx_basic_compiler\debug\screen.obj
d:\github\hra_product\msx_basic_compiler\msx_basic_compiler\debug\run.obj
d:\github\hra_product\msx_basic_compiler\msx_basic_compiler\debug\return.obj
d:\github\hra_product\msx_basic_compiler\msx_basic_compiler\debug\restore.obj
d:\github\hra_product\msx_basic_compiler\msx_basic_compiler\debug\read.obj
d:\github\hra_product\msx_basic_compiler\msx_basic_compiler\debug\put_sprite.obj
d:\github\hra_product\msx_basic_compiler\msx_basic_compiler\debug\pset.obj
d:\github\hra_product\msx_basic_compiler\msx_basic_compiler\debug\print.obj
d:\github\hra_product\msx_basic_compiler\msx_basic_compiler\debug\pokew.obj
d:\github\hra_product\msx_basic_compiler\msx_basic_compiler\debug\pokes.obj
d:\github\hra_product\msx_basic_compiler\msx_basic_compiler\debug\poke.obj
d:\github\hra_product\msx_basic_compiler\msx_basic_compiler\debug\play.obj
d:\github\hra_product\msx_basic_compiler\msx_basic_compiler\debug\out.obj
d:\github\hra_product\msx_basic_compiler\msx_basic_compiler\debug\on_strig.obj
d:\github\hra_product\msx_basic_compiler\msx_basic_compiler\debug\on_stop.obj
d:\github\hra_product\msx_basic_compiler\msx_basic_compiler\debug\on_sprite.obj
d:\github\hra_product\msx_basic_compiler\msx_basic_compiler\debug\on_key.obj
d:\github\hra_product\msx_basic_compiler\msx_basic_compiler\debug\on_interval.obj
d:\github\hra_product\msx_basic_compiler\msx_basic_compiler\debug\expression_csng.obj
d:\github\hra_product\msx_basic_compiler\msx_basic_compiler\debug\expression_cos.obj
d:\github\hra_product\msx_basic_compiler\msx_basic_compiler\debug\expression_cint.obj
d:\github\hra_product\msx_basic_compiler\msx_basic_compiler\debug\expression_chrhex.obj
d:\github\hra_product\msx_basic_compiler\msx_basic_compiler\debug\expression_chr.obj
d:\github\hra_product\msx_basic_compiler\msx_basic_compiler\debug\expression_cdbl.obj
d:\github\hra_product\msx_basic_compiler\msx_basic_compiler\debug\expression_bin.obj
d:\github\hra_product\msx_basic_compiler\msx_basic_compiler\debug\expression_base.obj
d:\github\hra_product\msx_basic_compiler\msx_basic_compiler\debug\expression_atn.obj
d:\github\hra_product\msx_basic_compiler\msx_basic_compiler\debug\expression_asc.obj
d:\github\hra_product\msx_basic_compiler\msx_basic_compiler\debug\expression_abs.obj
d:\github\hra_product\msx_basic_compiler\msx_basic_compiler\debug\expression.obj
d:\github\hra_product\msx_basic_compiler\msx_basic_compiler\debug\error_list.obj
d:\github\hra_product\msx_basic_compiler\msx_basic_compiler\debug\double_real.obj
d:\github\hra_product\msx_basic_compiler\msx_basic_compiler\debug\compiler.obj
d:\github\hra_product\msx_basic_compiler\msx_basic_compiler\debug\width.obj
d:\github\hra_product\msx_basic_compiler\msx_basic_compiler\debug\vpokes.obj
d:\github\hra_product\msx_basic_compiler\msx_basic_compiler\debug\vpoke.obj
d:\github\hra_product\msx_basic_compiler\msx_basic_compiler\debug\swap.obj
d:\github\hra_product\msx_basic_compiler\msx_basic_compiler\debug\sound.obj
d:\github\hra_product\msx_basic_compiler\msx_basic_compiler\debug\expression_mid.obj
d:\github\hra_product\msx_basic_compiler\msx_basic_compiler\debug\expression_log.obj
d:\github\hra_product\msx_basic_compiler\msx_basic_compiler\debug\expression_len.obj
d:\github\hra_product\msx_basic_compiler\msx_basic_compiler\debug\expression_left.obj
d:\github\hra_product\msx_basic_compiler\msx_basic_compiler\debug\expression_irnd.obj
d:\github\hra_product\msx_basic_compiler\msx_basic_compiler\debug\expression_int.obj
d:\github\hra_product\msx_basic_compiler\msx_basic_compiler\debug\expression_instr.obj
d:\github\hra_product\msx_basic_compiler\msx_basic_compiler\debug\expression_input.obj
d:\github\hra_product\msx_basic_compiler\msx_basic_compiler\debug\expression_inp.obj
d:\github\hra_product\msx_basic_compiler\msx_basic_compiler\debug\expression_inkey.obj
d:\github\hra_product\msx_basic_compiler\msx_basic_compiler\debug\expression_hexchr.obj
d:\github\hra_product\msx_basic_compiler\msx_basic_compiler\debug\expression_hex.obj
d:\github\hra_product\msx_basic_compiler\msx_basic_compiler\debug\expression_function.obj
d:\github\hra_product\msx_basic_compiler\msx_basic_compiler\debug\expression_fre.obj
d:\github\hra_product\msx_basic_compiler\msx_basic_compiler\debug\expression_fix.obj
d:\github\hra_product\msx_basic_compiler\msx_basic_compiler\debug\expression_exp.obj
d:\github\hra_product\msx_basic_compiler\msx_basic_compiler\debug\expression_cvs.obj
d:\github\hra_product\msx_basic_compiler\msx_basic_compiler\debug\expression_cvi.obj
d:\github\hra_product\msx_basic_compiler\msx_basic_compiler\debug\expression_cvd.obj
d:\github\hra_product\msx_basic_compiler\msx_basic_compiler\debug\expression_csrlin.obj
d:\github\hra_product\msx_basic_compiler\msx_basic_compiler\debug\expression_operator_neq.obj
d:\github\hra_product\msx_basic_compiler\msx_basic_compiler\debug\expression_operator_mul.obj
d:\github\hra_product\msx_basic_compiler\msx_basic_compiler\debug\expression_operator_mod.obj
d:\github\hra_product\msx_basic_compiler\msx_basic_compiler\debug\expression_operator_minus.obj
d:\github\hra_product\msx_basic_compiler\msx_basic_compiler\debug\expression_operator_lt.obj
d:\github\hra_product\msx_basic_compiler\msx_basic_compiler\debug\expression_operator_le.obj
d:\github\hra_product\msx_basic_compiler\msx_basic_compiler\debug\expression_operator_intdiv.obj
d:\github\hra_product\msx_basic_compiler\msx_basic_compiler\debug\expression_operator_imp.obj
d:\github\hra_product\msx_basic_compiler\msx_basic_compiler\debug\expression_operator_gt.obj
d:\github\hra_product\msx_basic_compiler\msx_basic_compiler\debug\expression_operator_ge.obj
d:\github\hra_product\msx_basic_compiler\msx_basic_compiler\debug\expression_operator_eqv.obj
d:\github\hra_product\msx_basic_compiler\msx_basic_compiler\debug\expression_operator_equ.obj
d:\github\hra_product\msx_basic_compiler\msx_basic_compiler\debug\expression_operator_div.obj
d:\github\hra_product\msx_basic_compiler\msx_basic_compiler\debug\expression_operator_and.obj
d:\github\hra_product\msx_basic_compiler\msx_basic_compiler\debug\expression_operator_add.obj
d:\github\hra_product\msx_basic_compiler\msx_basic_compiler\debug\expression_oct.obj
d:\github\hra_product\msx_basic_compiler\msx_basic_compiler\debug\expression_msxver.obj
d:\github\hra_product\msx_basic_compiler\msx_basic_compiler\debug\expression_mks.obj
d:\github\hra_product\msx_basic_compiler\msx_basic_compiler\debug\expression_mki.obj
d:\github\hra_product\msx_basic_compiler\msx_basic_compiler\debug\expression_mkd.obj
d:\github\hra_product\msx_basic_compiler\msx_basic_compiler\debug\expression_tan.obj
d:\github\hra_product\msx_basic_compiler\msx_basic_compiler\debug\expression_string.obj
d:\github\hra_product\msx_basic_compiler\msx_basic_compiler\debug\expression_strig.obj
d:\github\hra_product\msx_basic_compiler\msx_basic_compiler\debug\expression_str.obj
d:\github\hra_product\msx_basic_compiler\msx_basic_compiler\debug\expression_stick.obj
d:\github\hra_product\msx_basic_compiler\msx_basic_compiler\debug\expression_sqr.obj
d:\github\hra_product\msx_basic_compiler\msx_basic_compiler\debug\expression_space.obj
d:\github\hra_product\msx_basic_compiler\msx_basic_compiler\debug\expression_sin.obj
d:\github\hra_product\msx_basic_compiler\msx_basic_compiler\debug\expression_sgn.obj
d:\github\hra_product\msx_basic_compiler\msx_basic_compiler\debug\expression_rnd.obj
d:\github\hra_product\msx_basic_compiler\msx_basic_compiler\debug\expression_right.obj
d:\github\hra_product\msx_basic_compiler\msx_basic_compiler\debug\expression_peekw.obj
d:\github\hra_product\msx_basic_compiler\msx_basic_compiler\debug\expression_peeks.obj
d:\github\hra_product\msx_basic_compiler\msx_basic_compiler\debug\expression_peek.obj
d:\github\hra_product\msx_basic_compiler\msx_basic_compiler\debug\expression_pad.obj
d:\github\hra_product\msx_basic_compiler\msx_basic_compiler\debug\expression_operator_xor.obj
d:\github\hra_product\msx_basic_compiler\msx_basic_compiler\debug\expression_operator_sub.obj
d:\github\hra_product\msx_basic_compiler\msx_basic_compiler\debug\expression_operator_power.obj
d:\github\hra_product\msx_basic_compiler\msx_basic_compiler\debug\expression_operator_or.obj
d:\github\hra_product\msx_basic_compiler\msx_basic_compiler\debug\expression_operator_not.obj
d:\github\hra_product\msx_basic_compiler\msx_basic_compiler\debug\variable_manager.obj
d:\github\hra_product\msx_basic_compiler\msx_basic_compiler\debug\string_value.obj
d:\github\hra_product\msx_basic_compiler\msx_basic_compiler\debug\single_real.obj
d:\github\hra_product\msx_basic_compiler\msx_basic_compiler\debug\msx_basic_compiler.obj
d:\github\hra_product\msx_basic_compiler\msx_basic_compiler\debug\expression_vpeeks.obj
d:\github\hra_product\msx_basic_compiler\msx_basic_compiler\debug\expression_vpeek.obj
d:\github\hra_product\msx_basic_compiler\msx_basic_compiler\debug\expression_vdp.obj
d:\github\hra_product\msx_basic_compiler\msx_basic_compiler\debug\expression_varptr.obj
d:\github\hra_product\msx_basic_compiler\msx_basic_compiler\debug\expression_variable.obj
d:\github\hra_product\msx_basic_compiler\msx_basic_compiler\debug\expression_val.obj
d:\github\hra_product\msx_basic_compiler\msx_basic_compiler\debug\expression_usr.obj
d:\github\hra_product\msx_basic_compiler\msx_basic_compiler\debug\expression_time.obj
d:\github\hra_product\msx_basic_compiler\msx_basic_compiler\debug\expression_term.obj
d:\github\hra_product\msx_basic_compiler\msx_basic_compiler\debug\paint.obj
d:\github\hra_product\msx_basic_compiler\msx_basic_compiler\debug\get.obj
d:\github\hra_product\msx_basic_compiler\msx_basic_compiler\debug\setadjust.obj
d:\github\hra_product\msx_basic_compiler\msx_basic_compiler\debug\setbeep.obj
d:\github\hra_product\msx_basic_compiler\msx_basic_compiler\debug\settitle.obj
d:\github\hra_product\msx_basic_compiler\msx_basic_compiler\debug\setscreen.obj
d:\github\hra_product\msx_basic_compiler\msx_basic_compiler\debug\setprompt.obj
d:\github\hra_product\msx_basic_compiler\msx_basic_compiler\debug\circle.obj
d:\github\hra_product\msx_basic_compiler\msx_basic_compiler\debug\expression_point.obj
d:\github\hra_product\msx_basic_compiler\msx_basic_compiler\debug\msx_bacon.exe
d:\github\hra_product\msx_basic_compiler\msx_basic_compiler\debug\msx_bacon.ilk
d:\github\hra_product\msx_basic_compiler\msx_basic_compiler\debug\msx_bacon.pdb
d:\github\hra_product\msx_basic_compiler\msx_basic_compiler\debug\msx_basi.ea90cff4.tlog\cl.command.1.tlog
d:\github\hra_product\msx_basic_compiler\msx_basic_compiler\debug\msx_basi.ea90cff4.tlog\cl.items.tlog
d:\github\hra_product\msx_basic_compiler\msx_basic_compiler\debug\msx_basi.ea90cff4.tlog\cl.read.1.tlog
d:\github\hra_product\msx_basic_compiler\msx_basic_compiler\debug\msx_basi.ea90cff4.tlog\cl.write.1.tlog
d:\github\hra_product\msx_basic_compiler\msx_basic_compiler\debug\msx_basi.ea90cff4.tlog\link.command.1.tlog
d:\github\hra_product\msx_basic_compiler\msx_basic_compiler\debug\msx_basi.ea90cff4.tlog\link.read.1.tlog
d:\github\hra_product\msx_basic_compiler\msx_basic_compiler\debug\msx_basi.ea90cff4.tlog\link.write.1.tlog
