  beep.cpp
  bload.cpp
  bsave.cpp
  call.cpp
  clear.cpp
  cls.cpp
  color.cpp
  color_sprite.cpp
  comment.cpp
  copy.cpp
  data.cpp
  defdbl.cpp
  defint.cpp
  defsng.cpp
  defstr.cpp
  defusr.cpp
  dim.cpp
  end.cpp
  erase.cpp
  error.cpp
  コードを生成中...
  コンパイル中...
  files.cpp
  for.cpp
  gosub.cpp
  goto.cpp
  if.cpp
  input.cpp
  irandomize.cpp
  key.cpp
  kill.cpp
  let.cpp
  line.cpp
  locate.cpp
  lset.cpp
  mid.cpp
  name.cpp
  next.cpp
  on_goto.cpp
  on_interval.cpp
  on_key.cpp
  on_sprite.cpp
  コードを生成中...
  コンパイル中...
  on_stop.cpp
  on_strig.cpp
  out.cpp
  play.cpp
  poke.cpp
  pokes.cpp
  pokew.cpp
  print.cpp
  pset.cpp
  put_sprite.cpp
  read.cpp
  restore.cpp
  return.cpp
  run.cpp
  screen.cpp
  setpage.cpp
  setscroll.cpp
  sound.cpp
  swap.cpp
  vpoke.cpp
  コードを生成中...
  コンパイル中...
  vpokes.cpp
  width.cpp
  compiler.cpp
  expression_varptr.cpp
  msx_basic_compiler.cpp
  コードを生成中...
  msx_basic_compiler.vcxproj -> D:\github\HRA_product\msx_basic_compiler\msx_basic_compiler\Debug\msx_bacon.exe
