c:\users\hra\documents\github\hra_product\msx_basic_compiler\msx_basic_compiler\x64\debug\vc143.pdb
c:\users\hra\documents\github\hra_product\msx_basic_compiler\msx_basic_compiler\x64\debug\vc143.idb
c:\users\hra\documents\github\hra_product\msx_basic_compiler\msx_basic_compiler\x64\debug\error.obj
c:\users\hra\documents\github\hra_product\msx_basic_compiler\msx_basic_compiler\x64\debug\erase.obj
c:\users\hra\documents\github\hra_product\msx_basic_compiler\msx_basic_compiler\x64\debug\end.obj
c:\users\hra\documents\github\hra_product\msx_basic_compiler\msx_basic_compiler\x64\debug\dim.obj
c:\users\hra\documents\github\hra_product\msx_basic_compiler\msx_basic_compiler\x64\debug\defusr.obj
c:\users\hra\documents\github\hra_product\msx_basic_compiler\msx_basic_compiler\x64\debug\defstr.obj
c:\users\hra\documents\github\hra_product\msx_basic_compiler\msx_basic_compiler\x64\debug\defsng.obj
c:\users\hra\documents\github\hra_product\msx_basic_compiler\msx_basic_compiler\x64\debug\defint.obj
c:\users\hra\documents\github\hra_product\msx_basic_compiler\msx_basic_compiler\x64\debug\defdbl.obj
c:\users\hra\documents\github\hra_product\msx_basic_compiler\msx_basic_compiler\x64\debug\data.obj
c:\users\hra\documents\github\hra_product\msx_basic_compiler\msx_basic_compiler\x64\debug\comment.obj
c:\users\hra\documents\github\hra_product\msx_basic_compiler\msx_basic_compiler\x64\debug\color.obj
c:\users\hra\documents\github\hra_product\msx_basic_compiler\msx_basic_compiler\x64\debug\cls.obj
c:\users\hra\documents\github\hra_product\msx_basic_compiler\msx_basic_compiler\x64\debug\clear.obj
c:\users\hra\documents\github\hra_product\msx_basic_compiler\msx_basic_compiler\x64\debug\call.obj
c:\users\hra\documents\github\hra_product\msx_basic_compiler\msx_basic_compiler\x64\debug\bload.obj
c:\users\hra\documents\github\hra_product\msx_basic_compiler\msx_basic_compiler\x64\debug\beep.obj
c:\users\hra\documents\github\hra_product\msx_basic_compiler\msx_basic_compiler\x64\debug\basic_list.obj
c:\users\hra\documents\github\hra_product\msx_basic_compiler\msx_basic_compiler\x64\debug\assembler_list.obj
c:\users\hra\documents\github\hra_product\msx_basic_compiler\msx_basic_compiler\x64\debug\assembler_line.obj
c:\users\hra\documents\github\hra_product\msx_basic_compiler\msx_basic_compiler\x64\debug\put_sprite.obj
c:\users\hra\documents\github\hra_product\msx_basic_compiler\msx_basic_compiler\x64\debug\print.obj
c:\users\hra\documents\github\hra_product\msx_basic_compiler\msx_basic_compiler\x64\debug\poke.obj
c:\users\hra\documents\github\hra_product\msx_basic_compiler\msx_basic_compiler\x64\debug\play.obj
c:\users\hra\documents\github\hra_product\msx_basic_compiler\msx_basic_compiler\x64\debug\out.obj
c:\users\hra\documents\github\hra_product\msx_basic_compiler\msx_basic_compiler\x64\debug\on_strig.obj
c:\users\hra\documents\github\hra_product\msx_basic_compiler\msx_basic_compiler\x64\debug\on_sprite.obj
c:\users\hra\documents\github\hra_product\msx_basic_compiler\msx_basic_compiler\x64\debug\on_key.obj
c:\users\hra\documents\github\hra_product\msx_basic_compiler\msx_basic_compiler\x64\debug\on_interval.obj
c:\users\hra\documents\github\hra_product\msx_basic_compiler\msx_basic_compiler\x64\debug\on_goto.obj
c:\users\hra\documents\github\hra_product\msx_basic_compiler\msx_basic_compiler\x64\debug\next.obj
c:\users\hra\documents\github\hra_product\msx_basic_compiler\msx_basic_compiler\x64\debug\mid.obj
c:\users\hra\documents\github\hra_product\msx_basic_compiler\msx_basic_compiler\x64\debug\locate.obj
c:\users\hra\documents\github\hra_product\msx_basic_compiler\msx_basic_compiler\x64\debug\let.obj
c:\users\hra\documents\github\hra_product\msx_basic_compiler\msx_basic_compiler\x64\debug\key.obj
c:\users\hra\documents\github\hra_product\msx_basic_compiler\msx_basic_compiler\x64\debug\input.obj
c:\users\hra\documents\github\hra_product\msx_basic_compiler\msx_basic_compiler\x64\debug\if.obj
c:\users\hra\documents\github\hra_product\msx_basic_compiler\msx_basic_compiler\x64\debug\goto.obj
c:\users\hra\documents\github\hra_product\msx_basic_compiler\msx_basic_compiler\x64\debug\gosub.obj
c:\users\hra\documents\github\hra_product\msx_basic_compiler\msx_basic_compiler\x64\debug\for.obj
c:\users\hra\documents\github\hra_product\msx_basic_compiler\msx_basic_compiler\x64\debug\expression_chr.obj
c:\users\hra\documents\github\hra_product\msx_basic_compiler\msx_basic_compiler\x64\debug\expression_cdbl.obj
c:\users\hra\documents\github\hra_product\msx_basic_compiler\msx_basic_compiler\x64\debug\expression_bin.obj
c:\users\hra\documents\github\hra_product\msx_basic_compiler\msx_basic_compiler\x64\debug\expression_atn.obj
c:\users\hra\documents\github\hra_product\msx_basic_compiler\msx_basic_compiler\x64\debug\expression_asc.obj
c:\users\hra\documents\github\hra_product\msx_basic_compiler\msx_basic_compiler\x64\debug\expression_abs.obj
c:\users\hra\documents\github\hra_product\msx_basic_compiler\msx_basic_compiler\x64\debug\expression.obj
c:\users\hra\documents\github\hra_product\msx_basic_compiler\msx_basic_compiler\x64\debug\error_list.obj
c:\users\hra\documents\github\hra_product\msx_basic_compiler\msx_basic_compiler\x64\debug\double_real.obj
c:\users\hra\documents\github\hra_product\msx_basic_compiler\msx_basic_compiler\x64\debug\compiler.obj
c:\users\hra\documents\github\hra_product\msx_basic_compiler\msx_basic_compiler\x64\debug\width.obj
c:\users\hra\documents\github\hra_product\msx_basic_compiler\msx_basic_compiler\x64\debug\vpoke.obj
c:\users\hra\documents\github\hra_product\msx_basic_compiler\msx_basic_compiler\x64\debug\sound.obj
c:\users\hra\documents\github\hra_product\msx_basic_compiler\msx_basic_compiler\x64\debug\setscroll.obj
c:\users\hra\documents\github\hra_product\msx_basic_compiler\msx_basic_compiler\x64\debug\setpage.obj
c:\users\hra\documents\github\hra_product\msx_basic_compiler\msx_basic_compiler\x64\debug\screen.obj
c:\users\hra\documents\github\hra_product\msx_basic_compiler\msx_basic_compiler\x64\debug\run.obj
c:\users\hra\documents\github\hra_product\msx_basic_compiler\msx_basic_compiler\x64\debug\return.obj
c:\users\hra\documents\github\hra_product\msx_basic_compiler\msx_basic_compiler\x64\debug\restore.obj
c:\users\hra\documents\github\hra_product\msx_basic_compiler\msx_basic_compiler\x64\debug\read.obj
c:\users\hra\documents\github\hra_product\msx_basic_compiler\msx_basic_compiler\x64\debug\expression_operator_and.obj
c:\users\hra\documents\github\hra_product\msx_basic_compiler\msx_basic_compiler\x64\debug\expression_operator_add.obj
c:\users\hra\documents\github\hra_product\msx_basic_compiler\msx_basic_compiler\x64\debug\expression_oct.obj
c:\users\hra\documents\github\hra_product\msx_basic_compiler\msx_basic_compiler\x64\debug\expression_mid.obj
c:\users\hra\documents\github\hra_product\msx_basic_compiler\msx_basic_compiler\x64\debug\expression_log.obj
c:\users\hra\documents\github\hra_product\msx_basic_compiler\msx_basic_compiler\x64\debug\expression_len.obj
c:\users\hra\documents\github\hra_product\msx_basic_compiler\msx_basic_compiler\x64\debug\expression_left.obj
c:\users\hra\documents\github\hra_product\msx_basic_compiler\msx_basic_compiler\x64\debug\expression_int.obj
c:\users\hra\documents\github\hra_product\msx_basic_compiler\msx_basic_compiler\x64\debug\expression_instr.obj
c:\users\hra\documents\github\hra_product\msx_basic_compiler\msx_basic_compiler\x64\debug\expression_inp.obj
c:\users\hra\documents\github\hra_product\msx_basic_compiler\msx_basic_compiler\x64\debug\expression_inkey.obj
c:\users\hra\documents\github\hra_product\msx_basic_compiler\msx_basic_compiler\x64\debug\expression_hex.obj
c:\users\hra\documents\github\hra_product\msx_basic_compiler\msx_basic_compiler\x64\debug\expression_function.obj
c:\users\hra\documents\github\hra_product\msx_basic_compiler\msx_basic_compiler\x64\debug\expression_fre.obj
c:\users\hra\documents\github\hra_product\msx_basic_compiler\msx_basic_compiler\x64\debug\expression_fix.obj
c:\users\hra\documents\github\hra_product\msx_basic_compiler\msx_basic_compiler\x64\debug\expression_exp.obj
c:\users\hra\documents\github\hra_product\msx_basic_compiler\msx_basic_compiler\x64\debug\expression_csrlin.obj
c:\users\hra\documents\github\hra_product\msx_basic_compiler\msx_basic_compiler\x64\debug\expression_csng.obj
c:\users\hra\documents\github\hra_product\msx_basic_compiler\msx_basic_compiler\x64\debug\expression_cos.obj
c:\users\hra\documents\github\hra_product\msx_basic_compiler\msx_basic_compiler\x64\debug\expression_cint.obj
c:\users\hra\documents\github\hra_product\msx_basic_compiler\msx_basic_compiler\x64\debug\expression_peek.obj
c:\users\hra\documents\github\hra_product\msx_basic_compiler\msx_basic_compiler\x64\debug\expression_pad.obj
c:\users\hra\documents\github\hra_product\msx_basic_compiler\msx_basic_compiler\x64\debug\expression_operator_xor.obj
c:\users\hra\documents\github\hra_product\msx_basic_compiler\msx_basic_compiler\x64\debug\expression_operator_sub.obj
c:\users\hra\documents\github\hra_product\msx_basic_compiler\msx_basic_compiler\x64\debug\expression_operator_power.obj
c:\users\hra\documents\github\hra_product\msx_basic_compiler\msx_basic_compiler\x64\debug\expression_operator_or.obj
c:\users\hra\documents\github\hra_product\msx_basic_compiler\msx_basic_compiler\x64\debug\expression_operator_not.obj
c:\users\hra\documents\github\hra_product\msx_basic_compiler\msx_basic_compiler\x64\debug\expression_operator_neq.obj
c:\users\hra\documents\github\hra_product\msx_basic_compiler\msx_basic_compiler\x64\debug\expression_operator_mul.obj
c:\users\hra\documents\github\hra_product\msx_basic_compiler\msx_basic_compiler\x64\debug\expression_operator_mod.obj
c:\users\hra\documents\github\hra_product\msx_basic_compiler\msx_basic_compiler\x64\debug\expression_operator_minus.obj
c:\users\hra\documents\github\hra_product\msx_basic_compiler\msx_basic_compiler\x64\debug\expression_operator_lt.obj
c:\users\hra\documents\github\hra_product\msx_basic_compiler\msx_basic_compiler\x64\debug\expression_operator_le.obj
c:\users\hra\documents\github\hra_product\msx_basic_compiler\msx_basic_compiler\x64\debug\expression_operator_intdiv.obj
c:\users\hra\documents\github\hra_product\msx_basic_compiler\msx_basic_compiler\x64\debug\expression_operator_imp.obj
c:\users\hra\documents\github\hra_product\msx_basic_compiler\msx_basic_compiler\x64\debug\expression_operator_gt.obj
c:\users\hra\documents\github\hra_product\msx_basic_compiler\msx_basic_compiler\x64\debug\expression_operator_ge.obj
c:\users\hra\documents\github\hra_product\msx_basic_compiler\msx_basic_compiler\x64\debug\expression_operator_eqv.obj
c:\users\hra\documents\github\hra_product\msx_basic_compiler\msx_basic_compiler\x64\debug\expression_operator_equ.obj
c:\users\hra\documents\github\hra_product\msx_basic_compiler\msx_basic_compiler\x64\debug\expression_operator_div.obj
c:\users\hra\documents\github\hra_product\msx_basic_compiler\msx_basic_compiler\x64\debug\single_real.obj
c:\users\hra\documents\github\hra_product\msx_basic_compiler\msx_basic_compiler\x64\debug\msx_basic_compiler.obj
c:\users\hra\documents\github\hra_product\msx_basic_compiler\msx_basic_compiler\x64\debug\expression_vpeek.obj
c:\users\hra\documents\github\hra_product\msx_basic_compiler\msx_basic_compiler\x64\debug\expression_vdp.obj
c:\users\hra\documents\github\hra_product\msx_basic_compiler\msx_basic_compiler\x64\debug\expression_varptr.obj
c:\users\hra\documents\github\hra_product\msx_basic_compiler\msx_basic_compiler\x64\debug\expression_variable.obj
c:\users\hra\documents\github\hra_product\msx_basic_compiler\msx_basic_compiler\x64\debug\expression_val.obj
c:\users\hra\documents\github\hra_product\msx_basic_compiler\msx_basic_compiler\x64\debug\expression_usr.obj
c:\users\hra\documents\github\hra_product\msx_basic_compiler\msx_basic_compiler\x64\debug\expression_time.obj
c:\users\hra\documents\github\hra_product\msx_basic_compiler\msx_basic_compiler\x64\debug\expression_term.obj
c:\users\hra\documents\github\hra_product\msx_basic_compiler\msx_basic_compiler\x64\debug\expression_tan.obj
c:\users\hra\documents\github\hra_product\msx_basic_compiler\msx_basic_compiler\x64\debug\expression_string.obj
c:\users\hra\documents\github\hra_product\msx_basic_compiler\msx_basic_compiler\x64\debug\expression_strig.obj
c:\users\hra\documents\github\hra_product\msx_basic_compiler\msx_basic_compiler\x64\debug\expression_str.obj
c:\users\hra\documents\github\hra_product\msx_basic_compiler\msx_basic_compiler\x64\debug\expression_stick.obj
c:\users\hra\documents\github\hra_product\msx_basic_compiler\msx_basic_compiler\x64\debug\expression_sqr.obj
c:\users\hra\documents\github\hra_product\msx_basic_compiler\msx_basic_compiler\x64\debug\expression_sin.obj
c:\users\hra\documents\github\hra_product\msx_basic_compiler\msx_basic_compiler\x64\debug\expression_sgn.obj
c:\users\hra\documents\github\hra_product\msx_basic_compiler\msx_basic_compiler\x64\debug\expression_rnd.obj
c:\users\hra\documents\github\hra_product\msx_basic_compiler\msx_basic_compiler\x64\debug\expression_right.obj
c:\users\hra\documents\github\hra_product\msx_basic_compiler\msx_basic_compiler\x64\debug\variable_manager.obj
c:\users\hra\documents\github\hra_product\msx_basic_compiler\msx_basic_compiler\x64\debug\string_value.obj
c:\users\hra\documents\github\hra_product\msx_basic_compiler\msx_basic_compiler\x64\debug\msx_bacon.exe
c:\users\hra\documents\github\hra_product\msx_basic_compiler\msx_basic_compiler\x64\debug\msx_bacon.ilk
c:\users\hra\documents\github\hra_product\msx_basic_compiler\msx_basic_compiler\x64\debug\msx_bacon.pdb
d:\github\hra_product\msx_basic_compiler\msx_basic_compiler\x64\debug\assembler_line.obj
d:\github\hra_product\msx_basic_compiler\msx_basic_compiler\x64\debug\assembler_list.obj
d:\github\hra_product\msx_basic_compiler\msx_basic_compiler\x64\debug\basic_list.obj
d:\github\hra_product\msx_basic_compiler\msx_basic_compiler\x64\debug\beep.obj
d:\github\hra_product\msx_basic_compiler\msx_basic_compiler\x64\debug\bload.obj
d:\github\hra_product\msx_basic_compiler\msx_basic_compiler\x64\debug\call.obj
d:\github\hra_product\msx_basic_compiler\msx_basic_compiler\x64\debug\clear.obj
d:\github\hra_product\msx_basic_compiler\msx_basic_compiler\x64\debug\cls.obj
d:\github\hra_product\msx_basic_compiler\msx_basic_compiler\x64\debug\color.obj
d:\github\hra_product\msx_basic_compiler\msx_basic_compiler\x64\debug\comment.obj
d:\github\hra_product\msx_basic_compiler\msx_basic_compiler\x64\debug\compiler.obj
d:\github\hra_product\msx_basic_compiler\msx_basic_compiler\x64\debug\data.obj
d:\github\hra_product\msx_basic_compiler\msx_basic_compiler\x64\debug\defdbl.obj
d:\github\hra_product\msx_basic_compiler\msx_basic_compiler\x64\debug\defint.obj
d:\github\hra_product\msx_basic_compiler\msx_basic_compiler\x64\debug\defsng.obj
d:\github\hra_product\msx_basic_compiler\msx_basic_compiler\x64\debug\defstr.obj
d:\github\hra_product\msx_basic_compiler\msx_basic_compiler\x64\debug\defusr.obj
d:\github\hra_product\msx_basic_compiler\msx_basic_compiler\x64\debug\dim.obj
d:\github\hra_product\msx_basic_compiler\msx_basic_compiler\x64\debug\double_real.obj
d:\github\hra_product\msx_basic_compiler\msx_basic_compiler\x64\debug\end.obj
d:\github\hra_product\msx_basic_compiler\msx_basic_compiler\x64\debug\erase.obj
d:\github\hra_product\msx_basic_compiler\msx_basic_compiler\x64\debug\error.obj
d:\github\hra_product\msx_basic_compiler\msx_basic_compiler\x64\debug\error_list.obj
d:\github\hra_product\msx_basic_compiler\msx_basic_compiler\x64\debug\expression.obj
d:\github\hra_product\msx_basic_compiler\msx_basic_compiler\x64\debug\expression_abs.obj
d:\github\hra_product\msx_basic_compiler\msx_basic_compiler\x64\debug\expression_asc.obj
d:\github\hra_product\msx_basic_compiler\msx_basic_compiler\x64\debug\expression_atn.obj
d:\github\hra_product\msx_basic_compiler\msx_basic_compiler\x64\debug\expression_bin.obj
d:\github\hra_product\msx_basic_compiler\msx_basic_compiler\x64\debug\expression_cdbl.obj
d:\github\hra_product\msx_basic_compiler\msx_basic_compiler\x64\debug\expression_chr.obj
d:\github\hra_product\msx_basic_compiler\msx_basic_compiler\x64\debug\expression_cint.obj
d:\github\hra_product\msx_basic_compiler\msx_basic_compiler\x64\debug\expression_cos.obj
d:\github\hra_product\msx_basic_compiler\msx_basic_compiler\x64\debug\expression_csng.obj
d:\github\hra_product\msx_basic_compiler\msx_basic_compiler\x64\debug\expression_csrlin.obj
d:\github\hra_product\msx_basic_compiler\msx_basic_compiler\x64\debug\expression_exp.obj
d:\github\hra_product\msx_basic_compiler\msx_basic_compiler\x64\debug\expression_fix.obj
d:\github\hra_product\msx_basic_compiler\msx_basic_compiler\x64\debug\expression_fre.obj
d:\github\hra_product\msx_basic_compiler\msx_basic_compiler\x64\debug\expression_function.obj
d:\github\hra_product\msx_basic_compiler\msx_basic_compiler\x64\debug\expression_hex.obj
d:\github\hra_product\msx_basic_compiler\msx_basic_compiler\x64\debug\expression_inkey.obj
d:\github\hra_product\msx_basic_compiler\msx_basic_compiler\x64\debug\expression_inp.obj
d:\github\hra_product\msx_basic_compiler\msx_basic_compiler\x64\debug\expression_instr.obj
d:\github\hra_product\msx_basic_compiler\msx_basic_compiler\x64\debug\expression_int.obj
d:\github\hra_product\msx_basic_compiler\msx_basic_compiler\x64\debug\expression_left.obj
d:\github\hra_product\msx_basic_compiler\msx_basic_compiler\x64\debug\expression_len.obj
d:\github\hra_product\msx_basic_compiler\msx_basic_compiler\x64\debug\expression_log.obj
d:\github\hra_product\msx_basic_compiler\msx_basic_compiler\x64\debug\expression_mid.obj
d:\github\hra_product\msx_basic_compiler\msx_basic_compiler\x64\debug\expression_oct.obj
d:\github\hra_product\msx_basic_compiler\msx_basic_compiler\x64\debug\expression_operator_add.obj
d:\github\hra_product\msx_basic_compiler\msx_basic_compiler\x64\debug\expression_operator_and.obj
d:\github\hra_product\msx_basic_compiler\msx_basic_compiler\x64\debug\expression_operator_div.obj
d:\github\hra_product\msx_basic_compiler\msx_basic_compiler\x64\debug\expression_operator_equ.obj
d:\github\hra_product\msx_basic_compiler\msx_basic_compiler\x64\debug\expression_operator_eqv.obj
d:\github\hra_product\msx_basic_compiler\msx_basic_compiler\x64\debug\expression_operator_ge.obj
d:\github\hra_product\msx_basic_compiler\msx_basic_compiler\x64\debug\expression_operator_gt.obj
d:\github\hra_product\msx_basic_compiler\msx_basic_compiler\x64\debug\expression_operator_imp.obj
d:\github\hra_product\msx_basic_compiler\msx_basic_compiler\x64\debug\expression_operator_intdiv.obj
d:\github\hra_product\msx_basic_compiler\msx_basic_compiler\x64\debug\expression_operator_le.obj
d:\github\hra_product\msx_basic_compiler\msx_basic_compiler\x64\debug\expression_operator_lt.obj
d:\github\hra_product\msx_basic_compiler\msx_basic_compiler\x64\debug\expression_operator_minus.obj
d:\github\hra_product\msx_basic_compiler\msx_basic_compiler\x64\debug\expression_operator_mod.obj
d:\github\hra_product\msx_basic_compiler\msx_basic_compiler\x64\debug\expression_operator_mul.obj
d:\github\hra_product\msx_basic_compiler\msx_basic_compiler\x64\debug\expression_operator_neq.obj
d:\github\hra_product\msx_basic_compiler\msx_basic_compiler\x64\debug\expression_operator_not.obj
d:\github\hra_product\msx_basic_compiler\msx_basic_compiler\x64\debug\expression_operator_or.obj
d:\github\hra_product\msx_basic_compiler\msx_basic_compiler\x64\debug\expression_operator_power.obj
d:\github\hra_product\msx_basic_compiler\msx_basic_compiler\x64\debug\expression_operator_sub.obj
d:\github\hra_product\msx_basic_compiler\msx_basic_compiler\x64\debug\expression_operator_xor.obj
d:\github\hra_product\msx_basic_compiler\msx_basic_compiler\x64\debug\expression_pad.obj
d:\github\hra_product\msx_basic_compiler\msx_basic_compiler\x64\debug\expression_peek.obj
d:\github\hra_product\msx_basic_compiler\msx_basic_compiler\x64\debug\expression_right.obj
d:\github\hra_product\msx_basic_compiler\msx_basic_compiler\x64\debug\expression_rnd.obj
d:\github\hra_product\msx_basic_compiler\msx_basic_compiler\x64\debug\expression_sgn.obj
d:\github\hra_product\msx_basic_compiler\msx_basic_compiler\x64\debug\expression_sin.obj
d:\github\hra_product\msx_basic_compiler\msx_basic_compiler\x64\debug\expression_sqr.obj
d:\github\hra_product\msx_basic_compiler\msx_basic_compiler\x64\debug\expression_stick.obj
d:\github\hra_product\msx_basic_compiler\msx_basic_compiler\x64\debug\expression_str.obj
d:\github\hra_product\msx_basic_compiler\msx_basic_compiler\x64\debug\expression_strig.obj
d:\github\hra_product\msx_basic_compiler\msx_basic_compiler\x64\debug\expression_string.obj
d:\github\hra_product\msx_basic_compiler\msx_basic_compiler\x64\debug\expression_tan.obj
d:\github\hra_product\msx_basic_compiler\msx_basic_compiler\x64\debug\expression_term.obj
d:\github\hra_product\msx_basic_compiler\msx_basic_compiler\x64\debug\expression_time.obj
d:\github\hra_product\msx_basic_compiler\msx_basic_compiler\x64\debug\expression_usr.obj
d:\github\hra_product\msx_basic_compiler\msx_basic_compiler\x64\debug\expression_val.obj
d:\github\hra_product\msx_basic_compiler\msx_basic_compiler\x64\debug\expression_variable.obj
d:\github\hra_product\msx_basic_compiler\msx_basic_compiler\x64\debug\expression_varptr.obj
d:\github\hra_product\msx_basic_compiler\msx_basic_compiler\x64\debug\expression_vdp.obj
d:\github\hra_product\msx_basic_compiler\msx_basic_compiler\x64\debug\expression_vpeek.obj
d:\github\hra_product\msx_basic_compiler\msx_basic_compiler\x64\debug\for.obj
d:\github\hra_product\msx_basic_compiler\msx_basic_compiler\x64\debug\gosub.obj
d:\github\hra_product\msx_basic_compiler\msx_basic_compiler\x64\debug\goto.obj
d:\github\hra_product\msx_basic_compiler\msx_basic_compiler\x64\debug\if.obj
d:\github\hra_product\msx_basic_compiler\msx_basic_compiler\x64\debug\input.obj
d:\github\hra_product\msx_basic_compiler\msx_basic_compiler\x64\debug\key.obj
d:\github\hra_product\msx_basic_compiler\msx_basic_compiler\x64\debug\let.obj
d:\github\hra_product\msx_basic_compiler\msx_basic_compiler\x64\debug\locate.obj
d:\github\hra_product\msx_basic_compiler\msx_basic_compiler\x64\debug\mid.obj
d:\github\hra_product\msx_basic_compiler\msx_basic_compiler\x64\debug\msx_basic_compiler.obj
d:\github\hra_product\msx_basic_compiler\msx_basic_compiler\x64\debug\next.obj
d:\github\hra_product\msx_basic_compiler\msx_basic_compiler\x64\debug\on_goto.obj
d:\github\hra_product\msx_basic_compiler\msx_basic_compiler\x64\debug\on_interval.obj
d:\github\hra_product\msx_basic_compiler\msx_basic_compiler\x64\debug\on_key.obj
d:\github\hra_product\msx_basic_compiler\msx_basic_compiler\x64\debug\on_sprite.obj
d:\github\hra_product\msx_basic_compiler\msx_basic_compiler\x64\debug\on_strig.obj
d:\github\hra_product\msx_basic_compiler\msx_basic_compiler\x64\debug\out.obj
d:\github\hra_product\msx_basic_compiler\msx_basic_compiler\x64\debug\play.obj
d:\github\hra_product\msx_basic_compiler\msx_basic_compiler\x64\debug\poke.obj
d:\github\hra_product\msx_basic_compiler\msx_basic_compiler\x64\debug\print.obj
d:\github\hra_product\msx_basic_compiler\msx_basic_compiler\x64\debug\put_sprite.obj
d:\github\hra_product\msx_basic_compiler\msx_basic_compiler\x64\debug\read.obj
d:\github\hra_product\msx_basic_compiler\msx_basic_compiler\x64\debug\restore.obj
d:\github\hra_product\msx_basic_compiler\msx_basic_compiler\x64\debug\return.obj
d:\github\hra_product\msx_basic_compiler\msx_basic_compiler\x64\debug\run.obj
d:\github\hra_product\msx_basic_compiler\msx_basic_compiler\x64\debug\screen.obj
d:\github\hra_product\msx_basic_compiler\msx_basic_compiler\x64\debug\setpage.obj
d:\github\hra_product\msx_basic_compiler\msx_basic_compiler\x64\debug\setscroll.obj
d:\github\hra_product\msx_basic_compiler\msx_basic_compiler\x64\debug\single_real.obj
d:\github\hra_product\msx_basic_compiler\msx_basic_compiler\x64\debug\sound.obj
d:\github\hra_product\msx_basic_compiler\msx_basic_compiler\x64\debug\string_value.obj
d:\github\hra_product\msx_basic_compiler\msx_basic_compiler\x64\debug\variable_manager.obj
d:\github\hra_product\msx_basic_compiler\msx_basic_compiler\x64\debug\vpoke.obj
d:\github\hra_product\msx_basic_compiler\msx_basic_compiler\x64\debug\width.obj
d:\github\hra_product\msx_basic_compiler\msx_basic_compiler\x64\debug\msx_bacon.ilk
d:\github\hra_product\msx_basic_compiler\msx_basic_compiler\x64\debug\vc142.idb
d:\github\hra_product\msx_basic_compiler\msx_basic_compiler\x64\debug\vc143.idb
d:\github\hra_product\msx_basic_compiler\msx_basic_compiler\x64\debug\msx_bacon.pdb
d:\github\hra_product\msx_basic_compiler\msx_basic_compiler\x64\debug\vc142.pdb
d:\github\hra_product\msx_basic_compiler\msx_basic_compiler\x64\debug\vc143.pdb
d:\github\hra_product\msx_basic_compiler\msx_basic_compiler\x64\debug\msx_bacon.exe
d:\github\hra_product\msx_basic_compiler\msx_basic_compiler\x64\debug\msx_basi.ea90cff4.tlog\cl.command.1.tlog
d:\github\hra_product\msx_basic_compiler\msx_basic_compiler\x64\debug\msx_basi.ea90cff4.tlog\cl.items.tlog
d:\github\hra_product\msx_basic_compiler\msx_basic_compiler\x64\debug\msx_basi.ea90cff4.tlog\cl.read.1.tlog
d:\github\hra_product\msx_basic_compiler\msx_basic_compiler\x64\debug\msx_basi.ea90cff4.tlog\cl.write.1.tlog
d:\github\hra_product\msx_basic_compiler\msx_basic_compiler\x64\debug\msx_basi.ea90cff4.tlog\link.command.1.tlog
d:\github\hra_product\msx_basic_compiler\msx_basic_compiler\x64\debug\msx_basi.ea90cff4.tlog\link.read.1.tlog
d:\github\hra_product\msx_basic_compiler\msx_basic_compiler\x64\debug\msx_basi.ea90cff4.tlog\link.write.1.tlog
