  beep.cpp
  bload.cpp
  call.cpp
  clear.cpp
  cls.cpp
  color.cpp
  comment.cpp
  data.cpp
  defdbl.cpp
  defint.cpp
  defsng.cpp
  defstr.cpp
  defusr.cpp
  dim.cpp
  end.cpp
  erase.cpp
  error.cpp
  for.cpp
  gosub.cpp
  goto.cpp
  コードを生成中...
  コンパイル中...
  if.cpp
  input.cpp
  key.cpp
  let.cpp
  locate.cpp
  mid.cpp
  next.cpp
  on_goto.cpp
  on_interval.cpp
  on_key.cpp
  on_sprite.cpp
  on_strig.cpp
  out.cpp
  play.cpp
  poke.cpp
  print.cpp
  put_sprite.cpp
  read.cpp
  restore.cpp
  return.cpp
  コードを生成中...
  コンパイル中...
  run.cpp
  screen.cpp
  setpage.cpp
  setscroll.cpp
  sound.cpp
  vpoke.cpp
  width.cpp
  compiler.cpp
  expression_varptr.cpp
  msx_basic_compiler.cpp
  コードを生成中...
  msx_basic_compiler.vcxproj -> C:\Users\hra\Documents\github\HRA_product\msx_basic_compiler\msx_basic_compiler\x64\Debug\msx_bacon.exe
