Z80 Macro Assembler ZMA v1.0.16
=====================================================
Programmed by t.hara

  DEFS is DEFINE STRING (default).
  OUTPUT TYPE: BINARY

<< code >>
LINE# |OFFSET|ADDR|MNEMONIC
======+======+====+==================================
     7|      |    |DB 0xFE
      |000000|0000|  FE
------+------+----+----------------------------------
     8|      |    |DW START_ADDRESS
      |000001|0001|  00 C0
------+------+----+----------------------------------
     9|      |    |DW END_ADDRESS
      |000003|0003|  10 C0
------+------+----+----------------------------------
    10|      |    |DW START_ADDRESS
      |000005|0005|  00 C0
------+------+----+----------------------------------
    13|      |    |FIN := 0x3299
      |      |    |  Global integer symbol [FIN] = 12953 (0x3299)
------+------+----+----------------------------------
    14|      |    |DAC := 0xF7F6
      |      |    |  Global integer symbol [DAC] = 63478 (0xf7f6)
------+------+----+----------------------------------
    15|      |    |VALTYP := 0xF663
      |      |    |  Global integer symbol [VALTYP] = 63075 (0xf663)
------+------+----+----------------------------------
    17|      |    |ORG 0xC000
------+------+----+----------------------------------
    18|      |    |START_ADDRESS :
      |      |    |  label [START_ADDRESS] address: 0x00c000
------+------+----+----------------------------------
    20|      |    |LD HL, STR1 + 1
      |      |    |  Z80:11cyc R800:3cyc
      |000007|C000|  21 09 C0
------+------+----+----------------------------------
    21|      |    |LD A, [ HL ]
      |      |    |  Z80:8cyc R800:4cyc
      |00000A|C003|  7E
------+------+----+----------------------------------
    23|      |    |CALL FIN
      |      |    |  Z80:18cyc R800:5cyc
      |00000B|C004|  CD 99 32
------+------+----+----------------------------------
    24|      |    |RET
      |      |    |  Z80:11cyc R800:5cyc
      |00000E|C007|  C9
------+------+----+----------------------------------
    26|      |    |STR1 :
      |      |    |  label [STR1] address: 0x00c008
------+------+----+----------------------------------
    27|      |    |DB 7
      |00000F|C008|  07
------+------+----+----------------------------------
    28|      |    |DB "1234.56"
      |000010|C009|  31 32 33 34 2E 35 36
------+------+----+----------------------------------
    29|      |    |END_ADDRESS :
      |      |    |  label [END_ADDRESS] address: 0x00c010
------+------+----+----------------------------------
<< label >>
DAC ............. 63478 ( 0xf7f6 )
END_ADDRESS ..... 49168 ( 0xc010 )
FIN ............. 12953 ( 0x3299 )
START_ADDRESS ... 49152 ( 0xc000 )
STR1 ............ 49160 ( 0xc008 )
VALTYP .......... 63075 ( 0xf663 )
