Z80 Macro Assembler ZMA v1.0.17
=====================================================
Programmed by t.hara

  DEFS is DEFINE STRING (default).
  OUTPUT TYPE: BINARY

<< code >>
LINE# |OFFSET|ADDR|MNEMONIC
======+======+====+==================================
     8|      |    |DB 0xFE
      |000000|0000|  FE
------+------+----+----------------------------------
     9|      |    |DW START_ADDRESS
      |000001|0001|  00 C0
------+------+----+----------------------------------
    10|      |    |DW END_ADDRESS
      |000003|0003|  06 C0
------+------+----+----------------------------------
    11|      |    |DW START_ADDRESS
      |000005|0005|  00 C0
------+------+----+----------------------------------
    14|      |    |ERHNDR := 0x406F
      |      |    |  Global integer symbol [ERHNDR] = 16495 (0x406f)
------+------+----+----------------------------------
    16|      |    |ORG 0xC000
------+------+----+----------------------------------
    17|      |    |START_ADDRESS :
      |      |    |  label [START_ADDRESS] address: 0x00c000
------+------+----+----------------------------------
    19|      |    |LD E, 0
      |      |    |  Z80:8cyc R800:2cyc
      |000007|C000|  1E 00
------+------+----+----------------------------------
    20|      |    |CALL ERHNDR
      |      |    |  Z80:18cyc R800:5cyc
      |000009|C002|  CD 6F 40
------+------+----+----------------------------------
    21|      |    |RET
      |      |    |  Z80:11cyc R800:5cyc
      |00000C|C005|  C9
------+------+----+----------------------------------
    23|      |    |END_ADDRESS :
      |      |    |  label [END_ADDRESS] address: 0x00c006
------+------+----+----------------------------------
<< label >>
END_ADDRESS ..... 49158 ( 0xc006 )
ERHNDR .......... 16495 ( 0x406f )
START_ADDRESS ... 49152 ( 0xc000 )
