Z80 Macro Assembler ZMA v1.0.16
=====================================================
Programmed by t.hara

  DEFS is DEFINE STRING (default).
  OUTPUT TYPE: BINARY

<< code >>
LINE# |OFFSET|ADDR|MNEMONIC
======+======+====+==================================
     7|      |    |DB 0xFE
      |000000|0000|  FE
------+------+----+----------------------------------
     8|      |    |DW START_ADDRESS
      |000001|0001|  00 C0
------+------+----+----------------------------------
     9|      |    |DW END_ADDRESS
      |000003|0003|  78 C0
------+------+----+----------------------------------
    10|      |    |DW START_ADDRESS
      |000005|0005|  00 C0
------+------+----+----------------------------------
    13|      |    |FOUT := 0x3425
      |      |    |  Global integer symbol [FOUT] = 13349 (0x3425)
------+------+----+----------------------------------
    14|      |    |DAC := 0xF7F6
      |      |    |  Global integer symbol [DAC] = 63478 (0xf7f6)
------+------+----+----------------------------------
    15|      |    |VALTYP := 0xF663
      |      |    |  Global integer symbol [VALTYP] = 63075 (0xf663)
------+------+----+----------------------------------
    17|      |    |ORG 0xC000
------+------+----+----------------------------------
    18|      |    |START_ADDRESS :
      |      |    |  label [START_ADDRESS] address: 0x00c000
------+------+----+----------------------------------
    19|      |    |LD HL, DBLVAL1
      |      |    |  Z80:11cyc R800:3cyc
      |000007|C000|  21 60 C0
------+------+----+----------------------------------
    20|      |    |LD DE, DAC
      |      |    |  Z80:11cyc R800:3cyc
      |00000A|C003|  11 F6 F7
------+------+----+----------------------------------
    21|      |    |LD BC, 8
      |      |    |  Z80:11cyc R800:3cyc
      |00000D|C006|  01 08 00
------+------+----+----------------------------------
    22|      |    |LDIR
      |      |    |  Z80:23cyc/18cyc R800:7cyc
      |000010|C009|  ED B0
------+------+----+----------------------------------
    24|      |    |LD A, 4
      |      |    |  Z80:8cyc R800:2cyc
      |000012|C00B|  3E 04
------+------+----+----------------------------------
    25|      |    |LD [ VALTYP ], A
      |      |    |  Z80:14cyc R800:6cyc
      |000014|C00D|  32 63 F6
------+------+----+----------------------------------
    27|      |    |CALL FOUT
      |      |    |  Z80:18cyc R800:5cyc
      |000017|C010|  CD 25 34
------+------+----+----------------------------------
    29|      |    |LD HL, DBLVAL1
      |      |    |  Z80:11cyc R800:3cyc
      |00001A|C013|  21 60 C0
------+------+----+----------------------------------
    30|      |    |LD DE, DAC
      |      |    |  Z80:11cyc R800:3cyc
      |00001D|C016|  11 F6 F7
------+------+----+----------------------------------
    31|      |    |LD BC, 8
      |      |    |  Z80:11cyc R800:3cyc
      |000020|C019|  01 08 00
------+------+----+----------------------------------
    32|      |    |LDIR
      |      |    |  Z80:23cyc/18cyc R800:7cyc
      |000023|C01C|  ED B0
------+------+----+----------------------------------
    34|      |    |LD A, 8
      |      |    |  Z80:8cyc R800:2cyc
      |000025|C01E|  3E 08
------+------+----+----------------------------------
    35|      |    |LD [ VALTYP ], A
      |      |    |  Z80:14cyc R800:6cyc
      |000027|C020|  32 63 F6
------+------+----+----------------------------------
    37|      |    |CALL FOUT
      |      |    |  Z80:18cyc R800:5cyc
      |00002A|C023|  CD 25 34
------+------+----+----------------------------------
    39|      |    |LD HL, DBLVAL2
      |      |    |  Z80:11cyc R800:3cyc
      |00002D|C026|  21 68 C0
------+------+----+----------------------------------
    40|      |    |LD DE, DAC
      |      |    |  Z80:11cyc R800:3cyc
      |000030|C029|  11 F6 F7
------+------+----+----------------------------------
    41|      |    |LD BC, 8
      |      |    |  Z80:11cyc R800:3cyc
      |000033|C02C|  01 08 00
------+------+----+----------------------------------
    42|      |    |LDIR
      |      |    |  Z80:23cyc/18cyc R800:7cyc
      |000036|C02F|  ED B0
------+------+----+----------------------------------
    44|      |    |LD A, 4
      |      |    |  Z80:8cyc R800:2cyc
      |000038|C031|  3E 04
------+------+----+----------------------------------
    45|      |    |LD [ VALTYP ], A
      |      |    |  Z80:14cyc R800:6cyc
      |00003A|C033|  32 63 F6
------+------+----+----------------------------------
    47|      |    |CALL FOUT
      |      |    |  Z80:18cyc R800:5cyc
      |00003D|C036|  CD 25 34
------+------+----+----------------------------------
    49|      |    |LD HL, DBLVAL2
      |      |    |  Z80:11cyc R800:3cyc
      |000040|C039|  21 68 C0
------+------+----+----------------------------------
    50|      |    |LD DE, DAC
      |      |    |  Z80:11cyc R800:3cyc
      |000043|C03C|  11 F6 F7
------+------+----+----------------------------------
    51|      |    |LD BC, 8
      |      |    |  Z80:11cyc R800:3cyc
      |000046|C03F|  01 08 00
------+------+----+----------------------------------
    52|      |    |LDIR
      |      |    |  Z80:23cyc/18cyc R800:7cyc
      |000049|C042|  ED B0
------+------+----+----------------------------------
    54|      |    |LD A, 8
      |      |    |  Z80:8cyc R800:2cyc
      |00004B|C044|  3E 08
------+------+----+----------------------------------
    55|      |    |LD [ VALTYP ], A
      |      |    |  Z80:14cyc R800:6cyc
      |00004D|C046|  32 63 F6
------+------+----+----------------------------------
    57|      |    |CALL FOUT
      |      |    |  Z80:18cyc R800:5cyc
      |000050|C049|  CD 25 34
------+------+----+----------------------------------
    59|      |    |LD HL, DBLVAL3
      |      |    |  Z80:11cyc R800:3cyc
      |000053|C04C|  21 70 C0
------+------+----+----------------------------------
    60|      |    |LD DE, DAC
      |      |    |  Z80:11cyc R800:3cyc
      |000056|C04F|  11 F6 F7
------+------+----+----------------------------------
    61|      |    |LD BC, 8
      |      |    |  Z80:11cyc R800:3cyc
      |000059|C052|  01 08 00
------+------+----+----------------------------------
    62|      |    |LDIR
      |      |    |  Z80:23cyc/18cyc R800:7cyc
      |00005C|C055|  ED B0
------+------+----+----------------------------------
    64|      |    |LD A, 2
      |      |    |  Z80:8cyc R800:2cyc
      |00005E|C057|  3E 02
------+------+----+----------------------------------
    65|      |    |LD [ VALTYP ], A
      |      |    |  Z80:14cyc R800:6cyc
      |000060|C059|  32 63 F6
------+------+----+----------------------------------
    67|      |    |CALL FOUT
      |      |    |  Z80:18cyc R800:5cyc
      |000063|C05C|  CD 25 34
------+------+----+----------------------------------
    68|      |    |RET
      |      |    |  Z80:11cyc R800:5cyc
      |000066|C05F|  C9
------+------+----+----------------------------------
    70|      |    |DBLVAL1 :
      |      |    |  label [DBLVAL1] address: 0x00c060
------+------+----+----------------------------------
    71|      |    |DB 0x00 | 0xC5
      |000067|C060|  C5
------+------+----+----------------------------------
    72|      |    |DB 0x99
      |000068|C061|  99
------+------+----+----------------------------------
    73|      |    |DB 0x99
      |000069|C062|  99
------+------+----+----------------------------------
    74|      |    |DB 0x99
      |00006A|C063|  99
------+------+----+----------------------------------
    75|      |    |DB 0x00
      |00006B|C064|  00
------+------+----+----------------------------------
    76|      |    |DB 0x00
      |00006C|C065|  00
------+------+----+----------------------------------
    77|      |    |DB 0x00
      |00006D|C066|  00
------+------+----+----------------------------------
    78|      |    |DB 0x00
      |00006E|C067|  00
------+------+----+----------------------------------
    80|      |    |DBLVAL2 :
      |      |    |  label [DBLVAL2] address: 0x00c068
------+------+----+----------------------------------
    81|      |    |DB 0x00 | 0x45
      |00006F|C068|  45
------+------+----+----------------------------------
    82|      |    |DB 0x99
      |000070|C069|  99
------+------+----+----------------------------------
    83|      |    |DB 0x99
      |000071|C06A|  99
------+------+----+----------------------------------
    84|      |    |DB 0x99
      |000072|C06B|  99
------+------+----+----------------------------------
    85|      |    |DB 0x99
      |000073|C06C|  99
------+------+----+----------------------------------
    86|      |    |DB 0x99
      |000074|C06D|  99
------+------+----+----------------------------------
    87|      |    |DB 0x99
      |000075|C06E|  99
------+------+----+----------------------------------
    88|      |    |DB 0x99
      |000076|C06F|  99
------+------+----+----------------------------------
    90|      |    |DBLVAL3 :
      |      |    |  label [DBLVAL3] address: 0x00c070
------+------+----+----------------------------------
    91|      |    |DB 0x00
      |000077|C070|  00
------+------+----+----------------------------------
    92|      |    |DB 0x00
      |000078|C071|  00
------+------+----+----------------------------------
    93|      |    |DW 12345
      |000079|C072|  39 30
------+------+----+----------------------------------
    94|      |    |DB 0x00
      |00007B|C074|  00
------+------+----+----------------------------------
    95|      |    |DB 0x00
      |00007C|C075|  00
------+------+----+----------------------------------
    96|      |    |DB 0x00
      |00007D|C076|  00
------+------+----+----------------------------------
    97|      |    |DB 0x00
      |00007E|C077|  00
------+------+----+----------------------------------
    98|      |    |END_ADDRESS :
      |      |    |  label [END_ADDRESS] address: 0x00c078
------+------+----+----------------------------------
<< label >>
DAC ............. 63478 ( 0xf7f6 )
DBLVAL1 ......... 49248 ( 0xc060 )
DBLVAL2 ......... 49256 ( 0xc068 )
DBLVAL3 ......... 49264 ( 0xc070 )
END_ADDRESS ..... 49272 ( 0xc078 )
FOUT ............ 13349 ( 0x3425 )
START_ADDRESS ... 49152 ( 0xc000 )
VALTYP .......... 63075 ( 0xf663 )
