Z80 Macro Assembler ZMA v1.0.16
=====================================================
Programmed by t.hara

  DEFS is DEFINE STRING (default).
  OUTPUT TYPE: BINARY

<< code >>
LINE# |OFFSET|ADDR|MNEMONIC
======+======+====+==================================
     7|      |    |DB 0xFE
      |000000|0000|  FE
------+------+----+----------------------------------
     8|      |    |DW START_ADDRESS
      |000001|0001|  00 C0
------+------+----+----------------------------------
     9|      |    |DW END_ADDRESS
      |000003|0003|  A3 C0
------+------+----+----------------------------------
    10|      |    |DW START_ADDRESS
      |000005|0005|  00 C0
------+------+----+----------------------------------
    13|      |    |DECADD := 0x269A
      |      |    |  Global integer symbol [DECADD] = 9882 (0x269a)
------+------+----+----------------------------------
    14|      |    |DAC := 0xF7F6
      |      |    |  Global integer symbol [DAC] = 63478 (0xf7f6)
------+------+----+----------------------------------
    15|      |    |VALTYP := 0xF663
      |      |    |  Global integer symbol [VALTYP] = 63075 (0xf663)
------+------+----+----------------------------------
    16|      |    |ARG := 0xF847
      |      |    |  Global integer symbol [ARG] = 63559 (0xf847)
------+------+----+----------------------------------
    17|      |    |MOVFM := 0x2EBE
      |      |    |  Global integer symbol [MOVFM] = 11966 (0x2ebe)
------+------+----+----------------------------------
    18|      |    |MAF := 0x2C4D
      |      |    |  Global integer symbol [MAF] = 11341 (0x2c4d)
------+------+----+----------------------------------
    20|      |    |ORG 0xC000
------+------+----+----------------------------------
    21|      |    |START_ADDRESS :
      |      |    |  label [START_ADDRESS] address: 0x00c000
------+------+----+----------------------------------
    22|      |    |LD HL, DBLVAL1
      |      |    |  Z80:11cyc R800:3cyc
      |000007|C000|  21 8B C0
------+------+----+----------------------------------
    23|      |    |LD DE, DAC
      |      |    |  Z80:11cyc R800:3cyc
      |00000A|C003|  11 F6 F7
------+------+----+----------------------------------
    24|      |    |LD BC, 8
      |      |    |  Z80:11cyc R800:3cyc
      |00000D|C006|  01 08 00
------+------+----+----------------------------------
    25|      |    |LDIR
      |      |    |  Z80:23cyc/18cyc R800:7cyc
      |000010|C009|  ED B0
------+------+----+----------------------------------
    27|      |    |LD HL, DBLVAL1
      |      |    |  Z80:11cyc R800:3cyc
      |000012|C00B|  21 8B C0
------+------+----+----------------------------------
    28|      |    |LD DE, ARG
      |      |    |  Z80:11cyc R800:3cyc
      |000015|C00E|  11 47 F8
------+------+----+----------------------------------
    29|      |    |LD BC, 8
      |      |    |  Z80:11cyc R800:3cyc
      |000018|C011|  01 08 00
------+------+----+----------------------------------
    30|      |    |LDIR
      |      |    |  Z80:23cyc/18cyc R800:7cyc
      |00001B|C014|  ED B0
------+------+----+----------------------------------
    32|      |    |LD A, 4
      |      |    |  Z80:8cyc R800:2cyc
      |00001D|C016|  3E 04
------+------+----+----------------------------------
    33|      |    |LD [ VALTYP ], A
      |      |    |  Z80:14cyc R800:6cyc
      |00001F|C018|  32 63 F6
------+------+----+----------------------------------
    35|      |    |CALL DECADD
      |      |    |  Z80:18cyc R800:5cyc
      |000022|C01B|  CD 9A 26
------+------+----+----------------------------------
    37|      |    |LD HL, DBLVAL2
      |      |    |  Z80:11cyc R800:3cyc
      |000025|C01E|  21 93 C0
------+------+----+----------------------------------
    38|      |    |LD DE, DAC
      |      |    |  Z80:11cyc R800:3cyc
      |000028|C021|  11 F6 F7
------+------+----+----------------------------------
    39|      |    |LD BC, 8
      |      |    |  Z80:11cyc R800:3cyc
      |00002B|C024|  01 08 00
------+------+----+----------------------------------
    40|      |    |LDIR
      |      |    |  Z80:23cyc/18cyc R800:7cyc
      |00002E|C027|  ED B0
------+------+----+----------------------------------
    42|      |    |LD HL, DBLVAL2
      |      |    |  Z80:11cyc R800:3cyc
      |000030|C029|  21 93 C0
------+------+----+----------------------------------
    43|      |    |LD DE, ARG
      |      |    |  Z80:11cyc R800:3cyc
      |000033|C02C|  11 47 F8
------+------+----+----------------------------------
    44|      |    |LD BC, 8
      |      |    |  Z80:11cyc R800:3cyc
      |000036|C02F|  01 08 00
------+------+----+----------------------------------
    45|      |    |LDIR
      |      |    |  Z80:23cyc/18cyc R800:7cyc
      |000039|C032|  ED B0
------+------+----+----------------------------------
    47|      |    |LD A, 4
      |      |    |  Z80:8cyc R800:2cyc
      |00003B|C034|  3E 04
------+------+----+----------------------------------
    48|      |    |LD [ VALTYP ], A
      |      |    |  Z80:14cyc R800:6cyc
      |00003D|C036|  32 63 F6
------+------+----+----------------------------------
    50|      |    |CALL DECADD
      |      |    |  Z80:18cyc R800:5cyc
      |000040|C039|  CD 9A 26
------+------+----+----------------------------------
    52|      |    |LD HL, DBLVAL2
      |      |    |  Z80:11cyc R800:3cyc
      |000043|C03C|  21 93 C0
------+------+----+----------------------------------
    53|      |    |LD DE, DAC
      |      |    |  Z80:11cyc R800:3cyc
      |000046|C03F|  11 F6 F7
------+------+----+----------------------------------
    54|      |    |LD BC, 8
      |      |    |  Z80:11cyc R800:3cyc
      |000049|C042|  01 08 00
------+------+----+----------------------------------
    55|      |    |LDIR
      |      |    |  Z80:23cyc/18cyc R800:7cyc
      |00004C|C045|  ED B0
------+------+----+----------------------------------
    57|      |    |LD HL, DBLVAL2
      |      |    |  Z80:11cyc R800:3cyc
      |00004E|C047|  21 93 C0
------+------+----+----------------------------------
    58|      |    |LD DE, ARG
      |      |    |  Z80:11cyc R800:3cyc
      |000051|C04A|  11 47 F8
------+------+----+----------------------------------
    59|      |    |LD BC, 8
      |      |    |  Z80:11cyc R800:3cyc
      |000054|C04D|  01 08 00
------+------+----+----------------------------------
    60|      |    |LDIR
      |      |    |  Z80:23cyc/18cyc R800:7cyc
      |000057|C050|  ED B0
------+------+----+----------------------------------
    62|      |    |LD A, 8
      |      |    |  Z80:8cyc R800:2cyc
      |000059|C052|  3E 08
------+------+----+----------------------------------
    63|      |    |LD [ VALTYP ], A
      |      |    |  Z80:14cyc R800:6cyc
      |00005B|C054|  32 63 F6
------+------+----+----------------------------------
    65|      |    |CALL DECADD
      |      |    |  Z80:18cyc R800:5cyc
      |00005E|C057|  CD 9A 26
------+------+----+----------------------------------
    67|      |    |LD HL, DBLVAL3
      |      |    |  Z80:11cyc R800:3cyc
      |000061|C05A|  21 9B C0
------+------+----+----------------------------------
    68|      |    |LD DE, DAC
      |      |    |  Z80:11cyc R800:3cyc
      |000064|C05D|  11 F6 F7
------+------+----+----------------------------------
    69|      |    |LD BC, 8
      |      |    |  Z80:11cyc R800:3cyc
      |000067|C060|  01 08 00
------+------+----+----------------------------------
    70|      |    |LDIR
      |      |    |  Z80:23cyc/18cyc R800:7cyc
      |00006A|C063|  ED B0
------+------+----+----------------------------------
    72|      |    |LD HL, DBLVAL3
      |      |    |  Z80:11cyc R800:3cyc
      |00006C|C065|  21 9B C0
------+------+----+----------------------------------
    73|      |    |LD DE, ARG
      |      |    |  Z80:11cyc R800:3cyc
      |00006F|C068|  11 47 F8
------+------+----+----------------------------------
    74|      |    |LD BC, 8
      |      |    |  Z80:11cyc R800:3cyc
      |000072|C06B|  01 08 00
------+------+----+----------------------------------
    75|      |    |LDIR
      |      |    |  Z80:23cyc/18cyc R800:7cyc
      |000075|C06E|  ED B0
------+------+----+----------------------------------
    77|      |    |LD A, 4
      |      |    |  Z80:8cyc R800:2cyc
      |000077|C070|  3E 04
------+------+----+----------------------------------
    78|      |    |LD [ VALTYP ], A
      |      |    |  Z80:14cyc R800:6cyc
      |000079|C072|  32 63 F6
------+------+----+----------------------------------
    80|      |    |CALL DECADD
      |      |    |  Z80:18cyc R800:5cyc
      |00007C|C075|  CD 9A 26
------+------+----+----------------------------------
    82|      |    |LD HL, DBLVAL2
      |      |    |  Z80:11cyc R800:3cyc
      |00007F|C078|  21 93 C0
------+------+----+----------------------------------
    83|      |    |CALL MOVFM
      |      |    |  Z80:18cyc R800:5cyc
      |000082|C07B|  CD BE 2E
------+------+----+----------------------------------
    84|      |    |CALL MAF
      |      |    |  Z80:18cyc R800:5cyc
      |000085|C07E|  CD 4D 2C
------+------+----+----------------------------------
    85|      |    |LD HL, DBLVAL2
      |      |    |  Z80:11cyc R800:3cyc
      |000088|C081|  21 93 C0
------+------+----+----------------------------------
    86|      |    |CALL MOVFM
      |      |    |  Z80:18cyc R800:5cyc
      |00008B|C084|  CD BE 2E
------+------+----+----------------------------------
    87|      |    |CALL DECADD
      |      |    |  Z80:18cyc R800:5cyc
      |00008E|C087|  CD 9A 26
------+------+----+----------------------------------
    88|      |    |RET
      |      |    |  Z80:11cyc R800:5cyc
      |000091|C08A|  C9
------+------+----+----------------------------------
    90|      |    |DBLVAL1 :
      |      |    |  label [DBLVAL1] address: 0x00c08b
------+------+----+----------------------------------
    91|      |    |DB 0x00 | 0x45
      |000092|C08B|  45
------+------+----+----------------------------------
    92|      |    |DB 0x99
      |000093|C08C|  99
------+------+----+----------------------------------
    93|      |    |DB 0x99
      |000094|C08D|  99
------+------+----+----------------------------------
    94|      |    |DB 0x99
      |000095|C08E|  99
------+------+----+----------------------------------
    95|      |    |DB 0x00
      |000096|C08F|  00
------+------+----+----------------------------------
    96|      |    |DB 0x00
      |000097|C090|  00
------+------+----+----------------------------------
    97|      |    |DB 0x00
      |000098|C091|  00
------+------+----+----------------------------------
    98|      |    |DB 0x00
      |000099|C092|  00
------+------+----+----------------------------------
   100|      |    |DBLVAL2 :
      |      |    |  label [DBLVAL2] address: 0x00c093
------+------+----+----------------------------------
   101|      |    |DB 0x00 | 0x45
      |00009A|C093|  45
------+------+----+----------------------------------
   102|      |    |DB 0x99
      |00009B|C094|  99
------+------+----+----------------------------------
   103|      |    |DB 0x99
      |00009C|C095|  99
------+------+----+----------------------------------
   104|      |    |DB 0x99
      |00009D|C096|  99
------+------+----+----------------------------------
   105|      |    |DB 0x99
      |00009E|C097|  99
------+------+----+----------------------------------
   106|      |    |DB 0x99
      |00009F|C098|  99
------+------+----+----------------------------------
   107|      |    |DB 0x99
      |0000A0|C099|  99
------+------+----+----------------------------------
   108|      |    |DB 0x99
      |0000A1|C09A|  99
------+------+----+----------------------------------
   110|      |    |DBLVAL3 :
      |      |    |  label [DBLVAL3] address: 0x00c09b
------+------+----+----------------------------------
   111|      |    |DB 0x00 | 0x45
      |0000A2|C09B|  45
------+------+----+----------------------------------
   112|      |    |DB 0x01
      |0000A3|C09C|  01
------+------+----+----------------------------------
   113|      |    |DB 0x01
      |0000A4|C09D|  01
------+------+----+----------------------------------
   114|      |    |DB 0x01
      |0000A5|C09E|  01
------+------+----+----------------------------------
   115|      |    |DB 0x01
      |0000A6|C09F|  01
------+------+----+----------------------------------
   116|      |    |DB 0x01
      |0000A7|C0A0|  01
------+------+----+----------------------------------
   117|      |    |DB 0x01
      |0000A8|C0A1|  01
------+------+----+----------------------------------
   118|      |    |DB 0x01
      |0000A9|C0A2|  01
------+------+----+----------------------------------
   119|      |    |END_ADDRESS :
      |      |    |  label [END_ADDRESS] address: 0x00c0a3
------+------+----+----------------------------------
<< label >>
ARG ............. 63559 ( 0xf847 )
DAC ............. 63478 ( 0xf7f6 )
DBLVAL1 ......... 49291 ( 0xc08b )
DBLVAL2 ......... 49299 ( 0xc093 )
DBLVAL3 ......... 49307 ( 0xc09b )
DECADD .......... 9882 ( 0x269a )
END_ADDRESS ..... 49315 ( 0xc0a3 )
MAF ............. 11341 ( 0x2c4d )
MOVFM ........... 11966 ( 0x2ebe )
START_ADDRESS ... 49152 ( 0xc000 )
VALTYP .......... 63075 ( 0xf663 )
