d:\github\hra_product\msx_basic_compiler\msx_basic_compiler\x64\release\vc143.pdb
d:\github\hra_product\msx_basic_compiler\msx_basic_compiler\x64\release\dim.obj
d:\github\hra_product\msx_basic_compiler\msx_basic_compiler\x64\release\defusr.obj
d:\github\hra_product\msx_basic_compiler\msx_basic_compiler\x64\release\defstr.obj
d:\github\hra_product\msx_basic_compiler\msx_basic_compiler\x64\release\defsng.obj
d:\github\hra_product\msx_basic_compiler\msx_basic_compiler\x64\release\defint.obj
d:\github\hra_product\msx_basic_compiler\msx_basic_compiler\x64\release\defdbl.obj
d:\github\hra_product\msx_basic_compiler\msx_basic_compiler\x64\release\data.obj
d:\github\hra_product\msx_basic_compiler\msx_basic_compiler\x64\release\copy.obj
d:\github\hra_product\msx_basic_compiler\msx_basic_compiler\x64\release\comment.obj
d:\github\hra_product\msx_basic_compiler\msx_basic_compiler\x64\release\color_sprite.obj
d:\github\hra_product\msx_basic_compiler\msx_basic_compiler\x64\release\color.obj
d:\github\hra_product\msx_basic_compiler\msx_basic_compiler\x64\release\cls.obj
d:\github\hra_product\msx_basic_compiler\msx_basic_compiler\x64\release\clear.obj
d:\github\hra_product\msx_basic_compiler\msx_basic_compiler\x64\release\call.obj
d:\github\hra_product\msx_basic_compiler\msx_basic_compiler\x64\release\bsave.obj
d:\github\hra_product\msx_basic_compiler\msx_basic_compiler\x64\release\bload.obj
d:\github\hra_product\msx_basic_compiler\msx_basic_compiler\x64\release\beep.obj
d:\github\hra_product\msx_basic_compiler\msx_basic_compiler\x64\release\basic_list.obj
d:\github\hra_product\msx_basic_compiler\msx_basic_compiler\x64\release\assembler_list.obj
d:\github\hra_product\msx_basic_compiler\msx_basic_compiler\x64\release\assembler_line.obj
d:\github\hra_product\msx_basic_compiler\msx_basic_compiler\x64\release\on_goto.obj
d:\github\hra_product\msx_basic_compiler\msx_basic_compiler\x64\release\next.obj
d:\github\hra_product\msx_basic_compiler\msx_basic_compiler\x64\release\name.obj
d:\github\hra_product\msx_basic_compiler\msx_basic_compiler\x64\release\mid.obj
d:\github\hra_product\msx_basic_compiler\msx_basic_compiler\x64\release\lset.obj
d:\github\hra_product\msx_basic_compiler\msx_basic_compiler\x64\release\locate.obj
d:\github\hra_product\msx_basic_compiler\msx_basic_compiler\x64\release\line.obj
d:\github\hra_product\msx_basic_compiler\msx_basic_compiler\x64\release\let.obj
d:\github\hra_product\msx_basic_compiler\msx_basic_compiler\x64\release\kill.obj
d:\github\hra_product\msx_basic_compiler\msx_basic_compiler\x64\release\key.obj
d:\github\hra_product\msx_basic_compiler\msx_basic_compiler\x64\release\irandomize.obj
d:\github\hra_product\msx_basic_compiler\msx_basic_compiler\x64\release\input.obj
d:\github\hra_product\msx_basic_compiler\msx_basic_compiler\x64\release\if.obj
d:\github\hra_product\msx_basic_compiler\msx_basic_compiler\x64\release\goto.obj
d:\github\hra_product\msx_basic_compiler\msx_basic_compiler\x64\release\gosub.obj
d:\github\hra_product\msx_basic_compiler\msx_basic_compiler\x64\release\for.obj
d:\github\hra_product\msx_basic_compiler\msx_basic_compiler\x64\release\files.obj
d:\github\hra_product\msx_basic_compiler\msx_basic_compiler\x64\release\error.obj
d:\github\hra_product\msx_basic_compiler\msx_basic_compiler\x64\release\erase.obj
d:\github\hra_product\msx_basic_compiler\msx_basic_compiler\x64\release\end.obj
d:\github\hra_product\msx_basic_compiler\msx_basic_compiler\x64\release\setscroll.obj
d:\github\hra_product\msx_basic_compiler\msx_basic_compiler\x64\release\setpage.obj
d:\github\hra_product\msx_basic_compiler\msx_basic_compiler\x64\release\screen.obj
d:\github\hra_product\msx_basic_compiler\msx_basic_compiler\x64\release\run.obj
d:\github\hra_product\msx_basic_compiler\msx_basic_compiler\x64\release\return.obj
d:\github\hra_product\msx_basic_compiler\msx_basic_compiler\x64\release\restore.obj
d:\github\hra_product\msx_basic_compiler\msx_basic_compiler\x64\release\read.obj
d:\github\hra_product\msx_basic_compiler\msx_basic_compiler\x64\release\put_sprite.obj
d:\github\hra_product\msx_basic_compiler\msx_basic_compiler\x64\release\pset.obj
d:\github\hra_product\msx_basic_compiler\msx_basic_compiler\x64\release\print.obj
d:\github\hra_product\msx_basic_compiler\msx_basic_compiler\x64\release\pokew.obj
d:\github\hra_product\msx_basic_compiler\msx_basic_compiler\x64\release\pokes.obj
d:\github\hra_product\msx_basic_compiler\msx_basic_compiler\x64\release\poke.obj
d:\github\hra_product\msx_basic_compiler\msx_basic_compiler\x64\release\play.obj
d:\github\hra_product\msx_basic_compiler\msx_basic_compiler\x64\release\out.obj
d:\github\hra_product\msx_basic_compiler\msx_basic_compiler\x64\release\on_strig.obj
d:\github\hra_product\msx_basic_compiler\msx_basic_compiler\x64\release\on_stop.obj
d:\github\hra_product\msx_basic_compiler\msx_basic_compiler\x64\release\on_sprite.obj
d:\github\hra_product\msx_basic_compiler\msx_basic_compiler\x64\release\on_key.obj
d:\github\hra_product\msx_basic_compiler\msx_basic_compiler\x64\release\on_interval.obj
d:\github\hra_product\msx_basic_compiler\msx_basic_compiler\x64\release\expression_csng.obj
d:\github\hra_product\msx_basic_compiler\msx_basic_compiler\x64\release\expression_cos.obj
d:\github\hra_product\msx_basic_compiler\msx_basic_compiler\x64\release\expression_cint.obj
d:\github\hra_product\msx_basic_compiler\msx_basic_compiler\x64\release\expression_chrhex.obj
d:\github\hra_product\msx_basic_compiler\msx_basic_compiler\x64\release\expression_chr.obj
d:\github\hra_product\msx_basic_compiler\msx_basic_compiler\x64\release\expression_cdbl.obj
d:\github\hra_product\msx_basic_compiler\msx_basic_compiler\x64\release\expression_bin.obj
d:\github\hra_product\msx_basic_compiler\msx_basic_compiler\x64\release\expression_base.obj
d:\github\hra_product\msx_basic_compiler\msx_basic_compiler\x64\release\expression_atn.obj
d:\github\hra_product\msx_basic_compiler\msx_basic_compiler\x64\release\expression_asc.obj
d:\github\hra_product\msx_basic_compiler\msx_basic_compiler\x64\release\expression_abs.obj
d:\github\hra_product\msx_basic_compiler\msx_basic_compiler\x64\release\expression.obj
d:\github\hra_product\msx_basic_compiler\msx_basic_compiler\x64\release\error_list.obj
d:\github\hra_product\msx_basic_compiler\msx_basic_compiler\x64\release\double_real.obj
d:\github\hra_product\msx_basic_compiler\msx_basic_compiler\x64\release\compiler.obj
d:\github\hra_product\msx_basic_compiler\msx_basic_compiler\x64\release\width.obj
d:\github\hra_product\msx_basic_compiler\msx_basic_compiler\x64\release\vpokes.obj
d:\github\hra_product\msx_basic_compiler\msx_basic_compiler\x64\release\vpoke.obj
d:\github\hra_product\msx_basic_compiler\msx_basic_compiler\x64\release\swap.obj
d:\github\hra_product\msx_basic_compiler\msx_basic_compiler\x64\release\sound.obj
d:\github\hra_product\msx_basic_compiler\msx_basic_compiler\x64\release\expression_mid.obj
d:\github\hra_product\msx_basic_compiler\msx_basic_compiler\x64\release\expression_log.obj
d:\github\hra_product\msx_basic_compiler\msx_basic_compiler\x64\release\expression_len.obj
d:\github\hra_product\msx_basic_compiler\msx_basic_compiler\x64\release\expression_left.obj
d:\github\hra_product\msx_basic_compiler\msx_basic_compiler\x64\release\expression_irnd.obj
d:\github\hra_product\msx_basic_compiler\msx_basic_compiler\x64\release\expression_int.obj
d:\github\hra_product\msx_basic_compiler\msx_basic_compiler\x64\release\expression_instr.obj
d:\github\hra_product\msx_basic_compiler\msx_basic_compiler\x64\release\expression_input.obj
d:\github\hra_product\msx_basic_compiler\msx_basic_compiler\x64\release\expression_inp.obj
d:\github\hra_product\msx_basic_compiler\msx_basic_compiler\x64\release\expression_inkey.obj
d:\github\hra_product\msx_basic_compiler\msx_basic_compiler\x64\release\expression_hexchr.obj
d:\github\hra_product\msx_basic_compiler\msx_basic_compiler\x64\release\expression_hex.obj
d:\github\hra_product\msx_basic_compiler\msx_basic_compiler\x64\release\expression_function.obj
d:\github\hra_product\msx_basic_compiler\msx_basic_compiler\x64\release\expression_fre.obj
d:\github\hra_product\msx_basic_compiler\msx_basic_compiler\x64\release\expression_fix.obj
d:\github\hra_product\msx_basic_compiler\msx_basic_compiler\x64\release\expression_exp.obj
d:\github\hra_product\msx_basic_compiler\msx_basic_compiler\x64\release\expression_cvs.obj
d:\github\hra_product\msx_basic_compiler\msx_basic_compiler\x64\release\expression_cvi.obj
d:\github\hra_product\msx_basic_compiler\msx_basic_compiler\x64\release\expression_cvd.obj
d:\github\hra_product\msx_basic_compiler\msx_basic_compiler\x64\release\expression_csrlin.obj
d:\github\hra_product\msx_basic_compiler\msx_basic_compiler\x64\release\expression_operator_neq.obj
d:\github\hra_product\msx_basic_compiler\msx_basic_compiler\x64\release\expression_operator_mul.obj
d:\github\hra_product\msx_basic_compiler\msx_basic_compiler\x64\release\expression_operator_mod.obj
d:\github\hra_product\msx_basic_compiler\msx_basic_compiler\x64\release\expression_operator_minus.obj
d:\github\hra_product\msx_basic_compiler\msx_basic_compiler\x64\release\expression_operator_lt.obj
d:\github\hra_product\msx_basic_compiler\msx_basic_compiler\x64\release\expression_operator_le.obj
d:\github\hra_product\msx_basic_compiler\msx_basic_compiler\x64\release\expression_operator_intdiv.obj
d:\github\hra_product\msx_basic_compiler\msx_basic_compiler\x64\release\expression_operator_imp.obj
d:\github\hra_product\msx_basic_compiler\msx_basic_compiler\x64\release\expression_operator_gt.obj
d:\github\hra_product\msx_basic_compiler\msx_basic_compiler\x64\release\expression_operator_ge.obj
d:\github\hra_product\msx_basic_compiler\msx_basic_compiler\x64\release\expression_operator_eqv.obj
d:\github\hra_product\msx_basic_compiler\msx_basic_compiler\x64\release\expression_operator_equ.obj
d:\github\hra_product\msx_basic_compiler\msx_basic_compiler\x64\release\expression_operator_div.obj
d:\github\hra_product\msx_basic_compiler\msx_basic_compiler\x64\release\expression_operator_and.obj
d:\github\hra_product\msx_basic_compiler\msx_basic_compiler\x64\release\expression_operator_add.obj
d:\github\hra_product\msx_basic_compiler\msx_basic_compiler\x64\release\expression_oct.obj
d:\github\hra_product\msx_basic_compiler\msx_basic_compiler\x64\release\expression_msxver.obj
d:\github\hra_product\msx_basic_compiler\msx_basic_compiler\x64\release\expression_mks.obj
d:\github\hra_product\msx_basic_compiler\msx_basic_compiler\x64\release\expression_mki.obj
d:\github\hra_product\msx_basic_compiler\msx_basic_compiler\x64\release\expression_mkd.obj
d:\github\hra_product\msx_basic_compiler\msx_basic_compiler\x64\release\expression_tan.obj
d:\github\hra_product\msx_basic_compiler\msx_basic_compiler\x64\release\expression_string.obj
d:\github\hra_product\msx_basic_compiler\msx_basic_compiler\x64\release\expression_strig.obj
d:\github\hra_product\msx_basic_compiler\msx_basic_compiler\x64\release\expression_str.obj
d:\github\hra_product\msx_basic_compiler\msx_basic_compiler\x64\release\expression_stick.obj
d:\github\hra_product\msx_basic_compiler\msx_basic_compiler\x64\release\expression_sqr.obj
d:\github\hra_product\msx_basic_compiler\msx_basic_compiler\x64\release\expression_space.obj
d:\github\hra_product\msx_basic_compiler\msx_basic_compiler\x64\release\expression_sin.obj
d:\github\hra_product\msx_basic_compiler\msx_basic_compiler\x64\release\expression_sgn.obj
d:\github\hra_product\msx_basic_compiler\msx_basic_compiler\x64\release\expression_rnd.obj
d:\github\hra_product\msx_basic_compiler\msx_basic_compiler\x64\release\expression_right.obj
d:\github\hra_product\msx_basic_compiler\msx_basic_compiler\x64\release\expression_peekw.obj
d:\github\hra_product\msx_basic_compiler\msx_basic_compiler\x64\release\expression_peeks.obj
d:\github\hra_product\msx_basic_compiler\msx_basic_compiler\x64\release\expression_peek.obj
d:\github\hra_product\msx_basic_compiler\msx_basic_compiler\x64\release\expression_pad.obj
d:\github\hra_product\msx_basic_compiler\msx_basic_compiler\x64\release\expression_operator_xor.obj
d:\github\hra_product\msx_basic_compiler\msx_basic_compiler\x64\release\expression_operator_sub.obj
d:\github\hra_product\msx_basic_compiler\msx_basic_compiler\x64\release\expression_operator_power.obj
d:\github\hra_product\msx_basic_compiler\msx_basic_compiler\x64\release\expression_operator_or.obj
d:\github\hra_product\msx_basic_compiler\msx_basic_compiler\x64\release\expression_operator_not.obj
d:\github\hra_product\msx_basic_compiler\msx_basic_compiler\x64\release\variable_manager.obj
d:\github\hra_product\msx_basic_compiler\msx_basic_compiler\x64\release\string_value.obj
d:\github\hra_product\msx_basic_compiler\msx_basic_compiler\x64\release\single_real.obj
d:\github\hra_product\msx_basic_compiler\msx_basic_compiler\x64\release\msx_basic_compiler.obj
d:\github\hra_product\msx_basic_compiler\msx_basic_compiler\x64\release\expression_vpeeks.obj
d:\github\hra_product\msx_basic_compiler\msx_basic_compiler\x64\release\expression_vpeek.obj
d:\github\hra_product\msx_basic_compiler\msx_basic_compiler\x64\release\expression_vdp.obj
d:\github\hra_product\msx_basic_compiler\msx_basic_compiler\x64\release\expression_varptr.obj
d:\github\hra_product\msx_basic_compiler\msx_basic_compiler\x64\release\expression_variable.obj
d:\github\hra_product\msx_basic_compiler\msx_basic_compiler\x64\release\expression_val.obj
d:\github\hra_product\msx_basic_compiler\msx_basic_compiler\x64\release\expression_usr.obj
d:\github\hra_product\msx_basic_compiler\msx_basic_compiler\x64\release\expression_time.obj
d:\github\hra_product\msx_basic_compiler\msx_basic_compiler\x64\release\expression_term.obj
d:\github\hra_product\msx_basic_compiler\msx_basic_compiler\x64\release\paint.obj
d:\github\hra_product\msx_basic_compiler\msx_basic_compiler\x64\release\get.obj
d:\github\hra_product\msx_basic_compiler\msx_basic_compiler\x64\release\setadjust.obj
d:\github\hra_product\msx_basic_compiler\msx_basic_compiler\x64\release\setbeep.obj
d:\github\hra_product\msx_basic_compiler\msx_basic_compiler\x64\release\settitle.obj
d:\github\hra_product\msx_basic_compiler\msx_basic_compiler\x64\release\setscreen.obj
d:\github\hra_product\msx_basic_compiler\msx_basic_compiler\x64\release\setprompt.obj
d:\github\hra_product\msx_basic_compiler\msx_basic_compiler\x64\release\circle.obj
d:\github\hra_product\msx_basic_compiler\msx_basic_compiler\x64\release\expression_point.obj
d:\github\hra_product\msx_basic_compiler\msx_basic_compiler\x64\release\msx_bacon.ipdb
d:\github\hra_product\msx_basic_compiler\msx_basic_compiler\x64\release\msx_bacon.iobj
d:\github\hra_product\msx_basic_compiler\msx_basic_compiler\x64\release\msx_bacon.exe
d:\github\hra_product\msx_basic_compiler\msx_basic_compiler\x64\release\msx_bacon.pdb
d:\github\hra_product\msx_basic_compiler\msx_basic_compiler\x64\release\msx_basi.ea90cff4.tlog\cl.command.1.tlog
d:\github\hra_product\msx_basic_compiler\msx_basic_compiler\x64\release\msx_basi.ea90cff4.tlog\cl.items.tlog
d:\github\hra_product\msx_basic_compiler\msx_basic_compiler\x64\release\msx_basi.ea90cff4.tlog\cl.read.1.tlog
d:\github\hra_product\msx_basic_compiler\msx_basic_compiler\x64\release\msx_basi.ea90cff4.tlog\cl.write.1.tlog
d:\github\hra_product\msx_basic_compiler\msx_basic_compiler\x64\release\msx_basi.ea90cff4.tlog\link.command.1.tlog
d:\github\hra_product\msx_basic_compiler\msx_basic_compiler\x64\release\msx_basi.ea90cff4.tlog\link.read.1.tlog
d:\github\hra_product\msx_basic_compiler\msx_basic_compiler\x64\release\msx_basi.ea90cff4.tlog\link.write.1.tlog
d:\github\hra_product\msx_basic_compiler\msx_basic_compiler\x64\release\msx_basi.ea90cff4.tlog\link.write.2u.tlog
