c:\users\hra\documents\github\hra_product\msx_basic_compiler\msx_basic_compiler\release\vc143.pdb
c:\users\hra\documents\github\hra_product\msx_basic_compiler\msx_basic_compiler\release\error.obj
c:\users\hra\documents\github\hra_product\msx_basic_compiler\msx_basic_compiler\release\erase.obj
c:\users\hra\documents\github\hra_product\msx_basic_compiler\msx_basic_compiler\release\end.obj
c:\users\hra\documents\github\hra_product\msx_basic_compiler\msx_basic_compiler\release\dim.obj
c:\users\hra\documents\github\hra_product\msx_basic_compiler\msx_basic_compiler\release\defusr.obj
c:\users\hra\documents\github\hra_product\msx_basic_compiler\msx_basic_compiler\release\defstr.obj
c:\users\hra\documents\github\hra_product\msx_basic_compiler\msx_basic_compiler\release\defsng.obj
c:\users\hra\documents\github\hra_product\msx_basic_compiler\msx_basic_compiler\release\defint.obj
c:\users\hra\documents\github\hra_product\msx_basic_compiler\msx_basic_compiler\release\defdbl.obj
c:\users\hra\documents\github\hra_product\msx_basic_compiler\msx_basic_compiler\release\data.obj
c:\users\hra\documents\github\hra_product\msx_basic_compiler\msx_basic_compiler\release\comment.obj
c:\users\hra\documents\github\hra_product\msx_basic_compiler\msx_basic_compiler\release\color.obj
c:\users\hra\documents\github\hra_product\msx_basic_compiler\msx_basic_compiler\release\cls.obj
c:\users\hra\documents\github\hra_product\msx_basic_compiler\msx_basic_compiler\release\clear.obj
c:\users\hra\documents\github\hra_product\msx_basic_compiler\msx_basic_compiler\release\call.obj
c:\users\hra\documents\github\hra_product\msx_basic_compiler\msx_basic_compiler\release\bload.obj
c:\users\hra\documents\github\hra_product\msx_basic_compiler\msx_basic_compiler\release\beep.obj
c:\users\hra\documents\github\hra_product\msx_basic_compiler\msx_basic_compiler\release\basic_list.obj
c:\users\hra\documents\github\hra_product\msx_basic_compiler\msx_basic_compiler\release\assembler_list.obj
c:\users\hra\documents\github\hra_product\msx_basic_compiler\msx_basic_compiler\release\assembler_line.obj
c:\users\hra\documents\github\hra_product\msx_basic_compiler\msx_basic_compiler\release\put_sprite.obj
c:\users\hra\documents\github\hra_product\msx_basic_compiler\msx_basic_compiler\release\print.obj
c:\users\hra\documents\github\hra_product\msx_basic_compiler\msx_basic_compiler\release\poke.obj
c:\users\hra\documents\github\hra_product\msx_basic_compiler\msx_basic_compiler\release\play.obj
c:\users\hra\documents\github\hra_product\msx_basic_compiler\msx_basic_compiler\release\out.obj
c:\users\hra\documents\github\hra_product\msx_basic_compiler\msx_basic_compiler\release\on_strig.obj
c:\users\hra\documents\github\hra_product\msx_basic_compiler\msx_basic_compiler\release\on_sprite.obj
c:\users\hra\documents\github\hra_product\msx_basic_compiler\msx_basic_compiler\release\on_key.obj
c:\users\hra\documents\github\hra_product\msx_basic_compiler\msx_basic_compiler\release\on_interval.obj
c:\users\hra\documents\github\hra_product\msx_basic_compiler\msx_basic_compiler\release\on_goto.obj
c:\users\hra\documents\github\hra_product\msx_basic_compiler\msx_basic_compiler\release\next.obj
c:\users\hra\documents\github\hra_product\msx_basic_compiler\msx_basic_compiler\release\mid.obj
c:\users\hra\documents\github\hra_product\msx_basic_compiler\msx_basic_compiler\release\locate.obj
c:\users\hra\documents\github\hra_product\msx_basic_compiler\msx_basic_compiler\release\let.obj
c:\users\hra\documents\github\hra_product\msx_basic_compiler\msx_basic_compiler\release\key.obj
c:\users\hra\documents\github\hra_product\msx_basic_compiler\msx_basic_compiler\release\input.obj
c:\users\hra\documents\github\hra_product\msx_basic_compiler\msx_basic_compiler\release\if.obj
c:\users\hra\documents\github\hra_product\msx_basic_compiler\msx_basic_compiler\release\goto.obj
c:\users\hra\documents\github\hra_product\msx_basic_compiler\msx_basic_compiler\release\gosub.obj
c:\users\hra\documents\github\hra_product\msx_basic_compiler\msx_basic_compiler\release\for.obj
c:\users\hra\documents\github\hra_product\msx_basic_compiler\msx_basic_compiler\release\expression_chr.obj
c:\users\hra\documents\github\hra_product\msx_basic_compiler\msx_basic_compiler\release\expression_cdbl.obj
c:\users\hra\documents\github\hra_product\msx_basic_compiler\msx_basic_compiler\release\expression_bin.obj
c:\users\hra\documents\github\hra_product\msx_basic_compiler\msx_basic_compiler\release\expression_atn.obj
c:\users\hra\documents\github\hra_product\msx_basic_compiler\msx_basic_compiler\release\expression_asc.obj
c:\users\hra\documents\github\hra_product\msx_basic_compiler\msx_basic_compiler\release\expression_abs.obj
c:\users\hra\documents\github\hra_product\msx_basic_compiler\msx_basic_compiler\release\expression.obj
c:\users\hra\documents\github\hra_product\msx_basic_compiler\msx_basic_compiler\release\error_list.obj
c:\users\hra\documents\github\hra_product\msx_basic_compiler\msx_basic_compiler\release\double_real.obj
c:\users\hra\documents\github\hra_product\msx_basic_compiler\msx_basic_compiler\release\compiler.obj
c:\users\hra\documents\github\hra_product\msx_basic_compiler\msx_basic_compiler\release\width.obj
c:\users\hra\documents\github\hra_product\msx_basic_compiler\msx_basic_compiler\release\vpoke.obj
c:\users\hra\documents\github\hra_product\msx_basic_compiler\msx_basic_compiler\release\sound.obj
c:\users\hra\documents\github\hra_product\msx_basic_compiler\msx_basic_compiler\release\setscroll.obj
c:\users\hra\documents\github\hra_product\msx_basic_compiler\msx_basic_compiler\release\setpage.obj
c:\users\hra\documents\github\hra_product\msx_basic_compiler\msx_basic_compiler\release\screen.obj
c:\users\hra\documents\github\hra_product\msx_basic_compiler\msx_basic_compiler\release\run.obj
c:\users\hra\documents\github\hra_product\msx_basic_compiler\msx_basic_compiler\release\return.obj
c:\users\hra\documents\github\hra_product\msx_basic_compiler\msx_basic_compiler\release\restore.obj
c:\users\hra\documents\github\hra_product\msx_basic_compiler\msx_basic_compiler\release\read.obj
c:\users\hra\documents\github\hra_product\msx_basic_compiler\msx_basic_compiler\release\expression_operator_and.obj
c:\users\hra\documents\github\hra_product\msx_basic_compiler\msx_basic_compiler\release\expression_operator_add.obj
c:\users\hra\documents\github\hra_product\msx_basic_compiler\msx_basic_compiler\release\expression_oct.obj
c:\users\hra\documents\github\hra_product\msx_basic_compiler\msx_basic_compiler\release\expression_mid.obj
c:\users\hra\documents\github\hra_product\msx_basic_compiler\msx_basic_compiler\release\expression_log.obj
c:\users\hra\documents\github\hra_product\msx_basic_compiler\msx_basic_compiler\release\expression_len.obj
c:\users\hra\documents\github\hra_product\msx_basic_compiler\msx_basic_compiler\release\expression_left.obj
c:\users\hra\documents\github\hra_product\msx_basic_compiler\msx_basic_compiler\release\expression_int.obj
c:\users\hra\documents\github\hra_product\msx_basic_compiler\msx_basic_compiler\release\expression_instr.obj
c:\users\hra\documents\github\hra_product\msx_basic_compiler\msx_basic_compiler\release\expression_inp.obj
c:\users\hra\documents\github\hra_product\msx_basic_compiler\msx_basic_compiler\release\expression_inkey.obj
c:\users\hra\documents\github\hra_product\msx_basic_compiler\msx_basic_compiler\release\expression_hex.obj
c:\users\hra\documents\github\hra_product\msx_basic_compiler\msx_basic_compiler\release\expression_function.obj
c:\users\hra\documents\github\hra_product\msx_basic_compiler\msx_basic_compiler\release\expression_fre.obj
c:\users\hra\documents\github\hra_product\msx_basic_compiler\msx_basic_compiler\release\expression_fix.obj
c:\users\hra\documents\github\hra_product\msx_basic_compiler\msx_basic_compiler\release\expression_exp.obj
c:\users\hra\documents\github\hra_product\msx_basic_compiler\msx_basic_compiler\release\expression_csrlin.obj
c:\users\hra\documents\github\hra_product\msx_basic_compiler\msx_basic_compiler\release\expression_csng.obj
c:\users\hra\documents\github\hra_product\msx_basic_compiler\msx_basic_compiler\release\expression_cos.obj
c:\users\hra\documents\github\hra_product\msx_basic_compiler\msx_basic_compiler\release\expression_cint.obj
c:\users\hra\documents\github\hra_product\msx_basic_compiler\msx_basic_compiler\release\expression_peek.obj
c:\users\hra\documents\github\hra_product\msx_basic_compiler\msx_basic_compiler\release\expression_pad.obj
c:\users\hra\documents\github\hra_product\msx_basic_compiler\msx_basic_compiler\release\expression_operator_xor.obj
c:\users\hra\documents\github\hra_product\msx_basic_compiler\msx_basic_compiler\release\expression_operator_sub.obj
c:\users\hra\documents\github\hra_product\msx_basic_compiler\msx_basic_compiler\release\expression_operator_power.obj
c:\users\hra\documents\github\hra_product\msx_basic_compiler\msx_basic_compiler\release\expression_operator_or.obj
c:\users\hra\documents\github\hra_product\msx_basic_compiler\msx_basic_compiler\release\expression_operator_not.obj
c:\users\hra\documents\github\hra_product\msx_basic_compiler\msx_basic_compiler\release\expression_operator_neq.obj
c:\users\hra\documents\github\hra_product\msx_basic_compiler\msx_basic_compiler\release\expression_operator_mul.obj
c:\users\hra\documents\github\hra_product\msx_basic_compiler\msx_basic_compiler\release\expression_operator_mod.obj
c:\users\hra\documents\github\hra_product\msx_basic_compiler\msx_basic_compiler\release\expression_operator_minus.obj
c:\users\hra\documents\github\hra_product\msx_basic_compiler\msx_basic_compiler\release\expression_operator_lt.obj
c:\users\hra\documents\github\hra_product\msx_basic_compiler\msx_basic_compiler\release\expression_operator_le.obj
c:\users\hra\documents\github\hra_product\msx_basic_compiler\msx_basic_compiler\release\expression_operator_intdiv.obj
c:\users\hra\documents\github\hra_product\msx_basic_compiler\msx_basic_compiler\release\expression_operator_imp.obj
c:\users\hra\documents\github\hra_product\msx_basic_compiler\msx_basic_compiler\release\expression_operator_gt.obj
c:\users\hra\documents\github\hra_product\msx_basic_compiler\msx_basic_compiler\release\expression_operator_ge.obj
c:\users\hra\documents\github\hra_product\msx_basic_compiler\msx_basic_compiler\release\expression_operator_eqv.obj
c:\users\hra\documents\github\hra_product\msx_basic_compiler\msx_basic_compiler\release\expression_operator_equ.obj
c:\users\hra\documents\github\hra_product\msx_basic_compiler\msx_basic_compiler\release\expression_operator_div.obj
c:\users\hra\documents\github\hra_product\msx_basic_compiler\msx_basic_compiler\release\single_real.obj
c:\users\hra\documents\github\hra_product\msx_basic_compiler\msx_basic_compiler\release\msx_basic_compiler.obj
c:\users\hra\documents\github\hra_product\msx_basic_compiler\msx_basic_compiler\release\expression_vpeek.obj
c:\users\hra\documents\github\hra_product\msx_basic_compiler\msx_basic_compiler\release\expression_vdp.obj
c:\users\hra\documents\github\hra_product\msx_basic_compiler\msx_basic_compiler\release\expression_varptr.obj
c:\users\hra\documents\github\hra_product\msx_basic_compiler\msx_basic_compiler\release\expression_variable.obj
c:\users\hra\documents\github\hra_product\msx_basic_compiler\msx_basic_compiler\release\expression_val.obj
c:\users\hra\documents\github\hra_product\msx_basic_compiler\msx_basic_compiler\release\expression_usr.obj
c:\users\hra\documents\github\hra_product\msx_basic_compiler\msx_basic_compiler\release\expression_time.obj
c:\users\hra\documents\github\hra_product\msx_basic_compiler\msx_basic_compiler\release\expression_term.obj
c:\users\hra\documents\github\hra_product\msx_basic_compiler\msx_basic_compiler\release\expression_tan.obj
c:\users\hra\documents\github\hra_product\msx_basic_compiler\msx_basic_compiler\release\expression_string.obj
c:\users\hra\documents\github\hra_product\msx_basic_compiler\msx_basic_compiler\release\expression_strig.obj
c:\users\hra\documents\github\hra_product\msx_basic_compiler\msx_basic_compiler\release\expression_str.obj
c:\users\hra\documents\github\hra_product\msx_basic_compiler\msx_basic_compiler\release\expression_stick.obj
c:\users\hra\documents\github\hra_product\msx_basic_compiler\msx_basic_compiler\release\expression_sqr.obj
c:\users\hra\documents\github\hra_product\msx_basic_compiler\msx_basic_compiler\release\expression_sin.obj
c:\users\hra\documents\github\hra_product\msx_basic_compiler\msx_basic_compiler\release\expression_sgn.obj
c:\users\hra\documents\github\hra_product\msx_basic_compiler\msx_basic_compiler\release\expression_rnd.obj
c:\users\hra\documents\github\hra_product\msx_basic_compiler\msx_basic_compiler\release\expression_right.obj
c:\users\hra\documents\github\hra_product\msx_basic_compiler\msx_basic_compiler\release\variable_manager.obj
c:\users\hra\documents\github\hra_product\msx_basic_compiler\msx_basic_compiler\release\string_value.obj
c:\users\hra\documents\github\hra_product\msx_basic_compiler\msx_basic_compiler\release\msx_bacon.ipdb
c:\users\hra\documents\github\hra_product\msx_basic_compiler\msx_basic_compiler\release\msx_bacon.iobj
c:\users\hra\documents\github\hra_product\msx_basic_compiler\msx_basic_compiler\release\msx_bacon.exe
c:\users\hra\documents\github\hra_product\msx_basic_compiler\msx_basic_compiler\release\msx_bacon.pdb
d:\github\hra_product\msx_basic_compiler\msx_basic_compiler\release\assembler_line.obj
d:\github\hra_product\msx_basic_compiler\msx_basic_compiler\release\assembler_list.obj
d:\github\hra_product\msx_basic_compiler\msx_basic_compiler\release\basic_list.obj
d:\github\hra_product\msx_basic_compiler\msx_basic_compiler\release\beep.obj
d:\github\hra_product\msx_basic_compiler\msx_basic_compiler\release\bload.obj
d:\github\hra_product\msx_basic_compiler\msx_basic_compiler\release\call.obj
d:\github\hra_product\msx_basic_compiler\msx_basic_compiler\release\clear.obj
d:\github\hra_product\msx_basic_compiler\msx_basic_compiler\release\cls.obj
d:\github\hra_product\msx_basic_compiler\msx_basic_compiler\release\color.obj
d:\github\hra_product\msx_basic_compiler\msx_basic_compiler\release\comment.obj
d:\github\hra_product\msx_basic_compiler\msx_basic_compiler\release\compiler.obj
d:\github\hra_product\msx_basic_compiler\msx_basic_compiler\release\data.obj
d:\github\hra_product\msx_basic_compiler\msx_basic_compiler\release\defdbl.obj
d:\github\hra_product\msx_basic_compiler\msx_basic_compiler\release\defint.obj
d:\github\hra_product\msx_basic_compiler\msx_basic_compiler\release\defsng.obj
d:\github\hra_product\msx_basic_compiler\msx_basic_compiler\release\defstr.obj
d:\github\hra_product\msx_basic_compiler\msx_basic_compiler\release\defusr.obj
d:\github\hra_product\msx_basic_compiler\msx_basic_compiler\release\dim.obj
d:\github\hra_product\msx_basic_compiler\msx_basic_compiler\release\double_real.obj
d:\github\hra_product\msx_basic_compiler\msx_basic_compiler\release\end.obj
d:\github\hra_product\msx_basic_compiler\msx_basic_compiler\release\erase.obj
d:\github\hra_product\msx_basic_compiler\msx_basic_compiler\release\error.obj
d:\github\hra_product\msx_basic_compiler\msx_basic_compiler\release\error_list.obj
d:\github\hra_product\msx_basic_compiler\msx_basic_compiler\release\expression.obj
d:\github\hra_product\msx_basic_compiler\msx_basic_compiler\release\expression_abs.obj
d:\github\hra_product\msx_basic_compiler\msx_basic_compiler\release\expression_asc.obj
d:\github\hra_product\msx_basic_compiler\msx_basic_compiler\release\expression_atn.obj
d:\github\hra_product\msx_basic_compiler\msx_basic_compiler\release\expression_bin.obj
d:\github\hra_product\msx_basic_compiler\msx_basic_compiler\release\expression_cdbl.obj
d:\github\hra_product\msx_basic_compiler\msx_basic_compiler\release\expression_chr.obj
d:\github\hra_product\msx_basic_compiler\msx_basic_compiler\release\expression_cint.obj
d:\github\hra_product\msx_basic_compiler\msx_basic_compiler\release\expression_cos.obj
d:\github\hra_product\msx_basic_compiler\msx_basic_compiler\release\expression_csng.obj
d:\github\hra_product\msx_basic_compiler\msx_basic_compiler\release\expression_csrlin.obj
d:\github\hra_product\msx_basic_compiler\msx_basic_compiler\release\expression_exp.obj
d:\github\hra_product\msx_basic_compiler\msx_basic_compiler\release\expression_fix.obj
d:\github\hra_product\msx_basic_compiler\msx_basic_compiler\release\expression_fre.obj
d:\github\hra_product\msx_basic_compiler\msx_basic_compiler\release\expression_function.obj
d:\github\hra_product\msx_basic_compiler\msx_basic_compiler\release\expression_hex.obj
d:\github\hra_product\msx_basic_compiler\msx_basic_compiler\release\expression_inkey.obj
d:\github\hra_product\msx_basic_compiler\msx_basic_compiler\release\expression_inp.obj
d:\github\hra_product\msx_basic_compiler\msx_basic_compiler\release\expression_instr.obj
d:\github\hra_product\msx_basic_compiler\msx_basic_compiler\release\expression_int.obj
d:\github\hra_product\msx_basic_compiler\msx_basic_compiler\release\expression_left.obj
d:\github\hra_product\msx_basic_compiler\msx_basic_compiler\release\expression_len.obj
d:\github\hra_product\msx_basic_compiler\msx_basic_compiler\release\expression_log.obj
d:\github\hra_product\msx_basic_compiler\msx_basic_compiler\release\expression_mid.obj
d:\github\hra_product\msx_basic_compiler\msx_basic_compiler\release\expression_oct.obj
d:\github\hra_product\msx_basic_compiler\msx_basic_compiler\release\expression_operator_add.obj
d:\github\hra_product\msx_basic_compiler\msx_basic_compiler\release\expression_operator_and.obj
d:\github\hra_product\msx_basic_compiler\msx_basic_compiler\release\expression_operator_div.obj
d:\github\hra_product\msx_basic_compiler\msx_basic_compiler\release\expression_operator_equ.obj
d:\github\hra_product\msx_basic_compiler\msx_basic_compiler\release\expression_operator_eqv.obj
d:\github\hra_product\msx_basic_compiler\msx_basic_compiler\release\expression_operator_ge.obj
d:\github\hra_product\msx_basic_compiler\msx_basic_compiler\release\expression_operator_gt.obj
d:\github\hra_product\msx_basic_compiler\msx_basic_compiler\release\expression_operator_imp.obj
d:\github\hra_product\msx_basic_compiler\msx_basic_compiler\release\expression_operator_intdiv.obj
d:\github\hra_product\msx_basic_compiler\msx_basic_compiler\release\expression_operator_le.obj
d:\github\hra_product\msx_basic_compiler\msx_basic_compiler\release\expression_operator_lt.obj
d:\github\hra_product\msx_basic_compiler\msx_basic_compiler\release\expression_operator_minus.obj
d:\github\hra_product\msx_basic_compiler\msx_basic_compiler\release\expression_operator_mod.obj
d:\github\hra_product\msx_basic_compiler\msx_basic_compiler\release\expression_operator_mul.obj
d:\github\hra_product\msx_basic_compiler\msx_basic_compiler\release\expression_operator_neq.obj
d:\github\hra_product\msx_basic_compiler\msx_basic_compiler\release\expression_operator_not.obj
d:\github\hra_product\msx_basic_compiler\msx_basic_compiler\release\expression_operator_or.obj
d:\github\hra_product\msx_basic_compiler\msx_basic_compiler\release\expression_operator_power.obj
d:\github\hra_product\msx_basic_compiler\msx_basic_compiler\release\expression_operator_sub.obj
d:\github\hra_product\msx_basic_compiler\msx_basic_compiler\release\expression_operator_xor.obj
d:\github\hra_product\msx_basic_compiler\msx_basic_compiler\release\expression_pad.obj
d:\github\hra_product\msx_basic_compiler\msx_basic_compiler\release\expression_peek.obj
d:\github\hra_product\msx_basic_compiler\msx_basic_compiler\release\expression_right.obj
d:\github\hra_product\msx_basic_compiler\msx_basic_compiler\release\expression_rnd.obj
d:\github\hra_product\msx_basic_compiler\msx_basic_compiler\release\expression_sgn.obj
d:\github\hra_product\msx_basic_compiler\msx_basic_compiler\release\expression_sin.obj
d:\github\hra_product\msx_basic_compiler\msx_basic_compiler\release\expression_sqr.obj
d:\github\hra_product\msx_basic_compiler\msx_basic_compiler\release\expression_stick.obj
d:\github\hra_product\msx_basic_compiler\msx_basic_compiler\release\expression_str.obj
d:\github\hra_product\msx_basic_compiler\msx_basic_compiler\release\expression_strig.obj
d:\github\hra_product\msx_basic_compiler\msx_basic_compiler\release\expression_string.obj
d:\github\hra_product\msx_basic_compiler\msx_basic_compiler\release\expression_tan.obj
d:\github\hra_product\msx_basic_compiler\msx_basic_compiler\release\expression_term.obj
d:\github\hra_product\msx_basic_compiler\msx_basic_compiler\release\expression_time.obj
d:\github\hra_product\msx_basic_compiler\msx_basic_compiler\release\expression_usr.obj
d:\github\hra_product\msx_basic_compiler\msx_basic_compiler\release\expression_val.obj
d:\github\hra_product\msx_basic_compiler\msx_basic_compiler\release\expression_variable.obj
d:\github\hra_product\msx_basic_compiler\msx_basic_compiler\release\expression_varptr.obj
d:\github\hra_product\msx_basic_compiler\msx_basic_compiler\release\expression_vdp.obj
d:\github\hra_product\msx_basic_compiler\msx_basic_compiler\release\expression_vpeek.obj
d:\github\hra_product\msx_basic_compiler\msx_basic_compiler\release\for.obj
d:\github\hra_product\msx_basic_compiler\msx_basic_compiler\release\gosub.obj
d:\github\hra_product\msx_basic_compiler\msx_basic_compiler\release\goto.obj
d:\github\hra_product\msx_basic_compiler\msx_basic_compiler\release\if.obj
d:\github\hra_product\msx_basic_compiler\msx_basic_compiler\release\input.obj
d:\github\hra_product\msx_basic_compiler\msx_basic_compiler\release\key.obj
d:\github\hra_product\msx_basic_compiler\msx_basic_compiler\release\let.obj
d:\github\hra_product\msx_basic_compiler\msx_basic_compiler\release\locate.obj
d:\github\hra_product\msx_basic_compiler\msx_basic_compiler\release\mid.obj
d:\github\hra_product\msx_basic_compiler\msx_basic_compiler\release\msx_basic_compiler.obj
d:\github\hra_product\msx_basic_compiler\msx_basic_compiler\release\next.obj
d:\github\hra_product\msx_basic_compiler\msx_basic_compiler\release\on_goto.obj
d:\github\hra_product\msx_basic_compiler\msx_basic_compiler\release\on_interval.obj
d:\github\hra_product\msx_basic_compiler\msx_basic_compiler\release\on_key.obj
d:\github\hra_product\msx_basic_compiler\msx_basic_compiler\release\on_sprite.obj
d:\github\hra_product\msx_basic_compiler\msx_basic_compiler\release\on_strig.obj
d:\github\hra_product\msx_basic_compiler\msx_basic_compiler\release\out.obj
d:\github\hra_product\msx_basic_compiler\msx_basic_compiler\release\play.obj
d:\github\hra_product\msx_basic_compiler\msx_basic_compiler\release\poke.obj
d:\github\hra_product\msx_basic_compiler\msx_basic_compiler\release\print.obj
d:\github\hra_product\msx_basic_compiler\msx_basic_compiler\release\put_sprite.obj
d:\github\hra_product\msx_basic_compiler\msx_basic_compiler\release\read.obj
d:\github\hra_product\msx_basic_compiler\msx_basic_compiler\release\restore.obj
d:\github\hra_product\msx_basic_compiler\msx_basic_compiler\release\return.obj
d:\github\hra_product\msx_basic_compiler\msx_basic_compiler\release\run.obj
d:\github\hra_product\msx_basic_compiler\msx_basic_compiler\release\screen.obj
d:\github\hra_product\msx_basic_compiler\msx_basic_compiler\release\setpage.obj
d:\github\hra_product\msx_basic_compiler\msx_basic_compiler\release\setscroll.obj
d:\github\hra_product\msx_basic_compiler\msx_basic_compiler\release\single_real.obj
d:\github\hra_product\msx_basic_compiler\msx_basic_compiler\release\sound.obj
d:\github\hra_product\msx_basic_compiler\msx_basic_compiler\release\string_value.obj
d:\github\hra_product\msx_basic_compiler\msx_basic_compiler\release\variable_manager.obj
d:\github\hra_product\msx_basic_compiler\msx_basic_compiler\release\vpoke.obj
d:\github\hra_product\msx_basic_compiler\msx_basic_compiler\release\width.obj
d:\github\hra_product\msx_basic_compiler\msx_basic_compiler\release\msx_bacon.ipdb
d:\github\hra_product\msx_basic_compiler\msx_basic_compiler\release\msx_bacon.iobj
d:\github\hra_product\msx_basic_compiler\msx_basic_compiler\release\msx_bacon.pdb
d:\github\hra_product\msx_basic_compiler\msx_basic_compiler\release\vc142.pdb
d:\github\hra_product\msx_basic_compiler\msx_basic_compiler\release\vc143.pdb
d:\github\hra_product\msx_basic_compiler\msx_basic_compiler\release\msx_bacon.exe
d:\github\hra_product\msx_basic_compiler\msx_basic_compiler\release\msx_basi.ea90cff4.tlog\cl.command.1.tlog
d:\github\hra_product\msx_basic_compiler\msx_basic_compiler\release\msx_basi.ea90cff4.tlog\cl.items.tlog
d:\github\hra_product\msx_basic_compiler\msx_basic_compiler\release\msx_basi.ea90cff4.tlog\cl.read.1.tlog
d:\github\hra_product\msx_basic_compiler\msx_basic_compiler\release\msx_basi.ea90cff4.tlog\cl.write.1.tlog
d:\github\hra_product\msx_basic_compiler\msx_basic_compiler\release\msx_basi.ea90cff4.tlog\link.command.1.tlog
d:\github\hra_product\msx_basic_compiler\msx_basic_compiler\release\msx_basi.ea90cff4.tlog\link.read.1.tlog
d:\github\hra_product\msx_basic_compiler\msx_basic_compiler\release\msx_basi.ea90cff4.tlog\link.write.1.tlog
d:\github\hra_product\msx_basic_compiler\msx_basic_compiler\release\msx_basi.ea90cff4.tlog\link.write.2u.tlog
d:\github\hra_product\msx_basic_compiler\msx_basic_compiler\release\msx_basi.ea90cff4.tlog\msx_basic_compiler.write.1u.tlog
