  beep.cpp
  bload.cpp
  bsave.cpp
  call.cpp
  circle.cpp
  clear.cpp
  cls.cpp
  color.cpp
  color_sprite.cpp
  comment.cpp
  copy.cpp
  data.cpp
  defdbl.cpp
  defint.cpp
  defsng.cpp
  defstr.cpp
  defusr.cpp
  dim.cpp
  end.cpp
  erase.cpp
  コンパイル中...
  error.cpp
  files.cpp
  for.cpp
  get.cpp
  gosub.cpp
  goto.cpp
  if.cpp
  input.cpp
  irandomize.cpp
  key.cpp
  kill.cpp
  let.cpp
  line.cpp
  locate.cpp
  lset.cpp
  mid.cpp
  name.cpp
  next.cpp
  on_goto.cpp
  on_interval.cpp
  コンパイル中...
  on_key.cpp
  on_sprite.cpp
  on_stop.cpp
  on_strig.cpp
  out.cpp
  paint.cpp
  play.cpp
  poke.cpp
  pokes.cpp
  pokew.cpp
  print.cpp
  pset.cpp
  put_sprite.cpp
  read.cpp
  restore.cpp
  return.cpp
  run.cpp
  screen.cpp
  setadjust.cpp
  setbeep.cpp
  コンパイル中...
  setpage.cpp
  setprompt.cpp
  setscreen.cpp
  setscroll.cpp
  settitle.cpp
  sound.cpp
  swap.cpp
  vpoke.cpp
  vpokes.cpp
  width.cpp
  compiler.cpp
  expression_varptr.cpp
  msx_basic_compiler.cpp
  コード生成しています。
  144 of 2417 functions ( 6.0%) were compiled, the rest were copied from previous compilation.
    1 functions were new in current compilation
    76 functions had inline decision re-evaluated but remain unchanged
  コード生成が終了しました。
  msx_basic_compiler.vcxproj -> D:\github\HRA_product\msx_basic_compiler\msx_basic_compiler\Release\msx_bacon.exe
