Z80 Macro Assembler ZMA v1.0.17
=====================================================
Programmed by t.hara

  DEFS is DEFINE STRING (default).
  OUTPUT TYPE: BINARY

<< code >>
LINE# |OFFSET|ADDR|MNEMONIC
======+======+====+==================================
     8|      |    |DB 0xFE
      |000000|0000|  FE
------+------+----+----------------------------------
     9|      |    |DW START_ADDRESS
      |000001|0001|  00 C0
------+------+----+----------------------------------
    10|      |    |DW END_ADDRESS
      |000003|0003|  21 C0
------+------+----+----------------------------------
    11|      |    |DW START_ADDRESS
      |000005|0005|  00 C0
------+------+----+----------------------------------
    14|      |    |NEWSTT := 0x4601
      |      |    |  Global integer symbol [NEWSTT] = 17921 (0x4601)
------+------+----+----------------------------------
    16|      |    |ORG 0xC000
------+------+----+----------------------------------
    17|      |    |START_ADDRESS :
      |      |    |  label [START_ADDRESS] address: 0x00c000
------+------+----+----------------------------------
    19|      |    |LD HL, BASIC_PROG
      |      |    |  Z80:11cyc R800:3cyc
      |000007|C000|  21 1E C0
------+------+----+----------------------------------
    20|      |    |CALL NEWSTT
      |      |    |  Z80:18cyc R800:5cyc
      |00000A|C003|  CD 01 46
------+------+----+----------------------------------
    22|      |    |LD HL, STR1
      |      |    |  Z80:11cyc R800:3cyc
      |00000D|C006|  21 12 C0
------+------+----+----------------------------------
    23|      |    |LOOP :
      |      |    |  label [LOOP] address: 0x00c009
------+------+----+----------------------------------
    24|      |    |LD A, [ HL ]
      |      |    |  Z80:8cyc R800:4cyc
      |000010|C009|  7E
------+------+----+----------------------------------
    25|      |    |OR A, A
      |      |    |  Z80:5cyc R800:1cyc
      |000011|C00A|  B7
------+------+----+----------------------------------
    26|      |    |JR Z, EXIT
      |      |    |  Z80:13cyc/8cyc R800:3cyc/2cyc
      |000012|C00B|  28 04
------+------+----+----------------------------------
    27|      |    |RST 0x18
      |      |    |  Z80:12cyc R800:6cyc/7cyc
      |000014|C00D|  DF
------+------+----+----------------------------------
    28|      |    |INC HL
      |      |    |  Z80:7cyc R800:1cyc
      |000015|C00E|  23
------+------+----+----------------------------------
    29|      |    |JR LOOP
      |      |    |  Z80:13cyc R800:3cyc
      |000016|C00F|  18 F8
------+------+----+----------------------------------
    30|      |    |EXIT :
      |      |    |  label [EXIT] address: 0x00c011
------+------+----+----------------------------------
    31|      |    |RET
      |      |    |  Z80:11cyc R800:5cyc
      |000018|C011|  C9
------+------+----+----------------------------------
    33|      |    |STR1 :
      |      |    |  label [STR1] address: 0x00c012
------+------+----+----------------------------------
    34|      |    |DB "returned.", 10, 13, 0
      |000019|C012|  72 65 74 75 72 6E 65 64
      |000021|C01A|  2E 0A 0D 00
------+------+----+----------------------------------
    36|      |    |BASIC_PROG :
      |      |    |  label [BASIC_PROG] address: 0x00c01e
------+------+----+----------------------------------
    37|      |    |DB ':'
      |000025|C01E|  3A
------+------+----+----------------------------------
    38|      |    |DB 0x81
      |000026|C01F|  81
------+------+----+----------------------------------
    39|      |    |DB 0x00
      |000027|C020|  00
------+------+----+----------------------------------
    40|      |    |END_ADDRESS :
      |      |    |  label [END_ADDRESS] address: 0x00c021
------+------+----+----------------------------------
<< label >>
BASIC_PROG ...... 49182 ( 0xc01e )
END_ADDRESS ..... 49185 ( 0xc021 )
EXIT ............ 49169 ( 0xc011 )
LOOP ............ 49161 ( 0xc009 )
NEWSTT .......... 17921 ( 0x4601 )
START_ADDRESS ... 49152 ( 0xc000 )
STR1 ............ 49170 ( 0xc012 )
