Z80 Macro Assembler ZMA v1.0.17
=====================================================
Programmed by t.hara

  DEFS is DEFINE STRING (default).
  OUTPUT TYPE: BINARY

<< code >>
LINE# |OFFSET|ADDR|MNEMONIC
======+======+====+==================================
     1|      |    |BIOS_CALSLT := 0x0001C
      |      |    |  Global integer symbol [BIOS_CALSLT] = 28 (0x1c)
------+------+----+----------------------------------
     2|      |    |BIOS_DECMUL := 0x027E6
      |      |    |  Global integer symbol [BIOS_DECMUL] = 10214 (0x27e6)
------+------+----+----------------------------------
     3|      |    |BIOS_INT := 0x030CF
      |      |    |  Global integer symbol [BIOS_INT] = 12495 (0x30cf)
------+------+----+----------------------------------
     4|      |    |BLIB_GET_SIN_TABLE := 0x040DE
      |      |    |  Global integer symbol [BLIB_GET_SIN_TABLE] = 16606 (0x40de)
------+------+----+----------------------------------
     5|      |    |BIOS_LINE := 0x058FC
      |      |    |  Global integer symbol [BIOS_LINE] = 22780 (0x58fc)
------+------+----+----------------------------------
     6|      |    |WORK_BLIBSLOT := 0x0F3D3
      |      |    |  Global integer symbol [WORK_BLIBSLOT] = 62419 (0xf3d3)
------+------+----+----------------------------------
     7|      |    |WORK_ASPCT1 := 0x0F40B
      |      |    |  Global integer symbol [WORK_ASPCT1] = 62475 (0xf40b)
------+------+----+----------------------------------
     8|      |    |WORK_ASPCT2 := 0x0F40D
      |      |    |  Global integer symbol [WORK_ASPCT2] = 62477 (0xf40d)
------+------+----+----------------------------------
     9|      |    |WORK_BUF := 0x0F55E
      |      |    |  Global integer symbol [WORK_BUF] = 62814 (0xf55e)
------+------+----+----------------------------------
    10|      |    |WORK_VALTYP := 0x0F663
      |      |    |  Global integer symbol [WORK_VALTYP] = 63075 (0xf663)
------+------+----+----------------------------------
    11|      |    |WORK_DAC := 0x0F7F6
      |      |    |  Global integer symbol [WORK_DAC] = 63478 (0xf7f6)
------+------+----+----------------------------------
    12|      |    |WORK_SCRMOD := 0x0FCAF
      |      |    |  Global integer symbol [WORK_SCRMOD] = 64687 (0xfcaf)
------+------+----+----------------------------------
    13|      |    |WORK_CIRCLE_X_SHIFT := WORK_BUF + 65
      |      |    |  Global integer symbol [WORK_CIRCLE_X_SHIFT] = 62879 (0xf59f)
------+------+----+----------------------------------
    14|      |    |WORK_CIRCLE_QUADRANT0 := WORK_BUF + 66
      |      |    |  Global integer symbol [WORK_CIRCLE_QUADRANT0] = 62880 (0xf5a0)
------+------+----+----------------------------------
    15|      |    |WORK_CIRCLE_QUADRANT1 := WORK_BUF + 67
      |      |    |  Global integer symbol [WORK_CIRCLE_QUADRANT1] = 62881 (0xf5a1)
------+------+----+----------------------------------
    16|      |    |WORK_CIRCLE_QUADRANT2 := WORK_BUF + 68
      |      |    |  Global integer symbol [WORK_CIRCLE_QUADRANT2] = 62882 (0xf5a2)
------+------+----+----------------------------------
    17|      |    |WORK_CIRCLE_QUADRANT3 := WORK_BUF + 69
      |      |    |  Global integer symbol [WORK_CIRCLE_QUADRANT3] = 62883 (0xf5a3)
------+------+----+----------------------------------
    18|      |    |WORK_CIRCLE_CENTERX := WORK_BUF + 70
      |      |    |  Global integer symbol [WORK_CIRCLE_CENTERX] = 62884 (0xf5a4)
------+------+----+----------------------------------
    19|      |    |WORK_CIRCLE_CENTERY := WORK_BUF + 72
      |      |    |  Global integer symbol [WORK_CIRCLE_CENTERY] = 62886 (0xf5a6)
------+------+----+----------------------------------
    20|      |    |WORK_CIRCLE_RADIUSX := WORK_BUF + 74
      |      |    |  Global integer symbol [WORK_CIRCLE_RADIUSX] = 62888 (0xf5a8)
------+------+----+----------------------------------
    21|      |    |WORK_CIRCLE_RADIUSY := WORK_BUF + 76
      |      |    |  Global integer symbol [WORK_CIRCLE_RADIUSY] = 62890 (0xf5aa)
------+------+----+----------------------------------
    22|      |    |WORK_CIRCLE_PREV_CXOFF1 := WORK_BUF + 78
      |      |    |  Global integer symbol [WORK_CIRCLE_PREV_CXOFF1] = 62892 (0xf5ac)
------+------+----+----------------------------------
    23|      |    |WORK_CIRCLE_PREV_CYOFF1 := WORK_BUF + 80
      |      |    |  Global integer symbol [WORK_CIRCLE_PREV_CYOFF1] = 62894 (0xf5ae)
------+------+----+----------------------------------
    24|      |    |WORK_CIRCLE_PREV_CXOFF2 := WORK_BUF + 82
      |      |    |  Global integer symbol [WORK_CIRCLE_PREV_CXOFF2] = 62896 (0xf5b0)
------+------+----+----------------------------------
    25|      |    |WORK_CIRCLE_PREV_CYOFF2 := WORK_BUF + 84
      |      |    |  Global integer symbol [WORK_CIRCLE_PREV_CYOFF2] = 62898 (0xf5b2)
------+------+----+----------------------------------
    26|      |    |WORK_CIRCLE_CXOFF1 := WORK_BUF + 86
      |      |    |  Global integer symbol [WORK_CIRCLE_CXOFF1] = 62900 (0xf5b4)
------+------+----+----------------------------------
    27|      |    |WORK_CIRCLE_CYOFF1 := WORK_BUF + 88
      |      |    |  Global integer symbol [WORK_CIRCLE_CYOFF1] = 62902 (0xf5b6)
------+------+----+----------------------------------
    28|      |    |WORK_CIRCLE_CXOFF2 := WORK_BUF + 90
      |      |    |  Global integer symbol [WORK_CIRCLE_CXOFF2] = 62904 (0xf5b8)
------+------+----+----------------------------------
    29|      |    |WORK_CIRCLE_CYOFF2 := WORK_BUF + 92
      |      |    |  Global integer symbol [WORK_CIRCLE_CYOFF2] = 62906 (0xf5ba)
------+------+----+----------------------------------
    31|      |    |WORK_ARG := 0x0F847
      |      |    |  Global integer symbol [WORK_ARG] = 63559 (0xf847)
------+------+----+----------------------------------
    33|      |    |BIOS_CHGMOD := 0x0005F
      |      |    |  Global integer symbol [BIOS_CHGMOD] = 95 (0x5f)
------+------+----+----------------------------------
    35|      |    |WORK_GXPOS := 0x0FCB3
      |      |    |  Global integer symbol [WORK_GXPOS] = 64691 (0xfcb3)
------+------+----+----------------------------------
    36|      |    |WORK_GYPOS := 0x0FCB5
      |      |    |  Global integer symbol [WORK_GYPOS] = 64693 (0xfcb5)
------+------+----+----------------------------------
    37|      |    |WORK_ASPECT := 0x0F931
      |      |    |  Global integer symbol [WORK_ASPECT] = 63793 (0xf931)
------+------+----+----------------------------------
    38|      |    |WORK_CPCNT := 0x0F939
      |      |    |  Global integer symbol [WORK_CPCNT] = 63801 (0xf939)
------+------+----+----------------------------------
    39|      |    |WORK_CRCSUM := 0x0F93D
      |      |    |  Global integer symbol [WORK_CRCSUM] = 63805 (0xf93d)
------+------+----+----------------------------------
    40|      |    |WORK_CSCLXY := 0x0F941
      |      |    |  Global integer symbol [WORK_CSCLXY] = 63809 (0xf941)
------+------+----+----------------------------------
    41|      |    |WORK_CXOFF := 0x0F945
      |      |    |  Global integer symbol [WORK_CXOFF] = 63813 (0xf945)
------+------+----+----------------------------------
    42|      |    |WORK_CYOFF := 0x0F947
      |      |    |  Global integer symbol [WORK_CYOFF] = 63815 (0xf947)
------+------+----+----------------------------------
    43|      |    |BIOS_SETATR := 0x0011A
      |      |    |  Global integer symbol [BIOS_SETATR] = 282 (0x11a)
------+------+----+----------------------------------
    45|      |    |DEFB 0xFE
      |000000|0000|  FE
------+------+----+----------------------------------
    46|      |    |DEFW START_ADDRESS
      |000001|0001|  00 A0
------+------+----+----------------------------------
    47|      |    |DEFW END_ADDRESS
      |000003|0003|  55 A6
------+------+----+----------------------------------
    48|      |    |DEFW START_ADDRESS
      |000005|0005|  00 A0
------+------+----+----------------------------------
    50|      |    |ORG 0xA000
------+------+----+----------------------------------
    51|      |    |START_ADDRESS ::
      |      |    |  global label [START_ADDRESS] address: 0x00a000
------+------+----+----------------------------------
    53|      |    |LD A, 5
      |      |    |  Z80:8cyc R800:2cyc
      |000007|A000|  3E 05
------+------+----+----------------------------------
    54|      |    |CALL BIOS_CHGMOD
      |      |    |  Z80:18cyc R800:5cyc
      |000009|A002|  CD 5F 00
------+------+----+----------------------------------
    56|      |    |LD HL, 128
      |      |    |  Z80:11cyc R800:3cyc
      |00000C|A005|  21 80 00
------+------+----+----------------------------------
    57|      |    |LD [ WORK_CIRCLE_CENTERX ], HL
      |      |    |  Z80:17cyc R800:7cyc
      |00000F|A008|  22 A4 F5
------+------+----+----------------------------------
    58|      |    |LD HL, 106
      |      |    |  Z80:11cyc R800:3cyc
      |000012|A00B|  21 6A 00
------+------+----+----------------------------------
    59|      |    |LD [ WORK_CIRCLE_CENTERY ], HL
      |      |    |  Z80:17cyc R800:7cyc
      |000015|A00E|  22 A6 F5
------+------+----+----------------------------------
    61|      |    |LD HL, 100
      |      |    |  Z80:11cyc R800:3cyc
      |000018|A011|  21 64 00
------+------+----+----------------------------------
    62|      |    |LD [ WORK_CIRCLE_RADIUSX ], HL
      |      |    |  Z80:17cyc R800:7cyc
      |00001B|A014|  22 A8 F5
------+------+----+----------------------------------
    64|      |    |LD HL, SINGLE_0
      |      |    |  Z80:11cyc R800:3cyc
      |00001E|A017|  21 38 A0
------+------+----+----------------------------------
    65|      |    |LD DE, WORK_CPCNT
      |      |    |  Z80:11cyc R800:3cyc
      |000021|A01A|  11 39 F9
------+------+----+----------------------------------
    66|      |    |CALL LD_DE_HL_FOR_SINGLE
      |      |    |  Z80:18cyc R800:5cyc
      |000024|A01D|  CD 40 A0
------+------+----+----------------------------------
    68|      |    |LD HL, SINGLE_0
      |      |    |  Z80:11cyc R800:3cyc
      |000027|A020|  21 38 A0
------+------+----+----------------------------------
    69|      |    |LD DE, WORK_CRCSUM
      |      |    |  Z80:11cyc R800:3cyc
      |00002A|A023|  11 3D F9
------+------+----+----------------------------------
    70|      |    |CALL LD_DE_HL_FOR_SINGLE
      |      |    |  Z80:18cyc R800:5cyc
      |00002D|A026|  CD 40 A0
------+------+----+----------------------------------
    72|      |    |LD HL, SINGLE_1
      |      |    |  Z80:11cyc R800:3cyc
      |000030|A029|  21 3C A0
------+------+----+----------------------------------
    73|      |    |LD DE, WORK_ASPECT
      |      |    |  Z80:11cyc R800:3cyc
      |000033|A02C|  11 31 F9
------+------+----+----------------------------------
    75|      |    |LD A, 15
      |      |    |  Z80:8cyc R800:2cyc
      |000036|A02F|  3E 0F
------+------+----+----------------------------------
    76|      |    |CALL BIOS_SETATR
      |      |    |  Z80:18cyc R800:5cyc
      |000038|A031|  CD 1A 01
------+------+----+----------------------------------
    78|      |    |CALL SUB_CIRCLE
      |      |    |  Z80:18cyc R800:5cyc
      |00003B|A034|  CD 9A A4
------+------+----+----------------------------------
    79|      |    |RET
      |      |    |  Z80:11cyc R800:5cyc
      |00003E|A037|  C9
------+------+----+----------------------------------
    80|      |    |SINGLE_0 :
      |      |    |  label [SINGLE_0] address: 0x00a038
------+------+----+----------------------------------
    81|      |    |DEFB 0x00, 0x00, 0x00, 0x00
      |00003F|A038|  00 00 00 00
------+------+----+----------------------------------
    82|      |    |SINGLE_1 :
      |      |    |  label [SINGLE_1] address: 0x00a03c
------+------+----+----------------------------------
    83|      |    |DEFB 0x41, 0x10, 0x00, 0x00
      |000043|A03C|  41 10 00 00
------+------+----+----------------------------------
    86|      |    |LD_DE_HL_FOR_SINGLE :
      |      |    |  label [LD_DE_HL_FOR_SINGLE] address: 0x00a040
------+------+----+----------------------------------
    87|      |    |LD BC, 4
      |      |    |  Z80:11cyc R800:3cyc
      |000047|A040|  01 04 00
------+------+----+----------------------------------
    88|      |    |LDIR
      |      |    |  Z80:23cyc/18cyc R800:7cyc
      |00004A|A043|  ED B0
------+------+----+----------------------------------
    89|      |    |RET
      |      |    |  Z80:11cyc R800:5cyc
      |00004C|A045|  C9
------+------+----+----------------------------------
    91|      |    |CALL_BLIB ::
      |      |    |  global label [CALL_BLIB] address: 0x00a046
------+------+----+----------------------------------
    92|      |    |LD IY, [ WORK_BLIBSLOT - 1 ]
      |      |    |  Z80:22cyc R800:8cyc
      |00004D|A046|  FD 2A D2 F3
------+------+----+----------------------------------
    93|      |    |CALL BIOS_CALSLT
      |      |    |  Z80:18cyc R800:5cyc
      |000051|A04A|  CD 1C 00
------+------+----+----------------------------------
    94|      |    |EI
      |      |    |  Z80:5cyc R800:1cyc
      |000054|A04D|  FB
------+------+----+----------------------------------
    95|      |    |RET
      |      |    |  Z80:11cyc R800:5cyc
      |000055|A04E|  C9
------+------+----+----------------------------------
    97|      |    |LD_ARG_SINGLE_REAL :
      |      |    |  label [LD_ARG_SINGLE_REAL] address: 0x00a04f
------+------+----+----------------------------------
    98|      |    |LD DE, WORK_ARG
      |      |    |  Z80:11cyc R800:3cyc
      |000056|A04F|  11 47 F8
------+------+----+----------------------------------
    99|      |    |LD BC, 4
      |      |    |  Z80:11cyc R800:3cyc
      |000059|A052|  01 04 00
------+------+----+----------------------------------
   100|      |    |LDIR
      |      |    |  Z80:23cyc/18cyc R800:7cyc
      |00005C|A055|  ED B0
------+------+----+----------------------------------
   101|      |    |LD [ WORK_ARG + 4 ], BC
      |      |    |  Z80:22cyc R800:8cyc
      |00005E|A057|  ED 43 4B F8
------+------+----+----------------------------------
   102|      |    |LD [ WORK_ARG + 6 ], BC
      |      |    |  Z80:22cyc R800:8cyc
      |000062|A05B|  ED 43 4D F8
------+------+----+----------------------------------
   103|      |    |LD A, 8
      |      |    |  Z80:8cyc R800:2cyc
      |000066|A05F|  3E 08
------+------+----+----------------------------------
   104|      |    |LD [ WORK_VALTYP ], A
      |      |    |  Z80:14cyc R800:6cyc
      |000068|A061|  32 63 F6
------+------+----+----------------------------------
   105|      |    |RET
      |      |    |  Z80:11cyc R800:5cyc
      |00006B|A064|  C9
------+------+----+----------------------------------
   107|      |    |SCOPE TEST_001_SIN_COS
      |      |    |  Enter scope: TEST_001_SIN_COS:
------+------+----+----------------------------------
   108|      |    |TEST_001_SIN_COS ::
      |      |    |  global label [TEST_001_SIN_COS] address: 0x00a065
------+------+----+----------------------------------
   110|      |    |LD IX, BLIB_GET_SIN_TABLE
      |      |    |  Z80:16cyc R800:4cyc
      |00006C|A065|  DD 21 DE 40
------+------+----+----------------------------------
   111|      |    |CALL CALL_BLIB
      |      |    |  Z80:18cyc R800:5cyc
      |000070|A069|  CD 46 A0
------+------+----+----------------------------------
   112|      |    |XOR A, A
      |      |    |  Z80:5cyc R800:1cyc
      |000073|A06C|  AF
------+------+----+----------------------------------
   113|      |    |LD DE, RESULT_TABLE
      |      |    |  Z80:11cyc R800:3cyc
      |000074|A06D|  11 9A A0
------+------+----+----------------------------------
   114|      |    |LOOP :
      |      |    |  label [TEST_001_SIN_COS:LOOP] address: 0x00a070
------+------+----+----------------------------------
   115|      |    |PUSH DE
      |      |    |  Z80:12cyc R800:6cyc
      |000077|A070|  D5
------+------+----+----------------------------------
   116|      |    |PUSH AF
      |      |    |  Z80:12cyc R800:6cyc
      |000078|A071|  F5
------+------+----+----------------------------------
   117|      |    |CALL _SUB_CIRCLE_COS
      |      |    |  Z80:18cyc R800:5cyc
      |000079|A072|  CD 28 A6
------+------+----+----------------------------------
   118|      |    |LD DE, 100
      |      |    |  Z80:11cyc R800:3cyc
      |00007C|A075|  11 64 00
------+------+----+----------------------------------
   119|      |    |CALL _SUB_CIRCLE_MUL
      |      |    |  Z80:18cyc R800:5cyc
      |00007F|A078|  CD FF A5
------+------+----+----------------------------------
   120|      |    |POP AF
      |      |    |  Z80:11cyc R800:5cyc
      |000082|A07B|  F1
------+------+----+----------------------------------
   121|      |    |POP DE
      |      |    |  Z80:11cyc R800:5cyc
      |000083|A07C|  D1
------+------+----+----------------------------------
   122|      |    |EX DE, HL
      |      |    |  Z80:5cyc R800:1cyc
      |000084|A07D|  EB
------+------+----+----------------------------------
   123|      |    |LD [ HL ], E
      |      |    |  Z80:8cyc R800:4cyc
      |000085|A07E|  73
------+------+----+----------------------------------
   124|      |    |INC HL
      |      |    |  Z80:7cyc R800:1cyc
      |000086|A07F|  23
------+------+----+----------------------------------
   125|      |    |LD [ HL ], D
      |      |    |  Z80:8cyc R800:4cyc
      |000087|A080|  72
------+------+----+----------------------------------
   126|      |    |INC HL
      |      |    |  Z80:7cyc R800:1cyc
      |000088|A081|  23
------+------+----+----------------------------------
   127|      |    |EX DE, HL
      |      |    |  Z80:5cyc R800:1cyc
      |000089|A082|  EB
------+------+----+----------------------------------
   129|      |    |PUSH DE
      |      |    |  Z80:12cyc R800:6cyc
      |00008A|A083|  D5
------+------+----+----------------------------------
   130|      |    |PUSH AF
      |      |    |  Z80:12cyc R800:6cyc
      |00008B|A084|  F5
------+------+----+----------------------------------
   131|      |    |CALL _SUB_CIRCLE_SIN
      |      |    |  Z80:18cyc R800:5cyc
      |00008C|A085|  CD 2A A6
------+------+----+----------------------------------
   132|      |    |LD DE, 100
      |      |    |  Z80:11cyc R800:3cyc
      |00008F|A088|  11 64 00
------+------+----+----------------------------------
   133|      |    |CALL _SUB_CIRCLE_MUL
      |      |    |  Z80:18cyc R800:5cyc
      |000092|A08B|  CD FF A5
------+------+----+----------------------------------
   134|      |    |POP AF
      |      |    |  Z80:11cyc R800:5cyc
      |000095|A08E|  F1
------+------+----+----------------------------------
   135|      |    |POP DE
      |      |    |  Z80:11cyc R800:5cyc
      |000096|A08F|  D1
------+------+----+----------------------------------
   136|      |    |EX DE, HL
      |      |    |  Z80:5cyc R800:1cyc
      |000097|A090|  EB
------+------+----+----------------------------------
   137|      |    |LD [ HL ], E
      |      |    |  Z80:8cyc R800:4cyc
      |000098|A091|  73
------+------+----+----------------------------------
   138|      |    |INC HL
      |      |    |  Z80:7cyc R800:1cyc
      |000099|A092|  23
------+------+----+----------------------------------
   139|      |    |LD [ HL ], D
      |      |    |  Z80:8cyc R800:4cyc
      |00009A|A093|  72
------+------+----+----------------------------------
   140|      |    |INC HL
      |      |    |  Z80:7cyc R800:1cyc
      |00009B|A094|  23
------+------+----+----------------------------------
   141|      |    |EX DE, HL
      |      |    |  Z80:5cyc R800:1cyc
      |00009C|A095|  EB
------+------+----+----------------------------------
   143|      |    |INC A
      |      |    |  Z80:5cyc R800:1cyc
      |00009D|A096|  3C
------+------+----+----------------------------------
   144|      |    |JR NZ, LOOP
      |      |    |  Z80:13cyc/8cyc R800:3cyc/2cyc
      |00009E|A097|  20 D7
------+------+----+----------------------------------
   145|      |    |RET
      |      |    |  Z80:11cyc R800:5cyc
      |0000A0|A099|  C9
------+------+----+----------------------------------
   147|      |    |RESULT_TABLE :
      |      |    |  label [TEST_001_SIN_COS:RESULT_TABLE] address: 0x00a09a
------+------+----+----------------------------------
   148|      |    |SPACE 256 * 2 * 2
      |      |    |  Allocate space: 1024byte(s)
      |      |    |  Fill value    : 0(0x00)
      |0000A1|A09A|  00 00 00 00 00 00 00 00
      |0000A9|A0A2|  00 00 00 00 00 00 00 00
      |0000B1|A0AA|  00 00 00 00 00 00 00 00
      |0000B9|A0B2|  00 00 00 00 00 00 00 00
      |0000C1|A0BA|  00 00 00 00 00 00 00 00
      |0000C9|A0C2|  00 00 00 00 00 00 00 00
      |0000D1|A0CA|  00 00 00 00 00 00 00 00
      |0000D9|A0D2|  00 00 00 00 00 00 00 00
      |0000E1|A0DA|  00 00 00 00 00 00 00 00
      |0000E9|A0E2|  00 00 00 00 00 00 00 00
      |0000F1|A0EA|  00 00 00 00 00 00 00 00
      |0000F9|A0F2|  00 00 00 00 00 00 00 00
      |000101|A0FA|  00 00 00 00 00 00 00 00
      |000109|A102|  00 00 00 00 00 00 00 00
      |000111|A10A|  00 00 00 00 00 00 00 00
      |000119|A112|  00 00 00 00 00 00 00 00
      |000121|A11A|  00 00 00 00 00 00 00 00
      |000129|A122|  00 00 00 00 00 00 00 00
      |000131|A12A|  00 00 00 00 00 00 00 00
      |000139|A132|  00 00 00 00 00 00 00 00
      |000141|A13A|  00 00 00 00 00 00 00 00
      |000149|A142|  00 00 00 00 00 00 00 00
      |000151|A14A|  00 00 00 00 00 00 00 00
      |000159|A152|  00 00 00 00 00 00 00 00
      |000161|A15A|  00 00 00 00 00 00 00 00
      |000169|A162|  00 00 00 00 00 00 00 00
      |000171|A16A|  00 00 00 00 00 00 00 00
      |000179|A172|  00 00 00 00 00 00 00 00
      |000181|A17A|  00 00 00 00 00 00 00 00
      |000189|A182|  00 00 00 00 00 00 00 00
      |000191|A18A|  00 00 00 00 00 00 00 00
      |000199|A192|  00 00 00 00 00 00 00 00
      |0001A1|A19A|  00 00 00 00 00 00 00 00
      |0001A9|A1A2|  00 00 00 00 00 00 00 00
      |0001B1|A1AA|  00 00 00 00 00 00 00 00
      |0001B9|A1B2|  00 00 00 00 00 00 00 00
      |0001C1|A1BA|  00 00 00 00 00 00 00 00
      |0001C9|A1C2|  00 00 00 00 00 00 00 00
      |0001D1|A1CA|  00 00 00 00 00 00 00 00
      |0001D9|A1D2|  00 00 00 00 00 00 00 00
      |0001E1|A1DA|  00 00 00 00 00 00 00 00
      |0001E9|A1E2|  00 00 00 00 00 00 00 00
      |0001F1|A1EA|  00 00 00 00 00 00 00 00
      |0001F9|A1F2|  00 00 00 00 00 00 00 00
      |000201|A1FA|  00 00 00 00 00 00 00 00
      |000209|A202|  00 00 00 00 00 00 00 00
      |000211|A20A|  00 00 00 00 00 00 00 00
      |000219|A212|  00 00 00 00 00 00 00 00
      |000221|A21A|  00 00 00 00 00 00 00 00
      |000229|A222|  00 00 00 00 00 00 00 00
      |000231|A22A|  00 00 00 00 00 00 00 00
      |000239|A232|  00 00 00 00 00 00 00 00
      |000241|A23A|  00 00 00 00 00 00 00 00
      |000249|A242|  00 00 00 00 00 00 00 00
      |000251|A24A|  00 00 00 00 00 00 00 00
      |000259|A252|  00 00 00 00 00 00 00 00
      |000261|A25A|  00 00 00 00 00 00 00 00
      |000269|A262|  00 00 00 00 00 00 00 00
      |000271|A26A|  00 00 00 00 00 00 00 00
      |000279|A272|  00 00 00 00 00 00 00 00
      |000281|A27A|  00 00 00 00 00 00 00 00
      |000289|A282|  00 00 00 00 00 00 00 00
      |000291|A28A|  00 00 00 00 00 00 00 00
      |000299|A292|  00 00 00 00 00 00 00 00
      |0002A1|A29A|  00 00 00 00 00 00 00 00
      |0002A9|A2A2|  00 00 00 00 00 00 00 00
      |0002B1|A2AA|  00 00 00 00 00 00 00 00
      |0002B9|A2B2|  00 00 00 00 00 00 00 00
      |0002C1|A2BA|  00 00 00 00 00 00 00 00
      |0002C9|A2C2|  00 00 00 00 00 00 00 00
      |0002D1|A2CA|  00 00 00 00 00 00 00 00
      |0002D9|A2D2|  00 00 00 00 00 00 00 00
      |0002E1|A2DA|  00 00 00 00 00 00 00 00
      |0002E9|A2E2|  00 00 00 00 00 00 00 00
      |0002F1|A2EA|  00 00 00 00 00 00 00 00
      |0002F9|A2F2|  00 00 00 00 00 00 00 00
      |000301|A2FA|  00 00 00 00 00 00 00 00
      |000309|A302|  00 00 00 00 00 00 00 00
      |000311|A30A|  00 00 00 00 00 00 00 00
      |000319|A312|  00 00 00 00 00 00 00 00
      |000321|A31A|  00 00 00 00 00 00 00 00
      |000329|A322|  00 00 00 00 00 00 00 00
      |000331|A32A|  00 00 00 00 00 00 00 00
      |000339|A332|  00 00 00 00 00 00 00 00
      |000341|A33A|  00 00 00 00 00 00 00 00
      |000349|A342|  00 00 00 00 00 00 00 00
      |000351|A34A|  00 00 00 00 00 00 00 00
      |000359|A352|  00 00 00 00 00 00 00 00
      |000361|A35A|  00 00 00 00 00 00 00 00
      |000369|A362|  00 00 00 00 00 00 00 00
      |000371|A36A|  00 00 00 00 00 00 00 00
      |000379|A372|  00 00 00 00 00 00 00 00
      |000381|A37A|  00 00 00 00 00 00 00 00
      |000389|A382|  00 00 00 00 00 00 00 00
      |000391|A38A|  00 00 00 00 00 00 00 00
      |000399|A392|  00 00 00 00 00 00 00 00
      |0003A1|A39A|  00 00 00 00 00 00 00 00
      |0003A9|A3A2|  00 00 00 00 00 00 00 00
      |0003B1|A3AA|  00 00 00 00 00 00 00 00
      |0003B9|A3B2|  00 00 00 00 00 00 00 00
      |0003C1|A3BA|  00 00 00 00 00 00 00 00
      |0003C9|A3C2|  00 00 00 00 00 00 00 00
      |0003D1|A3CA|  00 00 00 00 00 00 00 00
      |0003D9|A3D2|  00 00 00 00 00 00 00 00
      |0003E1|A3DA|  00 00 00 00 00 00 00 00
      |0003E9|A3E2|  00 00 00 00 00 00 00 00
      |0003F1|A3EA|  00 00 00 00 00 00 00 00
      |0003F9|A3F2|  00 00 00 00 00 00 00 00
      |000401|A3FA|  00 00 00 00 00 00 00 00
      |000409|A402|  00 00 00 00 00 00 00 00
      |000411|A40A|  00 00 00 00 00 00 00 00
      |000419|A412|  00 00 00 00 00 00 00 00
      |000421|A41A|  00 00 00 00 00 00 00 00
      |000429|A422|  00 00 00 00 00 00 00 00
      |000431|A42A|  00 00 00 00 00 00 00 00
      |000439|A432|  00 00 00 00 00 00 00 00
      |000441|A43A|  00 00 00 00 00 00 00 00
      |000449|A442|  00 00 00 00 00 00 00 00
      |000451|A44A|  00 00 00 00 00 00 00 00
      |000459|A452|  00 00 00 00 00 00 00 00
      |000461|A45A|  00 00 00 00 00 00 00 00
      |000469|A462|  00 00 00 00 00 00 00 00
      |000471|A46A|  00 00 00 00 00 00 00 00
      |000479|A472|  00 00 00 00 00 00 00 00
      |000481|A47A|  00 00 00 00 00 00 00 00
      |000489|A482|  00 00 00 00 00 00 00 00
      |000491|A48A|  00 00 00 00 00 00 00 00
      |000499|A492|  00 00 00 00 00 00 00 00
------+------+----+----------------------------------
   149|      |    |ENDSCOPE
      |      |    |  Exit scope: TEST_001_SIN_COS:
------+------+----+----------------------------------
   152|      |    |SUB_CIRCLE ::
      |      |    |  global label [SUB_CIRCLE] address: 0x00a49a
------+------+----+----------------------------------
   154|      |    |LD HL, [ WORK_CIRCLE_RADIUSX ]
      |      |    |  Z80:17cyc R800:7cyc
      |0004A1|A49A|  2A A8 F5
------+------+----+----------------------------------
   155|      |    |LD [ WORK_DAC + 2 ], HL
      |      |    |  Z80:17cyc R800:7cyc
      |0004A4|A49D|  22 F8 F7
------+------+----+----------------------------------
   156|      |    |LD A, 2
      |      |    |  Z80:8cyc R800:2cyc
      |0004A7|A4A0|  3E 02
------+------+----+----------------------------------
   157|      |    |LD [ WORK_VALTYP ], A
      |      |    |  Z80:14cyc R800:6cyc
      |0004A9|A4A2|  32 63 F6
------+------+----+----------------------------------
   158|      |    |LD DE, WORK_ASPECT
      |      |    |  Z80:11cyc R800:3cyc
      |0004AC|A4A5|  11 31 F9
------+------+----+----------------------------------
   159|      |    |CALL LD_ARG_SINGLE_REAL
      |      |    |  Z80:18cyc R800:5cyc
      |0004AF|A4A8|  CD 4F A0
------+------+----+----------------------------------
   160|      |    |CALL BIOS_DECMUL
      |      |    |  Z80:18cyc R800:5cyc
      |0004B2|A4AB|  CD E6 27
------+------+----+----------------------------------
   161|      |    |CALL BIOS_INT
      |      |    |  Z80:18cyc R800:5cyc
      |0004B5|A4AE|  CD CF 30
------+------+----+----------------------------------
   162|      |    |LD HL, [ WORK_DAC + 2 ]
      |      |    |  Z80:17cyc R800:7cyc
      |0004B8|A4B1|  2A F8 F7
------+------+----+----------------------------------
   163|      |    |LD A, [ WORK_ASPCT2 ]
      |      |    |  Z80:14cyc R800:6cyc
      |0004BB|A4B4|  3A 0D F4
------+------+----+----------------------------------
   164|      |    |RLCA
      |      |    |  Z80:5cyc R800:1cyc
      |0004BE|A4B7|  07
------+------+----+----------------------------------
   165|      |    |JR NC, _SUB_CIRCLE_SKIP1
      |      |    |  Z80:13cyc/8cyc R800:3cyc/2cyc
      |0004BF|A4B8|  30 04
------+------+----+----------------------------------
   166|      |    |SRL H
      |      |    |  Z80:10cyc R800:2cyc
      |0004C1|A4BA|  CB 3C
------+------+----+----------------------------------
   167|      |    |RR L
      |      |    |  Z80:10cyc R800:2cyc
      |0004C3|A4BC|  CB 1D
------+------+----+----------------------------------
   168|      |    |_SUB_CIRCLE_SKIP1 :
      |      |    |  label [_SUB_CIRCLE_SKIP1] address: 0x00a4be
------+------+----+----------------------------------
   169|      |    |LD [ WORK_CIRCLE_RADIUSY ], HL
      |      |    |  Z80:17cyc R800:7cyc
      |0004C5|A4BE|  22 AA F5
------+------+----+----------------------------------
   171|      |    |LD IX, BLIB_GET_SIN_TABLE
      |      |    |  Z80:16cyc R800:4cyc
      |0004C8|A4C1|  DD 21 DE 40
------+------+----+----------------------------------
   172|      |    |CALL CALL_BLIB
      |      |    |  Z80:18cyc R800:5cyc
      |0004CC|A4C5|  CD 46 A0
------+------+----+----------------------------------
   174|      |    |LD HL, [ WORK_CIRCLE_RADIUSX ]
      |      |    |  Z80:17cyc R800:7cyc
      |0004CF|A4C8|  2A A8 F5
------+------+----+----------------------------------
   175|      |    |LD [ WORK_CIRCLE_CXOFF1 ], HL
      |      |    |  Z80:17cyc R800:7cyc
      |0004D2|A4CB|  22 B4 F5
------+------+----+----------------------------------
   176|      |    |LD [ WORK_CIRCLE_CYOFF2 ], HL
      |      |    |  Z80:17cyc R800:7cyc
      |0004D5|A4CE|  22 BA F5
------+------+----+----------------------------------
   177|      |    |LD HL, 0
      |      |    |  Z80:11cyc R800:3cyc
      |0004D8|A4D1|  21 00 00
------+------+----+----------------------------------
   178|      |    |LD [ WORK_CIRCLE_CXOFF2 ], HL
      |      |    |  Z80:17cyc R800:7cyc
      |0004DB|A4D4|  22 B8 F5
------+------+----+----------------------------------
   179|      |    |LD [ WORK_CIRCLE_CYOFF1 ], HL
      |      |    |  Z80:17cyc R800:7cyc
      |0004DE|A4D7|  22 B6 F5
------+------+----+----------------------------------
   181|      |    |LD B, L
      |      |    |  Z80:5cyc R800:2cyc
      |0004E1|A4DA|  45
------+------+----+----------------------------------
   182|      |    |INC B
      |      |    |  Z80:5cyc R800:1cyc
      |0004E2|A4DB|  04
------+------+----+----------------------------------
   183|      |    |PUSH BC
      |      |    |  Z80:12cyc R800:6cyc
      |0004E3|A4DC|  C5
------+------+----+----------------------------------
   184|      |    |_SUB_CIRCLE_THETA_LOOP :
      |      |    |  label [_SUB_CIRCLE_THETA_LOOP] address: 0x00a4dd
------+------+----+----------------------------------
   185|      |    |LD A, B
      |      |    |  Z80:5cyc R800:2cyc
      |0004E4|A4DD|  78
------+------+----+----------------------------------
   187|      |    |LD HL, WORK_CIRCLE_CXOFF1
      |      |    |  Z80:11cyc R800:3cyc
      |0004E5|A4DE|  21 B4 F5
------+------+----+----------------------------------
   188|      |    |LD DE, WORK_CIRCLE_PREV_CXOFF1
      |      |    |  Z80:11cyc R800:3cyc
      |0004E8|A4E1|  11 AC F5
------+------+----+----------------------------------
   189|      |    |LD BC, 8
      |      |    |  Z80:11cyc R800:3cyc
      |0004EB|A4E4|  01 08 00
------+------+----+----------------------------------
   190|      |    |LDIR
      |      |    |  Z80:23cyc/18cyc R800:7cyc
      |0004EE|A4E7|  ED B0
------+------+----+----------------------------------
   192|      |    |CALL _SUB_CIRCLE_COS
      |      |    |  Z80:18cyc R800:5cyc
      |0004F0|A4E9|  CD 28 A6
------+------+----+----------------------------------
   193|      |    |PUSH HL
      |      |    |  Z80:12cyc R800:6cyc
      |0004F3|A4EC|  E5
------+------+----+----------------------------------
   194|      |    |LD DE, [ WORK_CIRCLE_RADIUSX ]
      |      |    |  Z80:22cyc R800:8cyc
      |0004F4|A4ED|  ED 5B A8 F5
------+------+----+----------------------------------
   195|      |    |CALL _SUB_CIRCLE_MUL
      |      |    |  Z80:18cyc R800:5cyc
      |0004F8|A4F1|  CD FF A5
------+------+----+----------------------------------
   196|      |    |LD [ WORK_CIRCLE_CXOFF1 ], HL
      |      |    |  Z80:17cyc R800:7cyc
      |0004FB|A4F4|  22 B4 F5
------+------+----+----------------------------------
   197|      |    |POP HL
      |      |    |  Z80:11cyc R800:5cyc
      |0004FE|A4F7|  E1
------+------+----+----------------------------------
   198|      |    |LD DE, [ WORK_CIRCLE_RADIUSY ]
      |      |    |  Z80:22cyc R800:8cyc
      |0004FF|A4F8|  ED 5B AA F5
------+------+----+----------------------------------
   199|      |    |CALL _SUB_CIRCLE_MUL
      |      |    |  Z80:18cyc R800:5cyc
      |000503|A4FC|  CD FF A5
------+------+----+----------------------------------
   200|      |    |LD [ WORK_CIRCLE_CYOFF2 ], HL
      |      |    |  Z80:17cyc R800:7cyc
      |000506|A4FF|  22 BA F5
------+------+----+----------------------------------
   202|      |    |POP AF
      |      |    |  Z80:11cyc R800:5cyc
      |000509|A502|  F1
------+------+----+----------------------------------
   203|      |    |PUSH AF
      |      |    |  Z80:12cyc R800:6cyc
      |00050A|A503|  F5
------+------+----+----------------------------------
   204|      |    |CALL _SUB_CIRCLE_SIN
      |      |    |  Z80:18cyc R800:5cyc
      |00050B|A504|  CD 2A A6
------+------+----+----------------------------------
   205|      |    |PUSH HL
      |      |    |  Z80:12cyc R800:6cyc
      |00050E|A507|  E5
------+------+----+----------------------------------
   206|      |    |LD DE, [ WORK_CIRCLE_RADIUSY ]
      |      |    |  Z80:22cyc R800:8cyc
      |00050F|A508|  ED 5B AA F5
------+------+----+----------------------------------
   207|      |    |CALL _SUB_CIRCLE_MUL
      |      |    |  Z80:18cyc R800:5cyc
      |000513|A50C|  CD FF A5
------+------+----+----------------------------------
   208|      |    |LD [ WORK_CIRCLE_CYOFF1 ], HL
      |      |    |  Z80:17cyc R800:7cyc
      |000516|A50F|  22 B6 F5
------+------+----+----------------------------------
   209|      |    |POP HL
      |      |    |  Z80:11cyc R800:5cyc
      |000519|A512|  E1
------+------+----+----------------------------------
   210|      |    |LD DE, [ WORK_CIRCLE_RADIUSX ]
      |      |    |  Z80:22cyc R800:8cyc
      |00051A|A513|  ED 5B A8 F5
------+------+----+----------------------------------
   211|      |    |CALL _SUB_CIRCLE_MUL
      |      |    |  Z80:18cyc R800:5cyc
      |00051E|A517|  CD FF A5
------+------+----+----------------------------------
   212|      |    |LD [ WORK_CIRCLE_CXOFF2 ], HL
      |      |    |  Z80:17cyc R800:7cyc
      |000521|A51A|  22 B8 F5
------+------+----+----------------------------------
   214|      |    |_SUB_CIRCLE_QUADRANT0_PROCESS :
      |      |    |  label [_SUB_CIRCLE_QUADRANT0_PROCESS] address: 0x00a51d
------+------+----+----------------------------------
   215|      |    |LD A, [ WORK_CIRCLE_QUADRANT0 ]
      |      |    |  Z80:14cyc R800:6cyc
      |000524|A51D|  3A A0 F5
------+------+----+----------------------------------
   216|      |    |OR A, A
      |      |    |  Z80:5cyc R800:1cyc
      |000527|A520|  B7
------+------+----+----------------------------------
   217|      |    |JR NZ, _SUB_CIRCLE_QUADRANT1_PROCESS
      |      |    |  Z80:13cyc/8cyc R800:3cyc/2cyc
      |000528|A521|  20 07
------+------+----+----------------------------------
   218|      |    |POP BC
      |      |    |  Z80:11cyc R800:5cyc
      |00052A|A523|  C1
------+------+----+----------------------------------
   219|      |    |PUSH BC
      |      |    |  Z80:12cyc R800:6cyc
      |00052B|A524|  C5
------+------+----+----------------------------------
   220|      |    |LD A, 3
      |      |    |  Z80:8cyc R800:2cyc
      |00052C|A525|  3E 03
------+------+----+----------------------------------
   221|      |    |CALL _SUB_CIRCLE_QUADRANT_PROCESS
      |      |    |  Z80:18cyc R800:5cyc
      |00052E|A527|  CD 65 A5
------+------+----+----------------------------------
   223|      |    |_SUB_CIRCLE_QUADRANT1_PROCESS :
      |      |    |  label [_SUB_CIRCLE_QUADRANT1_PROCESS] address: 0x00a52a
------+------+----+----------------------------------
   224|      |    |LD A, [ WORK_CIRCLE_QUADRANT1 ]
      |      |    |  Z80:14cyc R800:6cyc
      |000531|A52A|  3A A1 F5
------+------+----+----------------------------------
   225|      |    |OR A, A
      |      |    |  Z80:5cyc R800:1cyc
      |000534|A52D|  B7
------+------+----+----------------------------------
   226|      |    |JR NZ, _SUB_CIRCLE_QUADRANT2_PROCESS
      |      |    |  Z80:13cyc/8cyc R800:3cyc/2cyc
      |000535|A52E|  20 0B
------+------+----+----------------------------------
   227|      |    |POP BC
      |      |    |  Z80:11cyc R800:5cyc
      |000537|A530|  C1
------+------+----+----------------------------------
   228|      |    |PUSH BC
      |      |    |  Z80:12cyc R800:6cyc
      |000538|A531|  C5
------+------+----+----------------------------------
   229|      |    |LD A, 128
      |      |    |  Z80:8cyc R800:2cyc
      |000539|A532|  3E 80
------+------+----+----------------------------------
   230|      |    |SUB A, B
      |      |    |  Z80:5cyc R800:1cyc
      |00053B|A534|  90
------+------+----+----------------------------------
   231|      |    |LD B, A
      |      |    |  Z80:5cyc R800:2cyc
      |00053C|A535|  47
------+------+----+----------------------------------
   232|      |    |LD A, 2
      |      |    |  Z80:8cyc R800:2cyc
      |00053D|A536|  3E 02
------+------+----+----------------------------------
   233|      |    |CALL _SUB_CIRCLE_QUADRANT_PROCESS
      |      |    |  Z80:18cyc R800:5cyc
      |00053F|A538|  CD 65 A5
------+------+----+----------------------------------
   235|      |    |_SUB_CIRCLE_QUADRANT2_PROCESS :
      |      |    |  label [_SUB_CIRCLE_QUADRANT2_PROCESS] address: 0x00a53b
------+------+----+----------------------------------
   236|      |    |LD A, [ WORK_CIRCLE_QUADRANT2 ]
      |      |    |  Z80:14cyc R800:6cyc
      |000542|A53B|  3A A2 F5
------+------+----+----------------------------------
   237|      |    |OR A, A
      |      |    |  Z80:5cyc R800:1cyc
      |000545|A53E|  B7
------+------+----+----------------------------------
   238|      |    |JR NZ, _SUB_CIRCLE_QUADRANT3_PROCESS
      |      |    |  Z80:13cyc/8cyc R800:3cyc/2cyc
      |000546|A53F|  20 0A
------+------+----+----------------------------------
   239|      |    |POP AF
      |      |    |  Z80:11cyc R800:5cyc
      |000548|A541|  F1
------+------+----+----------------------------------
   240|      |    |PUSH AF
      |      |    |  Z80:12cyc R800:6cyc
      |000549|A542|  F5
------+------+----+----------------------------------
   241|      |    |ADD A, 128
      |      |    |  Z80:8cyc R800:2cyc
      |00054A|A543|  C6 80
------+------+----+----------------------------------
   242|      |    |LD B, A
      |      |    |  Z80:5cyc R800:2cyc
      |00054C|A545|  47
------+------+----+----------------------------------
   243|      |    |LD A, 1
      |      |    |  Z80:8cyc R800:2cyc
      |00054D|A546|  3E 01
------+------+----+----------------------------------
   244|      |    |CALL _SUB_CIRCLE_QUADRANT_PROCESS
      |      |    |  Z80:18cyc R800:5cyc
      |00054F|A548|  CD 65 A5
------+------+----+----------------------------------
   246|      |    |_SUB_CIRCLE_QUADRANT3_PROCESS :
      |      |    |  label [_SUB_CIRCLE_QUADRANT3_PROCESS] address: 0x00a54b
------+------+----+----------------------------------
   247|      |    |LD A, [ WORK_CIRCLE_QUADRANT3 ]
      |      |    |  Z80:14cyc R800:6cyc
      |000552|A54B|  3A A3 F5
------+------+----+----------------------------------
   248|      |    |OR A, A
      |      |    |  Z80:5cyc R800:1cyc
      |000555|A54E|  B7
------+------+----+----------------------------------
   249|      |    |JR NZ, _SUB_CIRCLE_QUADRANT_END
      |      |    |  Z80:13cyc/8cyc R800:3cyc/2cyc
      |000556|A54F|  20 09
------+------+----+----------------------------------
   250|      |    |POP AF
      |      |    |  Z80:11cyc R800:5cyc
      |000558|A551|  F1
------+------+----+----------------------------------
   251|      |    |PUSH AF
      |      |    |  Z80:12cyc R800:6cyc
      |000559|A552|  F5
------+------+----+----------------------------------
   252|      |    |NEG
      |      |    |  Z80:10cyc R800:2cyc
      |00055A|A553|  ED 44
------+------+----+----------------------------------
   253|      |    |LD B, A
      |      |    |  Z80:5cyc R800:2cyc
      |00055C|A555|  47
------+------+----+----------------------------------
   254|      |    |XOR A, A
      |      |    |  Z80:5cyc R800:1cyc
      |00055D|A556|  AF
------+------+----+----------------------------------
   255|      |    |CALL _SUB_CIRCLE_QUADRANT_PROCESS
      |      |    |  Z80:18cyc R800:5cyc
      |00055E|A557|  CD 65 A5
------+------+----+----------------------------------
   257|      |    |_SUB_CIRCLE_QUADRANT_END :
      |      |    |  label [_SUB_CIRCLE_QUADRANT_END] address: 0x00a55a
------+------+----+----------------------------------
   258|      |    |POP BC
      |      |    |  Z80:11cyc R800:5cyc
      |000561|A55A|  C1
------+------+----+----------------------------------
   259|      |    |INC B
      |      |    |  Z80:5cyc R800:1cyc
      |000562|A55B|  04
------+------+----+----------------------------------
   260|      |    |BIT 5, B
      |      |    |  Z80:10cyc R800:2cyc
      |000563|A55C|  CB 68
------+------+----+----------------------------------
   261|      |    |JP NZ, _SUB_CIRCLE_LINE_PROCESS
      |      |    |  Z80:11cyc R800:5cyc/3cyc
      |000565|A55E|  C2 FE A5
------+------+----+----------------------------------
   262|      |    |PUSH BC
      |      |    |  Z80:12cyc R800:6cyc
      |000568|A561|  C5
------+------+----+----------------------------------
   265|      |    |JP _SUB_CIRCLE_THETA_LOOP
      |      |    |  Z80:11cyc R800:5cyc
      |000569|A562|  C3 DD A4
------+------+----+----------------------------------
   269|      |    |_SUB_CIRCLE_QUADRANT_PROCESS :
      |      |    |  label [_SUB_CIRCLE_QUADRANT_PROCESS] address: 0x00a565
------+------+----+----------------------------------
   270|      |    |PUSH AF
      |      |    |  Z80:12cyc R800:6cyc
      |00056C|A565|  F5
------+------+----+----------------------------------
   272|      |    |LD HL, [ WORK_CIRCLE_CENTERX ]
      |      |    |  Z80:17cyc R800:7cyc
      |00056D|A566|  2A A4 F5
------+------+----+----------------------------------
   273|      |    |LD DE, [ WORK_CIRCLE_CXOFF1 ]
      |      |    |  Z80:22cyc R800:8cyc
      |000570|A569|  ED 5B B4 F5
------+------+----+----------------------------------
   274|      |    |RRCA
      |      |    |  Z80:5cyc R800:1cyc
      |000574|A56D|  0F
------+------+----+----------------------------------
   275|      |    |JR C, _SUB_CIRCLE_QUADRANT_PROCESS_ADD_CX1
      |      |    |  Z80:13cyc/8cyc R800:3cyc/2cyc
      |000575|A56E|  38 04
------+------+----+----------------------------------
   276|      |    |_SUB_CIRCLE_QUADRANT_PROCESS_SUB_CX1 :
      |      |    |  label [_SUB_CIRCLE_QUADRANT_PROCESS_SUB_CX1] address: 0x00a570
------+------+----+----------------------------------
   277|      |    |SBC HL, DE
      |      |    |  Z80:17cyc R800:2cyc
      |000577|A570|  ED 52
------+------+----+----------------------------------
   278|      |    |JR _SUB_CIRCLE_QUADRANT_PROCESS_SET_CX1
      |      |    |  Z80:13cyc R800:3cyc
      |000579|A572|  18 01
------+------+----+----------------------------------
   279|      |    |_SUB_CIRCLE_QUADRANT_PROCESS_ADD_CX1 :
      |      |    |  label [_SUB_CIRCLE_QUADRANT_PROCESS_ADD_CX1] address: 0x00a574
------+------+----+----------------------------------
   280|      |    |ADD HL, DE
      |      |    |  Z80:12cyc R800:1cyc
      |00057B|A574|  19
------+------+----+----------------------------------
   281|      |    |_SUB_CIRCLE_QUADRANT_PROCESS_SET_CX1 :
      |      |    |  label [_SUB_CIRCLE_QUADRANT_PROCESS_SET_CX1] address: 0x00a575
------+------+----+----------------------------------
   282|      |    |LD [ WORK_GXPOS ], HL
      |      |    |  Z80:17cyc R800:7cyc
      |00057C|A575|  22 B3 FC
------+------+----+----------------------------------
   285|      |    |LD HL, [ WORK_CIRCLE_CENTERY ]
      |      |    |  Z80:17cyc R800:7cyc
      |00057F|A578|  2A A6 F5
------+------+----+----------------------------------
   286|      |    |LD DE, [ WORK_CIRCLE_CYOFF1 ]
      |      |    |  Z80:22cyc R800:8cyc
      |000582|A57B|  ED 5B B6 F5
------+------+----+----------------------------------
   287|      |    |RRCA
      |      |    |  Z80:5cyc R800:1cyc
      |000586|A57F|  0F
------+------+----+----------------------------------
   288|      |    |JR C, _SUB_CIRCLE_QUADRANT_PROCESS_ADD_CY1
      |      |    |  Z80:13cyc/8cyc R800:3cyc/2cyc
      |000587|A580|  38 04
------+------+----+----------------------------------
   289|      |    |_SUB_CIRCLE_QUADRANT_PROCESS_SUB_CY1 :
      |      |    |  label [_SUB_CIRCLE_QUADRANT_PROCESS_SUB_CY1] address: 0x00a582
------+------+----+----------------------------------
   290|      |    |SBC HL, DE
      |      |    |  Z80:17cyc R800:2cyc
      |000589|A582|  ED 52
------+------+----+----------------------------------
   291|      |    |JR _SUB_CIRCLE_QUADRANT_PROCESS_SET_CY1
      |      |    |  Z80:13cyc R800:3cyc
      |00058B|A584|  18 01
------+------+----+----------------------------------
   292|      |    |_SUB_CIRCLE_QUADRANT_PROCESS_ADD_CY1 :
      |      |    |  label [_SUB_CIRCLE_QUADRANT_PROCESS_ADD_CY1] address: 0x00a586
------+------+----+----------------------------------
   293|      |    |ADD HL, DE
      |      |    |  Z80:12cyc R800:1cyc
      |00058D|A586|  19
------+------+----+----------------------------------
   294|      |    |_SUB_CIRCLE_QUADRANT_PROCESS_SET_CY1 :
      |      |    |  label [_SUB_CIRCLE_QUADRANT_PROCESS_SET_CY1] address: 0x00a587
------+------+----+----------------------------------
   295|      |    |LD [ WORK_GYPOS ], HL
      |      |    |  Z80:17cyc R800:7cyc
      |00058E|A587|  22 B5 FC
------+------+----+----------------------------------
   296|      |    |POP AF
      |      |    |  Z80:11cyc R800:5cyc
      |000591|A58A|  F1
------+------+----+----------------------------------
   298|      |    |PUSH AF
      |      |    |  Z80:12cyc R800:6cyc
      |000592|A58B|  F5
------+------+----+----------------------------------
   300|      |    |LD HL, [ WORK_CIRCLE_CENTERX ]
      |      |    |  Z80:17cyc R800:7cyc
      |000593|A58C|  2A A4 F5
------+------+----+----------------------------------
   301|      |    |LD DE, [ WORK_CIRCLE_PREV_CXOFF1 ]
      |      |    |  Z80:22cyc R800:8cyc
      |000596|A58F|  ED 5B AC F5
------+------+----+----------------------------------
   302|      |    |RRCA
      |      |    |  Z80:5cyc R800:1cyc
      |00059A|A593|  0F
------+------+----+----------------------------------
   303|      |    |JR C, _SUB_CIRCLE_QUADRANT_PROCESS_ADD_PCX1
      |      |    |  Z80:13cyc/8cyc R800:3cyc/2cyc
      |00059B|A594|  38 04
------+------+----+----------------------------------
   304|      |    |_SUB_CIRCLE_QUADRANT_PROCESS_SUB_PCX1 :
      |      |    |  label [_SUB_CIRCLE_QUADRANT_PROCESS_SUB_PCX1] address: 0x00a596
------+------+----+----------------------------------
   305|      |    |SBC HL, DE
      |      |    |  Z80:17cyc R800:2cyc
      |00059D|A596|  ED 52
------+------+----+----------------------------------
   306|      |    |JR _SUB_CIRCLE_QUADRANT_PROCESS_SET_PCX1
      |      |    |  Z80:13cyc R800:3cyc
      |00059F|A598|  18 01
------+------+----+----------------------------------
   307|      |    |_SUB_CIRCLE_QUADRANT_PROCESS_ADD_PCX1 :
      |      |    |  label [_SUB_CIRCLE_QUADRANT_PROCESS_ADD_PCX1] address: 0x00a59a
------+------+----+----------------------------------
   308|      |    |ADD HL, DE
      |      |    |  Z80:12cyc R800:1cyc
      |0005A1|A59A|  19
------+------+----+----------------------------------
   309|      |    |_SUB_CIRCLE_QUADRANT_PROCESS_SET_PCX1 :
      |      |    |  label [_SUB_CIRCLE_QUADRANT_PROCESS_SET_PCX1] address: 0x00a59b
------+------+----+----------------------------------
   310|      |    |LD C, L
      |      |    |  Z80:5cyc R800:2cyc
      |0005A2|A59B|  4D
------+------+----+----------------------------------
   311|      |    |LD B, H
      |      |    |  Z80:5cyc R800:2cyc
      |0005A3|A59C|  44
------+------+----+----------------------------------
   314|      |    |LD HL, [ WORK_CIRCLE_CENTERY ]
      |      |    |  Z80:17cyc R800:7cyc
      |0005A4|A59D|  2A A6 F5
------+------+----+----------------------------------
   315|      |    |LD DE, [ WORK_CIRCLE_PREV_CYOFF1 ]
      |      |    |  Z80:22cyc R800:8cyc
      |0005A7|A5A0|  ED 5B AE F5
------+------+----+----------------------------------
   316|      |    |RRCA
      |      |    |  Z80:5cyc R800:1cyc
      |0005AB|A5A4|  0F
------+------+----+----------------------------------
   317|      |    |JR C, _SUB_CIRCLE_QUADRANT_PROCESS_ADD_PCY1
      |      |    |  Z80:13cyc/8cyc R800:3cyc/2cyc
      |0005AC|A5A5|  38 04
------+------+----+----------------------------------
   318|      |    |_SUB_CIRCLE_QUADRANT_PROCESS_SUB_PCY1 :
      |      |    |  label [_SUB_CIRCLE_QUADRANT_PROCESS_SUB_PCY1] address: 0x00a5a7
------+------+----+----------------------------------
   319|      |    |SBC HL, DE
      |      |    |  Z80:17cyc R800:2cyc
      |0005AE|A5A7|  ED 52
------+------+----+----------------------------------
   320|      |    |JR _SUB_CIRCLE_QUADRANT_PROCESS_SET_PCY1
      |      |    |  Z80:13cyc R800:3cyc
      |0005B0|A5A9|  18 01
------+------+----+----------------------------------
   321|      |    |_SUB_CIRCLE_QUADRANT_PROCESS_ADD_PCY1 :
      |      |    |  label [_SUB_CIRCLE_QUADRANT_PROCESS_ADD_PCY1] address: 0x00a5ab
------+------+----+----------------------------------
   322|      |    |ADD HL, DE
      |      |    |  Z80:12cyc R800:1cyc
      |0005B2|A5AB|  19
------+------+----+----------------------------------
   323|      |    |_SUB_CIRCLE_QUADRANT_PROCESS_SET_PCY1 :
      |      |    |  label [_SUB_CIRCLE_QUADRANT_PROCESS_SET_PCY1] address: 0x00a5ac
------+------+----+----------------------------------
   324|      |    |EX DE, HL
      |      |    |  Z80:5cyc R800:1cyc
      |0005B3|A5AC|  EB
------+------+----+----------------------------------
   326|      |    |CALL BIOS_LINE
      |      |    |  Z80:18cyc R800:5cyc
      |0005B4|A5AD|  CD FC 58
------+------+----+----------------------------------
   327|      |    |POP AF
      |      |    |  Z80:11cyc R800:5cyc
      |0005B7|A5B0|  F1
------+------+----+----------------------------------
   329|      |    |PUSH AF
      |      |    |  Z80:12cyc R800:6cyc
      |0005B8|A5B1|  F5
------+------+----+----------------------------------
   331|      |    |LD HL, [ WORK_CIRCLE_CENTERX ]
      |      |    |  Z80:17cyc R800:7cyc
      |0005B9|A5B2|  2A A4 F5
------+------+----+----------------------------------
   332|      |    |LD DE, [ WORK_CIRCLE_CXOFF2 ]
      |      |    |  Z80:22cyc R800:8cyc
      |0005BC|A5B5|  ED 5B B8 F5
------+------+----+----------------------------------
   333|      |    |RRCA
      |      |    |  Z80:5cyc R800:1cyc
      |0005C0|A5B9|  0F
------+------+----+----------------------------------
   334|      |    |JR C, _SUB_CIRCLE_QUADRANT_PROCESS_ADD_CX2
      |      |    |  Z80:13cyc/8cyc R800:3cyc/2cyc
      |0005C1|A5BA|  38 04
------+------+----+----------------------------------
   335|      |    |_SUB_CIRCLE_QUADRANT_PROCESS_SUB_CX2 :
      |      |    |  label [_SUB_CIRCLE_QUADRANT_PROCESS_SUB_CX2] address: 0x00a5bc
------+------+----+----------------------------------
   336|      |    |SBC HL, DE
      |      |    |  Z80:17cyc R800:2cyc
      |0005C3|A5BC|  ED 52
------+------+----+----------------------------------
   337|      |    |JR _SUB_CIRCLE_QUADRANT_PROCESS_SET_CX2
      |      |    |  Z80:13cyc R800:3cyc
      |0005C5|A5BE|  18 01
------+------+----+----------------------------------
   338|      |    |_SUB_CIRCLE_QUADRANT_PROCESS_ADD_CX2 :
      |      |    |  label [_SUB_CIRCLE_QUADRANT_PROCESS_ADD_CX2] address: 0x00a5c0
------+------+----+----------------------------------
   339|      |    |ADD HL, DE
      |      |    |  Z80:12cyc R800:1cyc
      |0005C7|A5C0|  19
------+------+----+----------------------------------
   340|      |    |_SUB_CIRCLE_QUADRANT_PROCESS_SET_CX2 :
      |      |    |  label [_SUB_CIRCLE_QUADRANT_PROCESS_SET_CX2] address: 0x00a5c1
------+------+----+----------------------------------
   341|      |    |LD [ WORK_GXPOS ], HL
      |      |    |  Z80:17cyc R800:7cyc
      |0005C8|A5C1|  22 B3 FC
------+------+----+----------------------------------
   344|      |    |LD HL, [ WORK_CIRCLE_CENTERY ]
      |      |    |  Z80:17cyc R800:7cyc
      |0005CB|A5C4|  2A A6 F5
------+------+----+----------------------------------
   345|      |    |LD DE, [ WORK_CIRCLE_CYOFF2 ]
      |      |    |  Z80:22cyc R800:8cyc
      |0005CE|A5C7|  ED 5B BA F5
------+------+----+----------------------------------
   346|      |    |RRCA
      |      |    |  Z80:5cyc R800:1cyc
      |0005D2|A5CB|  0F
------+------+----+----------------------------------
   347|      |    |JR C, _SUB_CIRCLE_QUADRANT_PROCESS_ADD_CY2
      |      |    |  Z80:13cyc/8cyc R800:3cyc/2cyc
      |0005D3|A5CC|  38 04
------+------+----+----------------------------------
   348|      |    |_SUB_CIRCLE_QUADRANT_PROCESS_SUB_CY2 :
      |      |    |  label [_SUB_CIRCLE_QUADRANT_PROCESS_SUB_CY2] address: 0x00a5ce
------+------+----+----------------------------------
   349|      |    |SBC HL, DE
      |      |    |  Z80:17cyc R800:2cyc
      |0005D5|A5CE|  ED 52
------+------+----+----------------------------------
   350|      |    |JR _SUB_CIRCLE_QUADRANT_PROCESS_SET_CY2
      |      |    |  Z80:13cyc R800:3cyc
      |0005D7|A5D0|  18 01
------+------+----+----------------------------------
   351|      |    |_SUB_CIRCLE_QUADRANT_PROCESS_ADD_CY2 :
      |      |    |  label [_SUB_CIRCLE_QUADRANT_PROCESS_ADD_CY2] address: 0x00a5d2
------+------+----+----------------------------------
   352|      |    |ADD HL, DE
      |      |    |  Z80:12cyc R800:1cyc
      |0005D9|A5D2|  19
------+------+----+----------------------------------
   353|      |    |_SUB_CIRCLE_QUADRANT_PROCESS_SET_CY2 :
      |      |    |  label [_SUB_CIRCLE_QUADRANT_PROCESS_SET_CY2] address: 0x00a5d3
------+------+----+----------------------------------
   354|      |    |LD [ WORK_GYPOS ], HL
      |      |    |  Z80:17cyc R800:7cyc
      |0005DA|A5D3|  22 B5 FC
------+------+----+----------------------------------
   355|      |    |POP AF
      |      |    |  Z80:11cyc R800:5cyc
      |0005DD|A5D6|  F1
------+------+----+----------------------------------
   357|      |    |PUSH AF
      |      |    |  Z80:12cyc R800:6cyc
      |0005DE|A5D7|  F5
------+------+----+----------------------------------
   359|      |    |LD HL, [ WORK_CIRCLE_CENTERX ]
      |      |    |  Z80:17cyc R800:7cyc
      |0005DF|A5D8|  2A A4 F5
------+------+----+----------------------------------
   360|      |    |LD DE, [ WORK_CIRCLE_PREV_CXOFF2 ]
      |      |    |  Z80:22cyc R800:8cyc
      |0005E2|A5DB|  ED 5B B0 F5
------+------+----+----------------------------------
   361|      |    |RRCA
      |      |    |  Z80:5cyc R800:1cyc
      |0005E6|A5DF|  0F
------+------+----+----------------------------------
   362|      |    |JR C, _SUB_CIRCLE_QUADRANT_PROCESS_ADD_PCX2
      |      |    |  Z80:13cyc/8cyc R800:3cyc/2cyc
      |0005E7|A5E0|  38 04
------+------+----+----------------------------------
   363|      |    |_SUB_CIRCLE_QUADRANT_PROCESS_SUB_PCX2 :
      |      |    |  label [_SUB_CIRCLE_QUADRANT_PROCESS_SUB_PCX2] address: 0x00a5e2
------+------+----+----------------------------------
   364|      |    |SBC HL, DE
      |      |    |  Z80:17cyc R800:2cyc
      |0005E9|A5E2|  ED 52
------+------+----+----------------------------------
   365|      |    |JR _SUB_CIRCLE_QUADRANT_PROCESS_SET_PCX2
      |      |    |  Z80:13cyc R800:3cyc
      |0005EB|A5E4|  18 01
------+------+----+----------------------------------
   366|      |    |_SUB_CIRCLE_QUADRANT_PROCESS_ADD_PCX2 :
      |      |    |  label [_SUB_CIRCLE_QUADRANT_PROCESS_ADD_PCX2] address: 0x00a5e6
------+------+----+----------------------------------
   367|      |    |ADD HL, DE
      |      |    |  Z80:12cyc R800:1cyc
      |0005ED|A5E6|  19
------+------+----+----------------------------------
   368|      |    |_SUB_CIRCLE_QUADRANT_PROCESS_SET_PCX2 :
      |      |    |  label [_SUB_CIRCLE_QUADRANT_PROCESS_SET_PCX2] address: 0x00a5e7
------+------+----+----------------------------------
   369|      |    |LD C, L
      |      |    |  Z80:5cyc R800:2cyc
      |0005EE|A5E7|  4D
------+------+----+----------------------------------
   370|      |    |LD B, H
      |      |    |  Z80:5cyc R800:2cyc
      |0005EF|A5E8|  44
------+------+----+----------------------------------
   373|      |    |LD HL, [ WORK_CIRCLE_CENTERY ]
      |      |    |  Z80:17cyc R800:7cyc
      |0005F0|A5E9|  2A A6 F5
------+------+----+----------------------------------
   374|      |    |LD DE, [ WORK_CIRCLE_PREV_CYOFF2 ]
      |      |    |  Z80:22cyc R800:8cyc
      |0005F3|A5EC|  ED 5B B2 F5
------+------+----+----------------------------------
   375|      |    |RRCA
      |      |    |  Z80:5cyc R800:1cyc
      |0005F7|A5F0|  0F
------+------+----+----------------------------------
   376|      |    |JR C, _SUB_CIRCLE_QUADRANT_PROCESS_ADD_PCY2
      |      |    |  Z80:13cyc/8cyc R800:3cyc/2cyc
      |0005F8|A5F1|  38 04
------+------+----+----------------------------------
   377|      |    |_SUB_CIRCLE_QUADRANT_PROCESS_SUB_PCY2 :
      |      |    |  label [_SUB_CIRCLE_QUADRANT_PROCESS_SUB_PCY2] address: 0x00a5f3
------+------+----+----------------------------------
   378|      |    |SBC HL, DE
      |      |    |  Z80:17cyc R800:2cyc
      |0005FA|A5F3|  ED 52
------+------+----+----------------------------------
   379|      |    |JR _SUB_CIRCLE_QUADRANT_PROCESS_SET_PCY2
      |      |    |  Z80:13cyc R800:3cyc
      |0005FC|A5F5|  18 01
------+------+----+----------------------------------
   380|      |    |_SUB_CIRCLE_QUADRANT_PROCESS_ADD_PCY2 :
      |      |    |  label [_SUB_CIRCLE_QUADRANT_PROCESS_ADD_PCY2] address: 0x00a5f7
------+------+----+----------------------------------
   381|      |    |ADD HL, DE
      |      |    |  Z80:12cyc R800:1cyc
      |0005FE|A5F7|  19
------+------+----+----------------------------------
   382|      |    |_SUB_CIRCLE_QUADRANT_PROCESS_SET_PCY2 :
      |      |    |  label [_SUB_CIRCLE_QUADRANT_PROCESS_SET_PCY2] address: 0x00a5f8
------+------+----+----------------------------------
   383|      |    |EX DE, HL
      |      |    |  Z80:5cyc R800:1cyc
      |0005FF|A5F8|  EB
------+------+----+----------------------------------
   385|      |    |CALL BIOS_LINE
      |      |    |  Z80:18cyc R800:5cyc
      |000600|A5F9|  CD FC 58
------+------+----+----------------------------------
   386|      |    |POP AF
      |      |    |  Z80:11cyc R800:5cyc
      |000603|A5FC|  F1
------+------+----+----------------------------------
   387|      |    |RET
      |      |    |  Z80:11cyc R800:5cyc
      |000604|A5FD|  C9
------+------+----+----------------------------------
   389|      |    |_SUB_CIRCLE_LINE_PROCESS :
      |      |    |  label [_SUB_CIRCLE_LINE_PROCESS] address: 0x00a5fe
------+------+----+----------------------------------
   390|      |    |RET
      |      |    |  Z80:11cyc R800:5cyc
      |000605|A5FE|  C9
------+------+----+----------------------------------
   394|      |    |_SUB_CIRCLE_MUL :
      |      |    |  label [_SUB_CIRCLE_MUL] address: 0x00a5ff
------+------+----+----------------------------------
   395|      |    |LD C, E
      |      |    |  Z80:5cyc R800:2cyc
      |000606|A5FF|  4B
------+------+----+----------------------------------
   396|      |    |LD B, D
      |      |    |  Z80:5cyc R800:2cyc
      |000607|A600|  42
------+------+----+----------------------------------
   397|      |    |EX DE, HL
      |      |    |  Z80:5cyc R800:1cyc
      |000608|A601|  EB
------+------+----+----------------------------------
   398|      |    |LD HL, 0
      |      |    |  Z80:11cyc R800:3cyc
      |000609|A602|  21 00 00
------+------+----+----------------------------------
   399|      |    |LD A, 8
      |      |    |  Z80:8cyc R800:2cyc
      |00060C|A605|  3E 08
------+------+----+----------------------------------
   400|      |    |_SUB_CIRCLE_MUL_1ST8BIT :
      |      |    |  label [_SUB_CIRCLE_MUL_1ST8BIT] address: 0x00a607
------+------+----+----------------------------------
   401|      |    |SLA L
      |      |    |  Z80:10cyc R800:2cyc
      |00060E|A607|  CB 25
------+------+----+----------------------------------
   402|      |    |RL H
      |      |    |  Z80:10cyc R800:2cyc
      |000610|A609|  CB 14
------+------+----+----------------------------------
   403|      |    |SLA C
      |      |    |  Z80:10cyc R800:2cyc
      |000612|A60B|  CB 21
------+------+----+----------------------------------
   404|      |    |JR NC, _SUB_CIRCLE_MUL_1ST8BIT_SKIP1
      |      |    |  Z80:13cyc/8cyc R800:3cyc/2cyc
      |000614|A60D|  30 01
------+------+----+----------------------------------
   405|      |    |ADD HL, DE
      |      |    |  Z80:12cyc R800:1cyc
      |000616|A60F|  19
------+------+----+----------------------------------
   406|      |    |_SUB_CIRCLE_MUL_1ST8BIT_SKIP1 :
      |      |    |  label [_SUB_CIRCLE_MUL_1ST8BIT_SKIP1] address: 0x00a610
------+------+----+----------------------------------
   407|      |    |DEC A
      |      |    |  Z80:5cyc R800:1cyc
      |000617|A610|  3D
------+------+----+----------------------------------
   408|      |    |JR NZ, _SUB_CIRCLE_MUL_1ST8BIT
      |      |    |  Z80:13cyc/8cyc R800:3cyc/2cyc
      |000618|A611|  20 F4
------+------+----+----------------------------------
   409|      |    |LD L, H
      |      |    |  Z80:5cyc R800:2cyc
      |00061A|A613|  6C
------+------+----+----------------------------------
   410|      |    |LD A, H
      |      |    |  Z80:5cyc R800:2cyc
      |00061B|A614|  7C
------+------+----+----------------------------------
   411|      |    |LD H, 0
      |      |    |  Z80:8cyc R800:2cyc
      |00061C|A615|  26 00
------+------+----+----------------------------------
   412|      |    |ADD A, A
      |      |    |  Z80:5cyc R800:1cyc
      |00061E|A617|  87
------+------+----+----------------------------------
   413|      |    |JR NC, _SUB_CIRCLE_MUL_2ND8BIT
      |      |    |  Z80:13cyc/8cyc R800:3cyc/2cyc
      |00061F|A618|  30 01
------+------+----+----------------------------------
   414|      |    |DEC H
      |      |    |  Z80:5cyc R800:1cyc
      |000621|A61A|  25
------+------+----+----------------------------------
   415|      |    |_SUB_CIRCLE_MUL_2ND8BIT :
      |      |    |  label [_SUB_CIRCLE_MUL_2ND8BIT] address: 0x00a61b
------+------+----+----------------------------------
   416|      |    |SRL B
      |      |    |  Z80:10cyc R800:2cyc
      |000622|A61B|  CB 38
------+------+----+----------------------------------
   417|      |    |JR NC, _SUB_CIRCLE_MUL_2ND8BIT_SKIP1
      |      |    |  Z80:13cyc/8cyc R800:3cyc/2cyc
      |000624|A61D|  30 01
------+------+----+----------------------------------
   418|      |    |ADD HL, DE
      |      |    |  Z80:12cyc R800:1cyc
      |000626|A61F|  19
------+------+----+----------------------------------
   419|      |    |_SUB_CIRCLE_MUL_2ND8BIT_SKIP1 :
      |      |    |  label [_SUB_CIRCLE_MUL_2ND8BIT_SKIP1] address: 0x00a620
------+------+----+----------------------------------
   420|      |    |SLA E
      |      |    |  Z80:10cyc R800:2cyc
      |000627|A620|  CB 23
------+------+----+----------------------------------
   421|      |    |RL D
      |      |    |  Z80:10cyc R800:2cyc
      |000629|A622|  CB 12
------+------+----+----------------------------------
   422|      |    |INC B
      |      |    |  Z80:5cyc R800:1cyc
      |00062B|A624|  04
------+------+----+----------------------------------
   423|      |    |DJNZ _SUB_CIRCLE_MUL_2ND8BIT
      |      |    |  Z80:14cyc/9cyc R800:3cyc/2cyc
      |00062C|A625|  10 F4
------+------+----+----------------------------------
   424|      |    |RET
      |      |    |  Z80:11cyc R800:5cyc
      |00062E|A627|  C9
------+------+----+----------------------------------
   426|      |    |_SUB_CIRCLE_COS :
      |      |    |  label [_SUB_CIRCLE_COS] address: 0x00a628
------+------+----+----------------------------------
   427|      |    |SUB A, 64
      |      |    |  Z80:8cyc R800:2cyc
      |00062F|A628|  D6 40
------+------+----+----------------------------------
   429|      |    |_SUB_CIRCLE_SIN :
      |      |    |  label [_SUB_CIRCLE_SIN] address: 0x00a62a
------+------+----+----------------------------------
   430|      |    |LD B, A
      |      |    |  Z80:5cyc R800:2cyc
      |000631|A62A|  47
------+------+----+----------------------------------
   431|      |    |AND A, 0x3F
      |      |    |  Z80:8cyc R800:2cyc
      |000632|A62B|  E6 3F
------+------+----+----------------------------------
   432|      |    |LD A, B
      |      |    |  Z80:5cyc R800:2cyc
      |000634|A62D|  78
------+------+----+----------------------------------
   433|      |    |JR Z, _SUB_CIRCLE_SIN_SPECIAL
      |      |    |  Z80:13cyc/8cyc R800:3cyc/2cyc
      |000635|A62E|  28 19
------+------+----+----------------------------------
   434|      |    |BIT 6, A
      |      |    |  Z80:10cyc R800:2cyc
      |000637|A630|  CB 77
------+------+----+----------------------------------
   435|      |    |JR Z, _SUB_CIRCLE_SIN_SKIP1
      |      |    |  Z80:13cyc/8cyc R800:3cyc/2cyc
      |000639|A632|  28 02
------+------+----+----------------------------------
   436|      |    |NEG
      |      |    |  Z80:10cyc R800:2cyc
      |00063B|A634|  ED 44
------+------+----+----------------------------------
   437|      |    |_SUB_CIRCLE_SIN_SKIP1 :
      |      |    |  label [_SUB_CIRCLE_SIN_SKIP1] address: 0x00a636
------+------+----+----------------------------------
   438|      |    |AND A, 0x3F
      |      |    |  Z80:8cyc R800:2cyc
      |00063D|A636|  E6 3F
------+------+----+----------------------------------
   439|      |    |ADD A, WORK_BUF & 0x0FF
      |      |    |  Z80:8cyc R800:2cyc
      |00063F|A638|  C6 5E
------+------+----+----------------------------------
   440|      |    |LD L, A
      |      |    |  Z80:5cyc R800:2cyc
      |000641|A63A|  6F
------+------+----+----------------------------------
   441|      |    |LD H, WORK_BUF >> 8
      |      |    |  Z80:8cyc R800:2cyc
      |000642|A63B|  26 F5
------+------+----+----------------------------------
   442|      |    |LD A, [ HL ]
      |      |    |  Z80:8cyc R800:4cyc
      |000644|A63D|  7E
------+------+----+----------------------------------
   443|      |    |LD H, 0
      |      |    |  Z80:8cyc R800:2cyc
      |000645|A63E|  26 00
------+------+----+----------------------------------
   444|      |    |LD L, A
      |      |    |  Z80:5cyc R800:2cyc
      |000647|A640|  6F
------+------+----+----------------------------------
   445|      |    |RL B
      |      |    |  Z80:10cyc R800:2cyc
      |000648|A641|  CB 10
------+------+----+----------------------------------
   446|      |    |RET C
      |      |    |  Z80:12cyc/6cyc R800:5cyc/1cyc
      |00064A|A643|  D8
------+------+----+----------------------------------
   447|      |    |CPL
      |      |    |  Z80:5cyc R800:1cyc
      |00064B|A644|  2F
------+------+----+----------------------------------
   448|      |    |DEC H
      |      |    |  Z80:5cyc R800:1cyc
      |00064C|A645|  25
------+------+----+----------------------------------
   449|      |    |LD L, A
      |      |    |  Z80:5cyc R800:2cyc
      |00064D|A646|  6F
------+------+----+----------------------------------
   450|      |    |INC HL
      |      |    |  Z80:7cyc R800:1cyc
      |00064E|A647|  23
------+------+----+----------------------------------
   451|      |    |RET
      |      |    |  Z80:11cyc R800:5cyc
      |00064F|A648|  C9
------+------+----+----------------------------------
   452|      |    |_SUB_CIRCLE_SIN_SPECIAL :
      |      |    |  label [_SUB_CIRCLE_SIN_SPECIAL] address: 0x00a649
------+------+----+----------------------------------
   453|      |    |LD HL, 0
      |      |    |  Z80:11cyc R800:3cyc
      |000650|A649|  21 00 00
------+------+----+----------------------------------
   454|      |    |BIT 6, A
      |      |    |  Z80:10cyc R800:2cyc
      |000653|A64C|  CB 77
------+------+----+----------------------------------
   455|      |    |RET Z
      |      |    |  Z80:12cyc/6cyc R800:5cyc/1cyc
      |000655|A64E|  C8
------+------+----+----------------------------------
   456|      |    |INC H
      |      |    |  Z80:5cyc R800:1cyc
      |000656|A64F|  24
------+------+----+----------------------------------
   457|      |    |RLA
      |      |    |  Z80:5cyc R800:1cyc
      |000657|A650|  17
------+------+----+----------------------------------
   458|      |    |RET C
      |      |    |  Z80:12cyc/6cyc R800:5cyc/1cyc
      |000658|A651|  D8
------+------+----+----------------------------------
   459|      |    |DEC H
      |      |    |  Z80:5cyc R800:1cyc
      |000659|A652|  25
------+------+----+----------------------------------
   460|      |    |DEC H
      |      |    |  Z80:5cyc R800:1cyc
      |00065A|A653|  25
------+------+----+----------------------------------
   461|      |    |RET
      |      |    |  Z80:11cyc R800:5cyc
      |00065B|A654|  C9
------+------+----+----------------------------------
   462|      |    |END_ADDRESS :
      |      |    |  label [END_ADDRESS] address: 0x00a655
------+------+----+----------------------------------
<< label >>
BIOS_CALSLT ............................. 28 ( 0x1c )
BIOS_CHGMOD ............................. 95 ( 0x5f )
BIOS_DECMUL ............................. 10214 ( 0x27e6 )
BIOS_INT ................................ 12495 ( 0x30cf )
BIOS_LINE ............................... 22780 ( 0x58fc )
BIOS_SETATR ............................. 282 ( 0x11a )
BLIB_GET_SIN_TABLE ...................... 16606 ( 0x40de )
CALL_BLIB ............................... 41030 ( 0xa046 )
END_ADDRESS ............................. 42581 ( 0xa655 )
LD_ARG_SINGLE_REAL ...................... 41039 ( 0xa04f )
LD_DE_HL_FOR_SINGLE ..................... 41024 ( 0xa040 )
SINGLE_0 ................................ 41016 ( 0xa038 )
SINGLE_1 ................................ 41020 ( 0xa03c )
START_ADDRESS ........................... 40960 ( 0xa000 )
SUB_CIRCLE .............................. 42138 ( 0xa49a )
TEST_001_SIN_COS ........................ 41061 ( 0xa065 )
TEST_001_SIN_COS:LOOP ................... 41072 ( 0xa070 )
TEST_001_SIN_COS:RESULT_TABLE ........... 41114 ( 0xa09a )
WORK_ARG ................................ 63559 ( 0xf847 )
WORK_ASPCT1 ............................. 62475 ( 0xf40b )
WORK_ASPCT2 ............................. 62477 ( 0xf40d )
WORK_ASPECT ............................. 63793 ( 0xf931 )
WORK_BLIBSLOT ........................... 62419 ( 0xf3d3 )
WORK_BUF ................................ 62814 ( 0xf55e )
WORK_CIRCLE_CENTERX ..................... 62884 ( 0xf5a4 )
WORK_CIRCLE_CENTERY ..................... 62886 ( 0xf5a6 )
WORK_CIRCLE_CXOFF1 ...................... 62900 ( 0xf5b4 )
WORK_CIRCLE_CXOFF2 ...................... 62904 ( 0xf5b8 )
WORK_CIRCLE_CYOFF1 ...................... 62902 ( 0xf5b6 )
WORK_CIRCLE_CYOFF2 ...................... 62906 ( 0xf5ba )
WORK_CIRCLE_PREV_CXOFF1 ................. 62892 ( 0xf5ac )
WORK_CIRCLE_PREV_CXOFF2 ................. 62896 ( 0xf5b0 )
WORK_CIRCLE_PREV_CYOFF1 ................. 62894 ( 0xf5ae )
WORK_CIRCLE_PREV_CYOFF2 ................. 62898 ( 0xf5b2 )
WORK_CIRCLE_QUADRANT0 ................... 62880 ( 0xf5a0 )
WORK_CIRCLE_QUADRANT1 ................... 62881 ( 0xf5a1 )
WORK_CIRCLE_QUADRANT2 ................... 62882 ( 0xf5a2 )
WORK_CIRCLE_QUADRANT3 ................... 62883 ( 0xf5a3 )
WORK_CIRCLE_RADIUSX ..................... 62888 ( 0xf5a8 )
WORK_CIRCLE_RADIUSY ..................... 62890 ( 0xf5aa )
WORK_CIRCLE_X_SHIFT ..................... 62879 ( 0xf59f )
WORK_CPCNT .............................. 63801 ( 0xf939 )
WORK_CRCSUM ............................. 63805 ( 0xf93d )
WORK_CSCLXY ............................. 63809 ( 0xf941 )
WORK_CXOFF .............................. 63813 ( 0xf945 )
WORK_CYOFF .............................. 63815 ( 0xf947 )
WORK_DAC ................................ 63478 ( 0xf7f6 )
WORK_GXPOS .............................. 64691 ( 0xfcb3 )
WORK_GYPOS .............................. 64693 ( 0xfcb5 )
WORK_SCRMOD ............................. 64687 ( 0xfcaf )
WORK_VALTYP ............................. 63075 ( 0xf663 )
_SUB_CIRCLE_COS ......................... 42536 ( 0xa628 )
_SUB_CIRCLE_LINE_PROCESS ................ 42494 ( 0xa5fe )
_SUB_CIRCLE_MUL ......................... 42495 ( 0xa5ff )
_SUB_CIRCLE_MUL_1ST8BIT ................. 42503 ( 0xa607 )
_SUB_CIRCLE_MUL_1ST8BIT_SKIP1 ........... 42512 ( 0xa610 )
_SUB_CIRCLE_MUL_2ND8BIT ................. 42523 ( 0xa61b )
_SUB_CIRCLE_MUL_2ND8BIT_SKIP1 ........... 42528 ( 0xa620 )
_SUB_CIRCLE_QUADRANT0_PROCESS ........... 42269 ( 0xa51d )
_SUB_CIRCLE_QUADRANT1_PROCESS ........... 42282 ( 0xa52a )
_SUB_CIRCLE_QUADRANT2_PROCESS ........... 42299 ( 0xa53b )
_SUB_CIRCLE_QUADRANT3_PROCESS ........... 42315 ( 0xa54b )
_SUB_CIRCLE_QUADRANT_END ................ 42330 ( 0xa55a )
_SUB_CIRCLE_QUADRANT_PROCESS ............ 42341 ( 0xa565 )
_SUB_CIRCLE_QUADRANT_PROCESS_ADD_CX1 .... 42356 ( 0xa574 )
_SUB_CIRCLE_QUADRANT_PROCESS_ADD_CX2 .... 42432 ( 0xa5c0 )
_SUB_CIRCLE_QUADRANT_PROCESS_ADD_CY1 .... 42374 ( 0xa586 )
_SUB_CIRCLE_QUADRANT_PROCESS_ADD_CY2 .... 42450 ( 0xa5d2 )
_SUB_CIRCLE_QUADRANT_PROCESS_ADD_PCX1 ... 42394 ( 0xa59a )
_SUB_CIRCLE_QUADRANT_PROCESS_ADD_PCX2 ... 42470 ( 0xa5e6 )
_SUB_CIRCLE_QUADRANT_PROCESS_ADD_PCY1 ... 42411 ( 0xa5ab )
_SUB_CIRCLE_QUADRANT_PROCESS_ADD_PCY2 ... 42487 ( 0xa5f7 )
_SUB_CIRCLE_QUADRANT_PROCESS_SET_CX1 .... 42357 ( 0xa575 )
_SUB_CIRCLE_QUADRANT_PROCESS_SET_CX2 .... 42433 ( 0xa5c1 )
_SUB_CIRCLE_QUADRANT_PROCESS_SET_CY1 .... 42375 ( 0xa587 )
_SUB_CIRCLE_QUADRANT_PROCESS_SET_CY2 .... 42451 ( 0xa5d3 )
_SUB_CIRCLE_QUADRANT_PROCESS_SET_PCX1 ... 42395 ( 0xa59b )
_SUB_CIRCLE_QUADRANT_PROCESS_SET_PCX2 ... 42471 ( 0xa5e7 )
_SUB_CIRCLE_QUADRANT_PROCESS_SET_PCY1 ... 42412 ( 0xa5ac )
_SUB_CIRCLE_QUADRANT_PROCESS_SET_PCY2 ... 42488 ( 0xa5f8 )
_SUB_CIRCLE_QUADRANT_PROCESS_SUB_CX1 .... 42352 ( 0xa570 )
_SUB_CIRCLE_QUADRANT_PROCESS_SUB_CX2 .... 42428 ( 0xa5bc )
_SUB_CIRCLE_QUADRANT_PROCESS_SUB_CY1 .... 42370 ( 0xa582 )
_SUB_CIRCLE_QUADRANT_PROCESS_SUB_CY2 .... 42446 ( 0xa5ce )
_SUB_CIRCLE_QUADRANT_PROCESS_SUB_PCX1 ... 42390 ( 0xa596 )
_SUB_CIRCLE_QUADRANT_PROCESS_SUB_PCX2 ... 42466 ( 0xa5e2 )
_SUB_CIRCLE_QUADRANT_PROCESS_SUB_PCY1 ... 42407 ( 0xa5a7 )
_SUB_CIRCLE_QUADRANT_PROCESS_SUB_PCY2 ... 42483 ( 0xa5f3 )
_SUB_CIRCLE_SIN ......................... 42538 ( 0xa62a )
_SUB_CIRCLE_SIN_SKIP1 ................... 42550 ( 0xa636 )
_SUB_CIRCLE_SIN_SPECIAL ................. 42569 ( 0xa649 )
_SUB_CIRCLE_SKIP1 ....................... 42174 ( 0xa4be )
_SUB_CIRCLE_THETA_LOOP .................. 42205 ( 0xa4dd )
