Z80 Macro Assembler ZMA v1.0.17
=====================================================
Programmed by t.hara

  DEFS is DEFINE STRING (default).
  OUTPUT TYPE: BINARY

<< code >>
LINE# |OFFSET|ADDR|MNEMONIC
======+======+====+==================================
     7|      |    |DB 0xFE
      |000000|0000|  FE
------+------+----+----------------------------------
     8|      |    |DW START_ADDRESS
      |000001|0001|  00 C0
------+------+----+----------------------------------
     9|      |    |DW END_ADDRESS
      |000003|0003|  16 C0
------+------+----+----------------------------------
    10|      |    |DW START_ADDRESS
      |000005|0005|  00 C0
------+------+----+----------------------------------
    12|      |    |CHGMOD := 0x005F
      |      |    |  Global integer symbol [CHGMOD] = 95 (0x5f)
------+------+----+----------------------------------
    13|      |    |SETATR := 0x011A
      |      |    |  Global integer symbol [SETATR] = 282 (0x11a)
------+------+----+----------------------------------
    14|      |    |PSET := 0x57F5
      |      |    |  Global integer symbol [PSET] = 22517 (0x57f5)
------+------+----+----------------------------------
    15|      |    |GXPOS := 0xFCB3
      |      |    |  Global integer symbol [GXPOS] = 64691 (0xfcb3)
------+------+----+----------------------------------
    16|      |    |GYPOS := 0xFCB5
      |      |    |  Global integer symbol [GYPOS] = 64693 (0xfcb5)
------+------+----+----------------------------------
    18|      |    |ORG 0xC000
------+------+----+----------------------------------
    19|      |    |START_ADDRESS :
      |      |    |  label [START_ADDRESS] address: 0x00c000
------+------+----+----------------------------------
    21|      |    |LD A, 2
      |      |    |  Z80:8cyc R800:2cyc
      |000007|C000|  3E 02
------+------+----+----------------------------------
    22|      |    |CALL CHGMOD
      |      |    |  Z80:18cyc R800:5cyc
      |000009|C002|  CD 5F 00
------+------+----+----------------------------------
    24|      |    |LD A, 8
      |      |    |  Z80:8cyc R800:2cyc
      |00000C|C005|  3E 08
------+------+----+----------------------------------
    25|      |    |CALL SETATR
      |      |    |  Z80:18cyc R800:5cyc
      |00000E|C007|  CD 1A 01
------+------+----+----------------------------------
    27|      |    |LD BC, 10
      |      |    |  Z80:11cyc R800:3cyc
      |000011|C00A|  01 0A 00
------+------+----+----------------------------------
    28|      |    |LD DE, 20
      |      |    |  Z80:11cyc R800:3cyc
      |000014|C00D|  11 14 00
------+------+----+----------------------------------
    29|      |    |CALL PSET
      |      |    |  Z80:18cyc R800:5cyc
      |000017|C010|  CD F5 57
------+------+----+----------------------------------
    30|      |    |LOOP :
      |      |    |  label [LOOP] address: 0x00c013
------+------+----+----------------------------------
    31|      |    |JP LOOP
      |      |    |  Z80:11cyc R800:5cyc
      |00001A|C013|  C3 13 C0
------+------+----+----------------------------------
    32|      |    |END_ADDRESS :
      |      |    |  label [END_ADDRESS] address: 0x00c016
------+------+----+----------------------------------
<< label >>
CHGMOD .......... 95 ( 0x5f )
END_ADDRESS ..... 49174 ( 0xc016 )
GXPOS ........... 64691 ( 0xfcb3 )
GYPOS ........... 64693 ( 0xfcb5 )
LOOP ............ 49171 ( 0xc013 )
PSET ............ 22517 ( 0x57f5 )
SETATR .......... 282 ( 0x11a )
START_ADDRESS ... 49152 ( 0xc000 )
