Z80 Macro Assembler ZMA v1.0.17
=====================================================
Programmed by t.hara

  DEFS is DEFINE STRING (default).
  OUTPUT TYPE: BINARY

<< code >>
LINE# |OFFSET|ADDR|MNEMONIC
======+======+====+==================================
     8|      |    |DB 0xFE
      |000000|0000|  FE
------+------+----+----------------------------------
     9|      |    |DW START_ADDRESS
      |000001|0001|  00 C0
------+------+----+----------------------------------
    10|      |    |DW END_ADDRESS
      |000003|0003|  22 C0
------+------+----+----------------------------------
    11|      |    |DW START_ADDRESS
      |000005|0005|  00 C0
------+------+----+----------------------------------
    14|      |    |PUFOUT := 0x3426
      |      |    |  Global integer symbol [PUFOUT] = 13350 (0x3426)
------+------+----+----------------------------------
    15|      |    |DAC := 0xF7F6
      |      |    |  Global integer symbol [DAC] = 63478 (0xf7f6)
------+------+----+----------------------------------
    16|      |    |VALTYP := 0xF663
      |      |    |  Global integer symbol [VALTYP] = 63075 (0xf663)
------+------+----+----------------------------------
    18|      |    |ORG 0xC000
------+------+----+----------------------------------
    19|      |    |START_ADDRESS :
      |      |    |  label [START_ADDRESS] address: 0x00c000
------+------+----+----------------------------------
    20|      |    |LD HL, DBLVAL
      |      |    |  Z80:11cyc R800:3cyc
      |000007|C000|  21 1A C0
------+------+----+----------------------------------
    21|      |    |LD DE, DAC
      |      |    |  Z80:11cyc R800:3cyc
      |00000A|C003|  11 F6 F7
------+------+----+----------------------------------
    22|      |    |LD BC, 8
      |      |    |  Z80:11cyc R800:3cyc
      |00000D|C006|  01 08 00
------+------+----+----------------------------------
    23|      |    |LDIR
      |      |    |  Z80:23cyc/18cyc R800:7cyc
      |000010|C009|  ED B0
------+------+----+----------------------------------
    25|      |    |LD A, 8
      |      |    |  Z80:8cyc R800:2cyc
      |000012|C00B|  3E 08
------+------+----+----------------------------------
    26|      |    |LD [ VALTYP ], A
      |      |    |  Z80:14cyc R800:6cyc
      |000014|C00D|  32 63 F6
------+------+----+----------------------------------
    28|      |    |LD B, 2
      |      |    |  Z80:8cyc R800:2cyc
      |000017|C010|  06 02
------+------+----+----------------------------------
    29|      |    |LD C, 3
      |      |    |  Z80:8cyc R800:2cyc
      |000019|C012|  0E 03
------+------+----+----------------------------------
    30|      |    |LD A, 0b11010000
      |      |    |  Z80:8cyc R800:2cyc
      |00001B|C014|  3E D0
------+------+----+----------------------------------
    31|      |    |CALL PUFOUT
      |      |    |  Z80:18cyc R800:5cyc
      |00001D|C016|  CD 26 34
------+------+----+----------------------------------
    32|      |    |RET
      |      |    |  Z80:11cyc R800:5cyc
      |000020|C019|  C9
------+------+----+----------------------------------
    34|      |    |DBLVAL :
      |      |    |  label [DBLVAL] address: 0x00c01a
------+------+----+----------------------------------
    35|      |    |DB 0x00 | 0x45
      |000021|C01A|  45
------+------+----+----------------------------------
    36|      |    |DB 0x99
      |000022|C01B|  99
------+------+----+----------------------------------
    37|      |    |DB 0x99
      |000023|C01C|  99
------+------+----+----------------------------------
    38|      |    |DB 0x99
      |000024|C01D|  99
------+------+----+----------------------------------
    39|      |    |DB 0x99
      |000025|C01E|  99
------+------+----+----------------------------------
    40|      |    |DB 0x99
      |000026|C01F|  99
------+------+----+----------------------------------
    41|      |    |DB 0x99
      |000027|C020|  99
------+------+----+----------------------------------
    42|      |    |DB 0x99
      |000028|C021|  99
------+------+----+----------------------------------
    43|      |    |END_ADDRESS :
      |      |    |  label [END_ADDRESS] address: 0x00c022
------+------+----+----------------------------------
<< label >>
DAC ............. 63478 ( 0xf7f6 )
DBLVAL .......... 49178 ( 0xc01a )
END_ADDRESS ..... 49186 ( 0xc022 )
PUFOUT .......... 13350 ( 0x3426 )
START_ADDRESS ... 49152 ( 0xc000 )
VALTYP .......... 63075 ( 0xf663 )
