Z80 Macro Assembler ZMA v1.0.17
=====================================================
Programmed by t.hara

  DEFS is DEFINE STRING (default).
  OUTPUT TYPE: BINARY

<< code >>
LINE# |OFFSET|ADDR|MNEMONIC
======+======+====+==================================
     8|      |    |DB 0xFE
      |000000|0000|  FE
------+------+----+----------------------------------
     9|      |    |DW START_ADDRESS
      |000001|0001|  00 C0
------+------+----+----------------------------------
    10|      |    |DW END_ADDRESS
      |000003|0003|  1D C0
------+------+----+----------------------------------
    11|      |    |DW START_ADDRESS
      |000005|0005|  00 C0
------+------+----+----------------------------------
    14|      |    |PUFOUT := 0x3426
      |      |    |  Global integer symbol [PUFOUT] = 13350 (0x3426)
------+------+----+----------------------------------
    15|      |    |DAC := 0xF7F6
      |      |    |  Global integer symbol [DAC] = 63478 (0xf7f6)
------+------+----+----------------------------------
    16|      |    |VALTYP := 0xF663
      |      |    |  Global integer symbol [VALTYP] = 63075 (0xf663)
------+------+----+----------------------------------
    18|      |    |ORG 0xC000
------+------+----+----------------------------------
    19|      |    |START_ADDRESS :
      |      |    |  label [START_ADDRESS] address: 0x00c000
------+------+----+----------------------------------
    28|      |    |LD A, 2
      |      |    |  Z80:8cyc R800:2cyc
      |000007|C000|  3E 02
------+------+----+----------------------------------
    29|      |    |LD [ VALTYP ], A
      |      |    |  Z80:14cyc R800:6cyc
      |000009|C002|  32 63 F6
------+------+----+----------------------------------
    31|      |    |LD HL, 1234
      |      |    |  Z80:11cyc R800:3cyc
      |00000C|C005|  21 D2 04
------+------+----+----------------------------------
    32|      |    |LD [ DAC + 2 ], HL
      |      |    |  Z80:17cyc R800:7cyc
      |00000F|C008|  22 F8 F7
------+------+----+----------------------------------
    34|      |    |LD B, 2
      |      |    |  Z80:8cyc R800:2cyc
      |000012|C00B|  06 02
------+------+----+----------------------------------
    35|      |    |LD C, 3
      |      |    |  Z80:8cyc R800:2cyc
      |000014|C00D|  0E 03
------+------+----+----------------------------------
    36|      |    |LD A, 0b11010000
      |      |    |  Z80:8cyc R800:2cyc
      |000016|C00F|  3E D0
------+------+----+----------------------------------
    37|      |    |CALL PUFOUT
      |      |    |  Z80:18cyc R800:5cyc
      |000018|C011|  CD 26 34
------+------+----+----------------------------------
    38|      |    |RET
      |      |    |  Z80:11cyc R800:5cyc
      |00001B|C014|  C9
------+------+----+----------------------------------
    40|      |    |DBLVAL :
      |      |    |  label [DBLVAL] address: 0x00c015
------+------+----+----------------------------------
    41|      |    |DB 0x00 | 0x45
      |00001C|C015|  45
------+------+----+----------------------------------
    42|      |    |DB 0x99
      |00001D|C016|  99
------+------+----+----------------------------------
    43|      |    |DB 0x99
      |00001E|C017|  99
------+------+----+----------------------------------
    44|      |    |DB 0x99
      |00001F|C018|  99
------+------+----+----------------------------------
    45|      |    |DB 0x99
      |000020|C019|  99
------+------+----+----------------------------------
    46|      |    |DB 0x99
      |000021|C01A|  99
------+------+----+----------------------------------
    47|      |    |DB 0x99
      |000022|C01B|  99
------+------+----+----------------------------------
    48|      |    |DB 0x99
      |000023|C01C|  99
------+------+----+----------------------------------
    49|      |    |END_ADDRESS :
      |      |    |  label [END_ADDRESS] address: 0x00c01d
------+------+----+----------------------------------
<< label >>
DAC ............. 63478 ( 0xf7f6 )
DBLVAL .......... 49173 ( 0xc015 )
END_ADDRESS ..... 49181 ( 0xc01d )
PUFOUT .......... 13350 ( 0x3426 )
START_ADDRESS ... 49152 ( 0xc000 )
VALTYP .......... 63075 ( 0xf663 )
