Z80 Macro Assembler ZMA v1.0.17
=====================================================
Programmed by t.hara

  DEFS is DEFINE STRING (default).
  OUTPUT TYPE: BINARY

<< code >>
LINE# |OFFSET|ADDR|MNEMONIC
======+======+====+==================================
     7|      |    |DB 0xFE
      |000000|0000|  FE
------+------+----+----------------------------------
     8|      |    |DW START_ADDRESS
      |000001|0001|  00 C0
------+------+----+----------------------------------
     9|      |    |DW END_ADDRESS
      |000003|0003|  3C C0
------+------+----+----------------------------------
    10|      |    |DW START_ADDRESS
      |000005|0005|  00 C0
------+------+----+----------------------------------
    12|      |    |CHGMOD := 0x005F
      |      |    |  Global integer symbol [CHGMOD] = 95 (0x5f)
------+------+----+----------------------------------
    13|      |    |SETATR := 0x011A
      |      |    |  Global integer symbol [SETATR] = 282 (0x11a)
------+------+----+----------------------------------
    14|      |    |LINE := 0x58FC
      |      |    |  Global integer symbol [LINE] = 22780 (0x58fc)
------+------+----+----------------------------------
    15|      |    |LINEBOX := 0x58C1
      |      |    |  Global integer symbol [LINEBOX] = 22721 (0x58c1)
------+------+----+----------------------------------
    16|      |    |GXPOS := 0xFCB3
      |      |    |  Global integer symbol [GXPOS] = 64691 (0xfcb3)
------+------+----+----------------------------------
    17|      |    |GYPOS := 0xFCB5
      |      |    |  Global integer symbol [GYPOS] = 64693 (0xfcb5)
------+------+----+----------------------------------
    19|      |    |ORG 0xC000
------+------+----+----------------------------------
    20|      |    |START_ADDRESS :
      |      |    |  label [START_ADDRESS] address: 0x00c000
------+------+----+----------------------------------
    22|      |    |LD A, 2
      |      |    |  Z80:8cyc R800:2cyc
      |000007|C000|  3E 02
------+------+----+----------------------------------
    23|      |    |CALL CHGMOD
      |      |    |  Z80:18cyc R800:5cyc
      |000009|C002|  CD 5F 00
------+------+----+----------------------------------
    25|      |    |LD A, 8
      |      |    |  Z80:8cyc R800:2cyc
      |00000C|C005|  3E 08
------+------+----+----------------------------------
    26|      |    |CALL SETATR
      |      |    |  Z80:18cyc R800:5cyc
      |00000E|C007|  CD 1A 01
------+------+----+----------------------------------
    28|      |    |LD HL, 10
      |      |    |  Z80:11cyc R800:3cyc
      |000011|C00A|  21 0A 00
------+------+----+----------------------------------
    29|      |    |LD [ GXPOS ], HL
      |      |    |  Z80:17cyc R800:7cyc
      |000014|C00D|  22 B3 FC
------+------+----+----------------------------------
    30|      |    |LD HL, 20
      |      |    |  Z80:11cyc R800:3cyc
      |000017|C010|  21 14 00
------+------+----+----------------------------------
    31|      |    |LD [ GYPOS ], HL
      |      |    |  Z80:17cyc R800:7cyc
      |00001A|C013|  22 B5 FC
------+------+----+----------------------------------
    32|      |    |LD BC, 200
      |      |    |  Z80:11cyc R800:3cyc
      |00001D|C016|  01 C8 00
------+------+----+----------------------------------
    33|      |    |LD DE, 100
      |      |    |  Z80:11cyc R800:3cyc
      |000020|C019|  11 64 00
------+------+----+----------------------------------
    34|      |    |CALL LINEBOX
      |      |    |  Z80:18cyc R800:5cyc
      |000023|C01C|  CD C1 58
------+------+----+----------------------------------
    36|      |    |LD A, 1
      |      |    |  Z80:8cyc R800:2cyc
      |000026|C01F|  3E 01
------+------+----+----------------------------------
    37|      |    |CALL SETATR
      |      |    |  Z80:18cyc R800:5cyc
      |000028|C021|  CD 1A 01
------+------+----+----------------------------------
    39|      |    |LD HL, 200
      |      |    |  Z80:11cyc R800:3cyc
      |00002B|C024|  21 C8 00
------+------+----+----------------------------------
    40|      |    |LD [ GXPOS ], HL
      |      |    |  Z80:17cyc R800:7cyc
      |00002E|C027|  22 B3 FC
------+------+----+----------------------------------
    41|      |    |LD HL, 20
      |      |    |  Z80:11cyc R800:3cyc
      |000031|C02A|  21 14 00
------+------+----+----------------------------------
    42|      |    |LD [ GYPOS ], HL
      |      |    |  Z80:17cyc R800:7cyc
      |000034|C02D|  22 B5 FC
------+------+----+----------------------------------
    43|      |    |LD BC, 10
      |      |    |  Z80:11cyc R800:3cyc
      |000037|C030|  01 0A 00
------+------+----+----------------------------------
    44|      |    |LD DE, 100
      |      |    |  Z80:11cyc R800:3cyc
      |00003A|C033|  11 64 00
------+------+----+----------------------------------
    45|      |    |CALL LINE
      |      |    |  Z80:18cyc R800:5cyc
      |00003D|C036|  CD FC 58
------+------+----+----------------------------------
    46|      |    |LOOP :
      |      |    |  label [LOOP] address: 0x00c039
------+------+----+----------------------------------
    47|      |    |JP LOOP
      |      |    |  Z80:11cyc R800:5cyc
      |000040|C039|  C3 39 C0
------+------+----+----------------------------------
    48|      |    |END_ADDRESS :
      |      |    |  label [END_ADDRESS] address: 0x00c03c
------+------+----+----------------------------------
<< label >>
CHGMOD .......... 95 ( 0x5f )
END_ADDRESS ..... 49212 ( 0xc03c )
GXPOS ........... 64691 ( 0xfcb3 )
GYPOS ........... 64693 ( 0xfcb5 )
LINE ............ 22780 ( 0x58fc )
LINEBOX ......... 22721 ( 0x58c1 )
LOOP ............ 49209 ( 0xc039 )
SETATR .......... 282 ( 0x11a )
START_ADDRESS ... 49152 ( 0xc000 )
