Z80 Macro Assembler ZMA v1.0.16
=====================================================
Programmed by t.hara

  DEFS is DEFINE STRING (default).
  OUTPUT TYPE: BINARY

<< code >>
LINE# |OFFSET|ADDR|MNEMONIC
======+======+====+==================================
     7|      |    |DB 0xFE
      |000000|0000|  FE
------+------+----+----------------------------------
     8|      |    |DW START_ADDRESS
      |000001|0001|  00 C0
------+------+----+----------------------------------
     9|      |    |DW END_ADDRESS
      |000003|0003|  AE C0
------+------+----+----------------------------------
    10|      |    |DW START_ADDRESS
      |000005|0005|  00 C0
------+------+----+----------------------------------
    13|      |    |FOUT := 0x3425
      |      |    |  Global integer symbol [FOUT] = 13349 (0x3425)
------+------+----+----------------------------------
    14|      |    |DAC := 0xF7F6
      |      |    |  Global integer symbol [DAC] = 63478 (0xf7f6)
------+------+----+----------------------------------
    15|      |    |VALTYP := 0xF663
      |      |    |  Global integer symbol [VALTYP] = 63075 (0xf663)
------+------+----+----------------------------------
    17|      |    |ORG 0xC000
------+------+----+----------------------------------
    18|      |    |START_ADDRESS :
      |      |    |  label [START_ADDRESS] address: 0x00c000
------+------+----+----------------------------------
    20|      |    |LD HL, DBLVAL1
      |      |    |  Z80:11cyc R800:3cyc
      |000007|C000|  21 86 C0
------+------+----+----------------------------------
    21|      |    |LD DE, DAC
      |      |    |  Z80:11cyc R800:3cyc
      |00000A|C003|  11 F6 F7
------+------+----+----------------------------------
    22|      |    |LD BC, 8
      |      |    |  Z80:11cyc R800:3cyc
      |00000D|C006|  01 08 00
------+------+----+----------------------------------
    23|      |    |LDIR
      |      |    |  Z80:23cyc/18cyc R800:7cyc
      |000010|C009|  ED B0
------+------+----+----------------------------------
    25|      |    |LD A, 4
      |      |    |  Z80:8cyc R800:2cyc
      |000012|C00B|  3E 04
------+------+----+----------------------------------
    26|      |    |LD [ VALTYP ], A
      |      |    |  Z80:14cyc R800:6cyc
      |000014|C00D|  32 63 F6
------+------+----+----------------------------------
    28|      |    |CALL FOUT
      |      |    |  Z80:18cyc R800:5cyc
      |000017|C010|  CD 25 34
------+------+----+----------------------------------
    31|      |    |LD HL, DBLVAL1
      |      |    |  Z80:11cyc R800:3cyc
      |00001A|C013|  21 86 C0
------+------+----+----------------------------------
    32|      |    |LD DE, DAC
      |      |    |  Z80:11cyc R800:3cyc
      |00001D|C016|  11 F6 F7
------+------+----+----------------------------------
    33|      |    |LD BC, 8
      |      |    |  Z80:11cyc R800:3cyc
      |000020|C019|  01 08 00
------+------+----+----------------------------------
    34|      |    |LDIR
      |      |    |  Z80:23cyc/18cyc R800:7cyc
      |000023|C01C|  ED B0
------+------+----+----------------------------------
    36|      |    |LD A, 8
      |      |    |  Z80:8cyc R800:2cyc
      |000025|C01E|  3E 08
------+------+----+----------------------------------
    37|      |    |LD [ VALTYP ], A
      |      |    |  Z80:14cyc R800:6cyc
      |000027|C020|  32 63 F6
------+------+----+----------------------------------
    39|      |    |CALL FOUT
      |      |    |  Z80:18cyc R800:5cyc
      |00002A|C023|  CD 25 34
------+------+----+----------------------------------
    42|      |    |LD HL, DBLVAL2
      |      |    |  Z80:11cyc R800:3cyc
      |00002D|C026|  21 8E C0
------+------+----+----------------------------------
    43|      |    |LD DE, DAC
      |      |    |  Z80:11cyc R800:3cyc
      |000030|C029|  11 F6 F7
------+------+----+----------------------------------
    44|      |    |LD BC, 8
      |      |    |  Z80:11cyc R800:3cyc
      |000033|C02C|  01 08 00
------+------+----+----------------------------------
    45|      |    |LDIR
      |      |    |  Z80:23cyc/18cyc R800:7cyc
      |000036|C02F|  ED B0
------+------+----+----------------------------------
    47|      |    |LD A, 4
      |      |    |  Z80:8cyc R800:2cyc
      |000038|C031|  3E 04
------+------+----+----------------------------------
    48|      |    |LD [ VALTYP ], A
      |      |    |  Z80:14cyc R800:6cyc
      |00003A|C033|  32 63 F6
------+------+----+----------------------------------
    50|      |    |CALL FOUT
      |      |    |  Z80:18cyc R800:5cyc
      |00003D|C036|  CD 25 34
------+------+----+----------------------------------
    53|      |    |LD HL, DBLVAL2
      |      |    |  Z80:11cyc R800:3cyc
      |000040|C039|  21 8E C0
------+------+----+----------------------------------
    54|      |    |LD DE, DAC
      |      |    |  Z80:11cyc R800:3cyc
      |000043|C03C|  11 F6 F7
------+------+----+----------------------------------
    55|      |    |LD BC, 8
      |      |    |  Z80:11cyc R800:3cyc
      |000046|C03F|  01 08 00
------+------+----+----------------------------------
    56|      |    |LDIR
      |      |    |  Z80:23cyc/18cyc R800:7cyc
      |000049|C042|  ED B0
------+------+----+----------------------------------
    58|      |    |LD A, 8
      |      |    |  Z80:8cyc R800:2cyc
      |00004B|C044|  3E 08
------+------+----+----------------------------------
    59|      |    |LD [ VALTYP ], A
      |      |    |  Z80:14cyc R800:6cyc
      |00004D|C046|  32 63 F6
------+------+----+----------------------------------
    61|      |    |CALL FOUT
      |      |    |  Z80:18cyc R800:5cyc
      |000050|C049|  CD 25 34
------+------+----+----------------------------------
    64|      |    |LD HL, DBLVAL3
      |      |    |  Z80:11cyc R800:3cyc
      |000053|C04C|  21 96 C0
------+------+----+----------------------------------
    65|      |    |LD DE, DAC
      |      |    |  Z80:11cyc R800:3cyc
      |000056|C04F|  11 F6 F7
------+------+----+----------------------------------
    66|      |    |LD BC, 8
      |      |    |  Z80:11cyc R800:3cyc
      |000059|C052|  01 08 00
------+------+----+----------------------------------
    67|      |    |LDIR
      |      |    |  Z80:23cyc/18cyc R800:7cyc
      |00005C|C055|  ED B0
------+------+----+----------------------------------
    69|      |    |LD A, 2
      |      |    |  Z80:8cyc R800:2cyc
      |00005E|C057|  3E 02
------+------+----+----------------------------------
    70|      |    |LD [ VALTYP ], A
      |      |    |  Z80:14cyc R800:6cyc
      |000060|C059|  32 63 F6
------+------+----+----------------------------------
    72|      |    |CALL FOUT
      |      |    |  Z80:18cyc R800:5cyc
      |000063|C05C|  CD 25 34
------+------+----+----------------------------------
    75|      |    |LD HL, DBLVAL4
      |      |    |  Z80:11cyc R800:3cyc
      |000066|C05F|  21 9E C0
------+------+----+----------------------------------
    76|      |    |LD DE, DAC
      |      |    |  Z80:11cyc R800:3cyc
      |000069|C062|  11 F6 F7
------+------+----+----------------------------------
    77|      |    |LD BC, 8
      |      |    |  Z80:11cyc R800:3cyc
      |00006C|C065|  01 08 00
------+------+----+----------------------------------
    78|      |    |LDIR
      |      |    |  Z80:23cyc/18cyc R800:7cyc
      |00006F|C068|  ED B0
------+------+----+----------------------------------
    80|      |    |LD A, 2
      |      |    |  Z80:8cyc R800:2cyc
      |000071|C06A|  3E 02
------+------+----+----------------------------------
    81|      |    |LD [ VALTYP ], A
      |      |    |  Z80:14cyc R800:6cyc
      |000073|C06C|  32 63 F6
------+------+----+----------------------------------
    83|      |    |CALL FOUT
      |      |    |  Z80:18cyc R800:5cyc
      |000076|C06F|  CD 25 34
------+------+----+----------------------------------
    86|      |    |LD HL, DBLVAL5
      |      |    |  Z80:11cyc R800:3cyc
      |000079|C072|  21 A6 C0
------+------+----+----------------------------------
    87|      |    |LD DE, DAC
      |      |    |  Z80:11cyc R800:3cyc
      |00007C|C075|  11 F6 F7
------+------+----+----------------------------------
    88|      |    |LD BC, 8
      |      |    |  Z80:11cyc R800:3cyc
      |00007F|C078|  01 08 00
------+------+----+----------------------------------
    89|      |    |LDIR
      |      |    |  Z80:23cyc/18cyc R800:7cyc
      |000082|C07B|  ED B0
------+------+----+----------------------------------
    91|      |    |LD A, 8
      |      |    |  Z80:8cyc R800:2cyc
      |000084|C07D|  3E 08
------+------+----+----------------------------------
    92|      |    |LD [ VALTYP ], A
      |      |    |  Z80:14cyc R800:6cyc
      |000086|C07F|  32 63 F6
------+------+----+----------------------------------
    94|      |    |CALL FOUT
      |      |    |  Z80:18cyc R800:5cyc
      |000089|C082|  CD 25 34
------+------+----+----------------------------------
    95|      |    |RET
      |      |    |  Z80:11cyc R800:5cyc
      |00008C|C085|  C9
------+------+----+----------------------------------
    97|      |    |DBLVAL1 :
      |      |    |  label [DBLVAL1] address: 0x00c086
------+------+----+----------------------------------
    98|      |    |DB 0x00 | 0xC5
      |00008D|C086|  C5
------+------+----+----------------------------------
    99|      |    |DB 0x99
      |00008E|C087|  99
------+------+----+----------------------------------
   100|      |    |DB 0x99
      |00008F|C088|  99
------+------+----+----------------------------------
   101|      |    |DB 0x99
      |000090|C089|  99
------+------+----+----------------------------------
   102|      |    |DB 0x99
      |000091|C08A|  99
------+------+----+----------------------------------
   103|      |    |DB 0x99
      |000092|C08B|  99
------+------+----+----------------------------------
   104|      |    |DB 0x99
      |000093|C08C|  99
------+------+----+----------------------------------
   105|      |    |DB 0x99
      |000094|C08D|  99
------+------+----+----------------------------------
   107|      |    |DBLVAL2 :
      |      |    |  label [DBLVAL2] address: 0x00c08e
------+------+----+----------------------------------
   108|      |    |DB 0x00 | 0x45
      |000095|C08E|  45
------+------+----+----------------------------------
   109|      |    |DB 0x99
      |000096|C08F|  99
------+------+----+----------------------------------
   110|      |    |DB 0x99
      |000097|C090|  99
------+------+----+----------------------------------
   111|      |    |DB 0x99
      |000098|C091|  99
------+------+----+----------------------------------
   112|      |    |DB 0x99
      |000099|C092|  99
------+------+----+----------------------------------
   113|      |    |DB 0x99
      |00009A|C093|  99
------+------+----+----------------------------------
   114|      |    |DB 0x99
      |00009B|C094|  99
------+------+----+----------------------------------
   115|      |    |DB 0x99
      |00009C|C095|  99
------+------+----+----------------------------------
   117|      |    |DBLVAL3 :
      |      |    |  label [DBLVAL3] address: 0x00c096
------+------+----+----------------------------------
   118|      |    |DB 0x00
      |00009D|C096|  00
------+------+----+----------------------------------
   119|      |    |DB 0x00
      |00009E|C097|  00
------+------+----+----------------------------------
   120|      |    |DW 12345
      |00009F|C098|  39 30
------+------+----+----------------------------------
   121|      |    |DB 0x00
      |0000A1|C09A|  00
------+------+----+----------------------------------
   122|      |    |DB 0x00
      |0000A2|C09B|  00
------+------+----+----------------------------------
   123|      |    |DB 0x00
      |0000A3|C09C|  00
------+------+----+----------------------------------
   124|      |    |DB 0x00
      |0000A4|C09D|  00
------+------+----+----------------------------------
   126|      |    |DBLVAL4 :
      |      |    |  label [DBLVAL4] address: 0x00c09e
------+------+----+----------------------------------
   127|      |    |DB 0x00
      |0000A5|C09E|  00
------+------+----+----------------------------------
   128|      |    |DB 0x00
      |0000A6|C09F|  00
------+------+----+----------------------------------
   129|      |    |DW - 100
      |0000A7|C0A0|  9C FF
------+------+----+----------------------------------
   130|      |    |DB 0x00
      |0000A9|C0A2|  00
------+------+----+----------------------------------
   131|      |    |DB 0x00
      |0000AA|C0A3|  00
------+------+----+----------------------------------
   132|      |    |DB 0x00
      |0000AB|C0A4|  00
------+------+----+----------------------------------
   133|      |    |DB 0x00
      |0000AC|C0A5|  00
------+------+----+----------------------------------
   135|      |    |DBLVAL5 :
      |      |    |  label [DBLVAL5] address: 0x00c0a6
------+------+----+----------------------------------
   136|      |    |DB 0x00 | 0x7F
      |0000AD|C0A6|  7F
------+------+----+----------------------------------
   137|      |    |DB 0x99
      |0000AE|C0A7|  99
------+------+----+----------------------------------
   138|      |    |DB 0x99
      |0000AF|C0A8|  99
------+------+----+----------------------------------
   139|      |    |DB 0x99
      |0000B0|C0A9|  99
------+------+----+----------------------------------
   140|      |    |DB 0x99
      |0000B1|C0AA|  99
------+------+----+----------------------------------
   141|      |    |DB 0x99
      |0000B2|C0AB|  99
------+------+----+----------------------------------
   142|      |    |DB 0x99
      |0000B3|C0AC|  99
------+------+----+----------------------------------
   143|      |    |DB 0x99
      |0000B4|C0AD|  99
------+------+----+----------------------------------
   144|      |    |END_ADDRESS :
      |      |    |  label [END_ADDRESS] address: 0x00c0ae
------+------+----+----------------------------------
<< label >>
DAC ............. 63478 ( 0xf7f6 )
DBLVAL1 ......... 49286 ( 0xc086 )
DBLVAL2 ......... 49294 ( 0xc08e )
DBLVAL3 ......... 49302 ( 0xc096 )
DBLVAL4 ......... 49310 ( 0xc09e )
DBLVAL5 ......... 49318 ( 0xc0a6 )
END_ADDRESS ..... 49326 ( 0xc0ae )
FOUT ............ 13349 ( 0x3425 )
START_ADDRESS ... 49152 ( 0xc000 )
VALTYP .......... 63075 ( 0xf663 )
